#
# A fatal error has been detected by the Java Runtime Environment:
#
#  SIGBUS (0xa) at pc=0x0000000113b954f0, pid=20148, tid=30215
#
# JRE version: Java(TM) SE Runtime Environment (17.0.7+8) (build 17.0.7+8-LTS-224)
# Java VM: Java HotSpot(TM) 64-Bit Server VM (17.0.7+8-LTS-224, mixed mode, sharing, tiered, compressed oops, compressed class ptrs, g1 gc, bsd-aarch64)
# Problematic frame:
# v  ~StubRoutines::SafeFetchN
#
# No core dump will be written. Core dumps have been disabled. To enable core dumping, try "ulimit -c unlimited" before starting Java again
#
# If you would like to submit a bug report, please visit:
#   https://bugreport.java.com/bugreport/crash.jsp
# The crash happened outside the Java Virtual Machine in native code.
# See problematic frame for where to report the bug.
#

---------------  S U M M A R Y ------------

Command Line: -javaagent:/Applications/IntelliJ IDEA CE.app/Contents/lib/idea_rt.jar=64918:/Applications/IntelliJ IDEA CE.app/Contents/bin -Dfile.encoding=UTF-8 --module-path=/Users/junyeopkim/Desktop/dbp4/airman/target/classes:/Users/junyeopkim/.m2/repository/org/openjfx/javafx-controls/17.0.1/javafx-controls-17.0.1-mac-aarch64.jar:/Users/junyeopkim/.m2/repository/org/openjfx/javafx-base/17.0.1/javafx-base-17.0.1-mac-aarch64.jar:/Users/junyeopkim/.m2/repository/org/openjfx/javafx-fxml/17.0.1/javafx-fxml-17.0.1-mac-aarch64.jar:/Users/junyeopkim/.m2/repository/org/openjfx/javafx-graphics/17.0.1/javafx-graphics-17.0.1-mac-aarch64.jar -Djdk.module.main=com.example.airman com.example.airman/com.example.airman.AirlineManagement

Host: "MacBookPro17,1" arm64 1 MHz, 8 cores, 16G, Darwin 21.4.0, macOS 12.3.1 (21E258)
Time: Tue Apr 25 00:11:06 2023 EDT elapsed time: 3.431267 seconds (0d 0h 0m 3s)

---------------  T H R E A D  ---------------

Current thread (0x00000001578c4400):  JavaThread "InvokeLaterDispatcher" daemon [_thread_in_native, id=30215, stack(0x000000016fb90000,0x000000016fd93000)]

Stack: [0x000000016fb90000,0x000000016fd93000],  sp=0x000000016fd927b0,  free space=2057k
Native frames: (J=compiled Java code, j=interpreted, Vv=VM code, C=native code)
v  ~StubRoutines::SafeFetchN
V  [libjvm.dylib+0x7aaddc]  _ZN10OopStorage7releaseEPKP7oopDesc+0x20
V  [libjvm.dylib+0x4bce70]  jni_DeleteGlobalRef+0xc4
C  [libglass.dylib+0xab08]  -[GlassRunnable dealloc]+0x34
C  [Foundation+0x85618]  -[_NSThreadPerformInfo dealloc]+0x30
C  [Foundation+0x5198c]  -[NSObject(NSThreadPerformAdditions) performSelectorOnMainThread:withObject:waitUntilDone:]+0x88
C  0xf836800113b9d8ac
j  com.sun.glass.ui.mac.MacApplication.submitForLaterInvocation(Ljava/lang/Runnable;)V+2 javafx.graphics
j  com.sun.glass.ui.InvokeLaterDispatcher.run()V+82 javafx.graphics
v  ~StubRoutines::call_stub
V  [libjvm.dylib+0x464a38]  _ZN9JavaCalls11call_helperEP9JavaValueRK12methodHandleP17JavaCallArgumentsP10JavaThread+0x38c
V  [libjvm.dylib+0x463a54]  _ZN9JavaCalls12call_virtualEP9JavaValueP5KlassP6SymbolS5_P17JavaCallArgumentsP10JavaThread+0x11c
V  [libjvm.dylib+0x463b20]  _ZN9JavaCalls12call_virtualEP9JavaValue6HandleP5KlassP6SymbolS6_P10JavaThread+0x64
V  [libjvm.dylib+0x516e78]  _ZL12thread_entryP10JavaThreadS0_+0xc4
V  [libjvm.dylib+0x913e18]  _ZN10JavaThread17thread_main_innerEv+0x148
V  [libjvm.dylib+0x912714]  _ZN6Thread8call_runEv+0x128
V  [libjvm.dylib+0x7b1ab0]  _ZL19thread_native_entryP6Thread+0x158
C  [libsystem_pthread.dylib+0x726c]  _pthread_start+0x94

Java frames: (J=compiled Java code, j=interpreted, Vv=VM code)
j  com.sun.glass.ui.mac.MacApplication._submitForLaterInvocation(Ljava/lang/Runnable;)V+0 javafx.graphics
j  com.sun.glass.ui.mac.MacApplication.submitForLaterInvocation(Ljava/lang/Runnable;)V+2 javafx.graphics
j  com.sun.glass.ui.InvokeLaterDispatcher.run()V+82 javafx.graphics
v  ~StubRoutines::call_stub

siginfo: si_signo: 10 (SIGBUS), si_code: 1 (BUS_ADRALN), si_addr: 0x0000000113b954f0

Register to memory mapping:

 x0=0x0000000155e06a48 is a global jni handle
 x1=0x0 is NULL
 x2=0x000000070ea8cf50 is an oop: com.sun.glass.ui.InvokeLaterDispatcher$Future 
{0x000000070ea8cf50} - klass: 'com/sun/glass/ui/InvokeLaterDispatcher$Future'
 - ---- fields (total size 3 words):
 - private 'done' 'Z' @12  true
 - private final 'runnable' 'Ljava/lang/Runnable;' @16  a 'com/sun/javafx/tk/quantum/QuantumToolkit$$Lambda$85+0x0000000800c39120'{0x000000070e85de78} (e1d0bbcf)
 - final synthetic 'this$0' 'Lcom/sun/glass/ui/InvokeLaterDispatcher;' @20  a 'com/sun/glass/ui/InvokeLaterDispatcher'{0x000000070e815e50} (e1d02bca)
 x3=0x0 is NULL
 x4=0x00000000000130a8 is an unknown value
 x5=0x0 is NULL
 x6=0x0 is NULL
 x7=0x0 is NULL
 x8=0x0000000113b954ec is at begin+0 in a stub
StubRoutines::SafeFetchN [0x0000000113b954ec, 0x0000000113b954f8] (12 bytes)
 x9=0x0 is NULL
x10=0x2010000030300000 is an unknown value
x11=0x0000000000000007 is an unknown value
x12=0x0000000000000004 is an unknown value
x13=0x0000600003e93210 points into unknown readable memory: 0x2f1f000185b37c40 | 40 7c b3 85 01 00 1f 2f
x14=0x0000080000000000 is an unknown value
x15=0x00000001266a5f98: OBJC_CLASS_$_GlassRunnable+0 in /Users/junyeopkim/.openjfx/cache/17.0.1/libglass.dylib at 0x0000000126660000
x16=0x0000000185ca10fc: pthread_getspecific+0 in /usr/lib/system/libsystem_pthread.dylib at 0x0000000185c9f000
x17=0x0000600003b90620 points into unknown readable memory: 0xfffffffffffffffe | fe ff ff ff ff ff ff ff
x18=0x0 is NULL
x19=0x0000600003b94380 points into unknown readable memory: 0x0000600001291250 | 50 12 29 01 00 60 00 00
x20=0x0000000155e06840 points into unknown readable memory: 0x0000000000000000 | 00 00 00 00 00 00 00 00
x21=0x0000000155e06a48 is a global jni handle
x22=0x00000001578c4400 is a thread
x23=0x0000000000000001 is an unknown value
x24=0x0000000155e06a00 is a global jni handle
x25=0x0000000104af87b0: _ZN12StubRoutines17_safefetchN_entryE+0 in /Library/Java/JavaVirtualMachines/jdk-17.jdk/Contents/Home/lib/server/libjvm.dylib at 0x0000000103f50000
x26=0x0000000126d18ab8 is pointing into metadata
x27=0x0 is NULL
x28=0x00000001578c4400 is a thread


Registers:
 x0=0x0000000155e06a48  x1=0x0000000000000000  x2=0x000000070ea8cf50  x3=0x0000000000000000
 x4=0x00000000000130a8  x5=0x0000000000000000  x6=0x0000000000000000  x7=0x0000000000000000
 x8=0x0000000113b954ec  x9=0x0000000000000000 x10=0x2010000030300000 x11=0x0000000000000007
x12=0x0000000000000004 x13=0x0000600003e93210 x14=0x0000080000000000 x15=0x00000001266a5f98
x16=0x0000000185ca10fc x17=0x0000600003b90620 x18=0x0000000000000000 x19=0x0000600003b94380
x20=0x0000000155e06840 x21=0x0000000155e06a48 x22=0x00000001578c4400 x23=0x0000000000000001
x24=0x0000000155e06a00 x25=0x0000000104af87b0 x26=0x0000000126d18ab8 x27=0x0000000000000000
x28=0x00000001578c4400  fp=0x000000016fd927f0  lr=0x00000001046f9bac  sp=0x000000016fd927b0
pc=0x0000000113b954f0 cpsr=0x0000000060001000
Top of Stack: (sp=0x000000016fd927b0)
0x000000016fd927b0:   0000000126d18ab8 0000000000000001
0x000000016fd927c0:   000000016fd929a8 0000600001295870
0x000000016fd927d0:   0000000000000000 0000000155e06a30
0x000000016fd927e0:   0000000155e06a30 0000600003b94380
0x000000016fd927f0:   000000016fd92830 00000001046faddc
0x000000016fd92800:   0000000000000001 0000000155e06a30
0x000000016fd92810:   0000000000000000 0000000155e06a30
0x000000016fd92820:   0000000000000001 0000000156086400
0x000000016fd92830:   000000016fd92860 000000010440ce70
0x000000016fd92840:   0000600001295a50 00000001cfd66be0
0x000000016fd92850:   0000000000000000 0000600001295a50
0x000000016fd92860:   000000016fd92890 000000012666ab08
0x000000016fd92870:   782b40b169ea0019 0000000000000000
0x000000016fd92880:   0000000000000000 00006000005ed5c0
0x000000016fd92890:   000000016fd928d0 0000000186c6e618
0x000000016fd928a0:   000000016fd929a8 0000600001295870
0x000000016fd928b0:   0000600001295a50 782b40b169ea0019
0x000000016fd928c0:   0000000000000000 0000000000000000
0x000000016fd928d0:   000000016fd92910 d72b000186c3a98c
0x000000016fd928e0:   000000016fd929a8 0000000113b9c7c0
0x000000016fd928f0:   0000000000000000 0000000104b00188
0x000000016fd92900:   000000016fd92920 0000000113b9b730
0x000000016fd92910:   000000016fd92980 f836800113b9d8ac
0x000000016fd92920:   0000000000000000 000000070e61e870
0x000000016fd92930:   000000016fd92930 0000000000000000
0x000000016fd92940:   000000016fd929a8 0000000126d18ab8
0x000000016fd92950:   000000070e85d668 0000000000000000
0x000000016fd92960:   0000000000000000 0000000126cf7138
0x000000016fd92970:   0000000000000000 000000016fd92980
0x000000016fd92980:   000000016fd92a00 0000000113b99fc8
0x000000016fd92990:   0000000000000000 0000000000000000
0x000000016fd929a0:   000000070ea8cf50 000000070e85d6e0 

Instructions: (pc=0x0000000113b954f0)
0x0000000113b953f0:   f2a09589 f2c00029 6d425935 1e640886
0x0000000113b95400:   0c402d31 1e6408c7 1f5654d0 1e6c1017
0x0000000113b95410:   1f5050d0 1f504cd0 1f5048d0 1e650af6
0x0000000113b95420:   1f50d8f6 1f5694d6 1f5158f6 1e762880
0x0000000113b95430:   36000501 1e614000 14000026 2e251ca5
0x0000000113b95440:   d29c3009 f2a09589 f2c00029 6d425d36
0x0000000113b95450:   1e600806 0c402d32 1f5758c7 1e6c101a
0x0000000113b95460:   1f4754c7 1e650805 1f4750c7 d2866668
0x0000000113b95470:   f2a7fa68 1f474cc7 1e6608c0 1f4748c7
0x0000000113b95480:   1e6e1019 eb08007f 540000ac 1f479400
0x0000000113b95490:   1f460340 1e603b20 1400000e d2a7fd29
0x0000000113b954a0:   eb09007f 540000ac 51480069 d3607d29
0x0000000113b954b0:   9e670121 14000002 1e6a5001 1f679417
0x0000000113b954c0:   1f668742 1e613b23 1e773857 1e773860
0x0000000113b954d0:   a8c17ff3 910003bf a8c17bfd d65f03c0
0x0000000113b954e0:   b9400001 aa0103e0 d65f03c0 f9400001
0x0000000113b954f0:   aa0103e0 d65f03c0 00000000 00000000
0x0000000113b95500:   00000000 00000000 00000000 00000000
0x0000000113b95510:   00000000 00000000 00000000 00000000
0x0000000113b95520:   00000000 00000000 00000000 00000000
0x0000000113b95530:   00000000 00000000 00000000 00000000
0x0000000113b95540:   00000000 00000000 00000000 00000000
0x0000000113b95550:   00000000 00000000 00000000 00000000
0x0000000113b95560:   00000000 00000000 00000000 00000000
0x0000000113b95570:   00000000 00000000 00000000 00000000
0x0000000113b95580:   00000000 00000000 00000000 00000000
0x0000000113b95590:   00000000 00000000 00000000 00000000
0x0000000113b955a0:   00000000 00000000 00000000 00000000
0x0000000113b955b0:   00000000 00000000 00000000 00000000
0x0000000113b955c0:   00000000 00000000 00000000 00000000
0x0000000113b955d0:   00000000 00000000 00000000 00000000
0x0000000113b955e0:   00000000 00000000 00000000 00000000 


Stack slot to memory mapping:
stack at sp + 0 slots: 0x0000000126d18ab8 is pointing into metadata
stack at sp + 1 slots: 0x0000000000000001 is an unknown value
stack at sp + 2 slots: 0x000000016fd929a8 is pointing into the stack for thread: 0x00000001578c4400
stack at sp + 3 slots: 0x0000600001295870 points into unknown readable memory: 0x01000001de452011 | 11 20 45 de 01 00 00 01
stack at sp + 4 slots: 0x0 is NULL
stack at sp + 5 slots: 0x0000000155e06a30 is a global jni handle
stack at sp + 6 slots: 0x0000000155e06a30 is a global jni handle
stack at sp + 7 slots: 0x0000600003b94380 points into unknown readable memory: 0x0000600001291250 | 50 12 29 01 00 60 00 00

StubRoutines::SafeFetchN [0x0000000113b954ec, 0x0000000113b954f8] (12 bytes)
[MachCode]
  0x0000000113b954ec: 0100 40f9 | e003 01aa | c003 5fd6 
[/MachCode]

---------------  P R O C E S S  ---------------

Threads class SMR info:
_java_thread_list=0x000060000103ba60, length=20, elements={
0x0000000147008200, 0x000000014702f000, 0x00000001468ad000, 0x0000000156026200,
0x0000000156016400, 0x0000000156016a00, 0x0000000156017000, 0x0000000156017600,
0x0000000156017c00, 0x0000000156030000, 0x000000015700f600, 0x0000000157009c00,
0x000000015781d600, 0x00000001578c4400, 0x0000000156086400, 0x000000015611d200,
0x0000000147244e00, 0x00000001578f9000, 0x00000001472bf000, 0x0000000156151a00
}

Java Threads: ( => current thread )
  0x0000000147008200 JavaThread "main" [_thread_blocked, id=5891, stack(0x000000016d188000,0x000000016d38b000)]
  0x000000014702f000 JavaThread "Reference Handler" daemon [_thread_blocked, id=15363, stack(0x000000016dfdc000,0x000000016e1df000)]
  0x00000001468ad000 JavaThread "Finalizer" daemon [_thread_blocked, id=16387, stack(0x000000016e1e8000,0x000000016e3eb000)]
  0x0000000156026200 JavaThread "Signal Dispatcher" daemon [_thread_blocked, id=23299, stack(0x000000016e50c000,0x000000016e70f000)]
  0x0000000156016400 JavaThread "Service Thread" daemon [_thread_blocked, id=23811, stack(0x000000016e718000,0x000000016e91b000)]
  0x0000000156016a00 JavaThread "Monitor Deflation Thread" daemon [_thread_blocked, id=42499, stack(0x000000016e924000,0x000000016eb27000)]
  0x0000000156017000 JavaThread "C2 CompilerThread0" daemon [_thread_blocked, id=41987, stack(0x000000016eb30000,0x000000016ed33000)]
  0x0000000156017600 JavaThread "C1 CompilerThread0" daemon [_thread_blocked, id=24323, stack(0x000000016ed3c000,0x000000016ef3f000)]
  0x0000000156017c00 JavaThread "Sweeper thread" daemon [_thread_blocked, id=24579, stack(0x000000016ef48000,0x000000016f14b000)]
  0x0000000156030000 JavaThread "Common-Cleaner" daemon [_thread_blocked, id=41475, stack(0x000000016f154000,0x000000016f357000)]
  0x000000015700f600 JavaThread "Monitor Ctrl-Break" daemon [_thread_in_native, id=25091, stack(0x000000016f360000,0x000000016f563000)]
  0x0000000157009c00 JavaThread "Notification Thread" daemon [_thread_blocked, id=25347, stack(0x000000016f56c000,0x000000016f76f000)]
  0x000000015781d600 JavaThread "QuantumRenderer-0" daemon [_thread_blocked, id=26115, stack(0x000000016f984000,0x000000016fb87000)]
=>0x00000001578c4400 JavaThread "InvokeLaterDispatcher" daemon [_thread_in_native, id=30215, stack(0x000000016fb90000,0x000000016fd93000)]
  0x0000000156086400 JavaThread "JavaFX Application Thread" [_thread_in_vm, id=259, stack(0x000000016c900000,0x000000016d0fc000)]
  0x000000015611d200 JavaThread "PulseTimer-CVDisplayLink thread" daemon [_thread_in_native, id=52227, stack(0x000000016fd9c000,0x000000016fe1f000)]
  0x0000000147244e00 JavaThread "JavaFX-Launcher" [_thread_blocked, id=55307, stack(0x0000000288090000,0x0000000288293000)]
  0x00000001578f9000 JavaThread "Prism Font Disposer" daemon [_thread_blocked, id=71179, stack(0x0000000288cd8000,0x0000000288edb000)]
  0x00000001472bf000 JavaThread "Cleaner-0" daemon [_thread_blocked, id=173583, stack(0x0000000288ffc000,0x00000002891ff000)]
  0x0000000156151a00 JavaThread "Attach Listener" daemon [_thread_blocked, id=1319, stack(0x0000000289208000,0x000000028940b000)]

Other Threads:
  0x0000000156907cf0 VMThread "VM Thread" [stack: 0x000000016ddd0000,0x000000016dfd3000] [id=17411]
  0x000000015681b0f0 WatcherThread [stack: 0x000000016f778000,0x000000016f97b000] [id=25859]
  0x0000000156906e80 GCTaskThread "GC Thread#0" [stack: 0x000000016d394000,0x000000016d597000] [id=12291]
  0x0000000135e08450 GCTaskThread "GC Thread#1" [stack: 0x000000028829c000,0x000000028849f000] [id=57863]
  0x0000000155f177f0 GCTaskThread "GC Thread#2" [stack: 0x00000002884a8000,0x00000002886ab000] [id=73219]
  0x0000000155f17e90 GCTaskThread "GC Thread#3" [stack: 0x00000002886b4000,0x00000002888b7000] [id=72707]
  0x0000000155f18700 GCTaskThread "GC Thread#4" [stack: 0x00000002888c0000,0x0000000288ac3000] [id=58627]
  0x0000000155f18f70 GCTaskThread "GC Thread#5" [stack: 0x0000000288acc000,0x0000000288ccf000] [id=71939]
  0x0000000145e04320 ConcurrentGCThread "G1 Main Marker" [stack: 0x000000016d5a0000,0x000000016d7a3000] [id=12547]
  0x0000000145e04ba0 ConcurrentGCThread "G1 Conc#0" [stack: 0x000000016d7ac000,0x000000016d9af000] [id=19203]
  0x0000000135f05c40 ConcurrentGCThread "G1 Refine#0" [stack: 0x000000016d9b8000,0x000000016dbbb000] [id=13827]
  0x0000000135f064e0 ConcurrentGCThread "G1 Service" [stack: 0x000000016dbc4000,0x000000016ddc7000] [id=18691]

Threads with active compile tasks:

VM state: not at safepoint (normal execution)

VM Mutex/Monitor currently owned by a thread: None

Heap address: 0x0000000700000000, size: 4096 MB, Compressed Oops mode: Zero based, Oop shift amount: 3

CDS archive(s) mapped at: [0x0000000800000000-0x0000000800bd8000-0x0000000800bd8000), size 12419072, SharedBaseAddress: 0x0000000800000000, ArchiveRelocationMode: 0.
Compressed class space mapped at: 0x0000000800c00000-0x0000000840c00000, reserved size: 1073741824
Narrow klass base: 0x0000000800000000, Narrow klass shift: 0, Narrow klass range: 0x100000000

GC Precious Log:
 CPUs: 8 total, 8 available
 Memory: 16384M
 Large Page Support: Disabled
 NUMA Support: Disabled
 Compressed Oops: Enabled (Zero based)
 Heap Region Size: 2M
 Heap Min Capacity: 8M
 Heap Initial Capacity: 256M
 Heap Max Capacity: 4G
 Pre-touch: Disabled
 Parallel Workers: 8
 Concurrent Workers: 2
 Concurrent Refinement Workers: 8
 Periodic GC: Disabled

Heap:
 garbage-first heap   total 266240K, used 33834K [0x0000000700000000, 0x0000000800000000)
  region size 2048K, 16 young (32768K), 2 survivors (4096K)
 Metaspace       used 13138K, committed 13376K, reserved 1064960K
  class space    used 1973K, committed 2112K, reserved 1048576K

Heap Regions: E=young(eden), S=young(survivor), O=old, HS=humongous(starts), HC=humongous(continues), CS=collection set, F=free, OA=open archive, CA=closed archive, TAMS=top-at-mark-start (previous, next)
|   0|0x0000000700000000, 0x0000000700200000, 0x0000000700200000|100%|HS|  |TAMS 0x0000000700000000, 0x0000000700000000| Complete 
|   1|0x0000000700200000, 0x0000000700200000, 0x0000000700400000|  0%| F|  |TAMS 0x0000000700200000, 0x0000000700200000| Untracked 
|   2|0x0000000700400000, 0x0000000700400000, 0x0000000700600000|  0%| F|  |TAMS 0x0000000700400000, 0x0000000700400000| Untracked 
|   3|0x0000000700600000, 0x0000000700600000, 0x0000000700800000|  0%| F|  |TAMS 0x0000000700600000, 0x0000000700600000| Untracked 
|   4|0x0000000700800000, 0x0000000700800000, 0x0000000700a00000|  0%| F|  |TAMS 0x0000000700800000, 0x0000000700800000| Untracked 
|   5|0x0000000700a00000, 0x0000000700a00000, 0x0000000700c00000|  0%| F|  |TAMS 0x0000000700a00000, 0x0000000700a00000| Untracked 
|   6|0x0000000700c00000, 0x0000000700c00000, 0x0000000700e00000|  0%| F|  |TAMS 0x0000000700c00000, 0x0000000700c00000| Untracked 
|   7|0x0000000700e00000, 0x0000000700e00000, 0x0000000701000000|  0%| F|  |TAMS 0x0000000700e00000, 0x0000000700e00000| Untracked 
|   8|0x0000000701000000, 0x0000000701000000, 0x0000000701200000|  0%| F|  |TAMS 0x0000000701000000, 0x0000000701000000| Untracked 
|   9|0x0000000701200000, 0x0000000701200000, 0x0000000701400000|  0%| F|  |TAMS 0x0000000701200000, 0x0000000701200000| Untracked 
|  10|0x0000000701400000, 0x0000000701400000, 0x0000000701600000|  0%| F|  |TAMS 0x0000000701400000, 0x0000000701400000| Untracked 
|  11|0x0000000701600000, 0x0000000701600000, 0x0000000701800000|  0%| F|  |TAMS 0x0000000701600000, 0x0000000701600000| Untracked 
|  12|0x0000000701800000, 0x0000000701800000, 0x0000000701a00000|  0%| F|  |TAMS 0x0000000701800000, 0x0000000701800000| Untracked 
|  13|0x0000000701a00000, 0x0000000701a00000, 0x0000000701c00000|  0%| F|  |TAMS 0x0000000701a00000, 0x0000000701a00000| Untracked 
|  14|0x0000000701c00000, 0x0000000701c00000, 0x0000000701e00000|  0%| F|  |TAMS 0x0000000701c00000, 0x0000000701c00000| Untracked 
|  15|0x0000000701e00000, 0x0000000701e00000, 0x0000000702000000|  0%| F|  |TAMS 0x0000000701e00000, 0x0000000701e00000| Untracked 
|  16|0x0000000702000000, 0x0000000702000000, 0x0000000702200000|  0%| F|  |TAMS 0x0000000702000000, 0x0000000702000000| Untracked 
|  17|0x0000000702200000, 0x0000000702200000, 0x0000000702400000|  0%| F|  |TAMS 0x0000000702200000, 0x0000000702200000| Untracked 
|  18|0x0000000702400000, 0x0000000702400000, 0x0000000702600000|  0%| F|  |TAMS 0x0000000702400000, 0x0000000702400000| Untracked 
|  19|0x0000000702600000, 0x0000000702600000, 0x0000000702800000|  0%| F|  |TAMS 0x0000000702600000, 0x0000000702600000| Untracked 
|  20|0x0000000702800000, 0x0000000702800000, 0x0000000702a00000|  0%| F|  |TAMS 0x0000000702800000, 0x0000000702800000| Untracked 
|  21|0x0000000702a00000, 0x0000000702a00000, 0x0000000702c00000|  0%| F|  |TAMS 0x0000000702a00000, 0x0000000702a00000| Untracked 
|  22|0x0000000702c00000, 0x0000000702c00000, 0x0000000702e00000|  0%| F|  |TAMS 0x0000000702c00000, 0x0000000702c00000| Untracked 
|  23|0x0000000702e00000, 0x0000000702e00000, 0x0000000703000000|  0%| F|  |TAMS 0x0000000702e00000, 0x0000000702e00000| Untracked 
|  24|0x0000000703000000, 0x0000000703000000, 0x0000000703200000|  0%| F|  |TAMS 0x0000000703000000, 0x0000000703000000| Untracked 
|  25|0x0000000703200000, 0x0000000703200000, 0x0000000703400000|  0%| F|  |TAMS 0x0000000703200000, 0x0000000703200000| Untracked 
|  26|0x0000000703400000, 0x0000000703400000, 0x0000000703600000|  0%| F|  |TAMS 0x0000000703400000, 0x0000000703400000| Untracked 
|  27|0x0000000703600000, 0x0000000703600000, 0x0000000703800000|  0%| F|  |TAMS 0x0000000703600000, 0x0000000703600000| Untracked 
|  28|0x0000000703800000, 0x0000000703800000, 0x0000000703a00000|  0%| F|  |TAMS 0x0000000703800000, 0x0000000703800000| Untracked 
|  29|0x0000000703a00000, 0x0000000703a00000, 0x0000000703c00000|  0%| F|  |TAMS 0x0000000703a00000, 0x0000000703a00000| Untracked 
|  30|0x0000000703c00000, 0x0000000703c00000, 0x0000000703e00000|  0%| F|  |TAMS 0x0000000703c00000, 0x0000000703c00000| Untracked 
|  31|0x0000000703e00000, 0x0000000703e00000, 0x0000000704000000|  0%| F|  |TAMS 0x0000000703e00000, 0x0000000703e00000| Untracked 
|  32|0x0000000704000000, 0x0000000704000000, 0x0000000704200000|  0%| F|  |TAMS 0x0000000704000000, 0x0000000704000000| Untracked 
|  33|0x0000000704200000, 0x0000000704200000, 0x0000000704400000|  0%| F|  |TAMS 0x0000000704200000, 0x0000000704200000| Untracked 
|  34|0x0000000704400000, 0x0000000704400000, 0x0000000704600000|  0%| F|  |TAMS 0x0000000704400000, 0x0000000704400000| Untracked 
|  35|0x0000000704600000, 0x0000000704600000, 0x0000000704800000|  0%| F|  |TAMS 0x0000000704600000, 0x0000000704600000| Untracked 
|  36|0x0000000704800000, 0x0000000704800000, 0x0000000704a00000|  0%| F|  |TAMS 0x0000000704800000, 0x0000000704800000| Untracked 
|  37|0x0000000704a00000, 0x0000000704a00000, 0x0000000704c00000|  0%| F|  |TAMS 0x0000000704a00000, 0x0000000704a00000| Untracked 
|  38|0x0000000704c00000, 0x0000000704c00000, 0x0000000704e00000|  0%| F|  |TAMS 0x0000000704c00000, 0x0000000704c00000| Untracked 
|  39|0x0000000704e00000, 0x0000000704e00000, 0x0000000705000000|  0%| F|  |TAMS 0x0000000704e00000, 0x0000000704e00000| Untracked 
|  40|0x0000000705000000, 0x0000000705000000, 0x0000000705200000|  0%| F|  |TAMS 0x0000000705000000, 0x0000000705000000| Untracked 
|  41|0x0000000705200000, 0x0000000705200000, 0x0000000705400000|  0%| F|  |TAMS 0x0000000705200000, 0x0000000705200000| Untracked 
|  42|0x0000000705400000, 0x0000000705400000, 0x0000000705600000|  0%| F|  |TAMS 0x0000000705400000, 0x0000000705400000| Untracked 
|  43|0x0000000705600000, 0x0000000705600000, 0x0000000705800000|  0%| F|  |TAMS 0x0000000705600000, 0x0000000705600000| Untracked 
|  44|0x0000000705800000, 0x0000000705800000, 0x0000000705a00000|  0%| F|  |TAMS 0x0000000705800000, 0x0000000705800000| Untracked 
|  45|0x0000000705a00000, 0x0000000705a00000, 0x0000000705c00000|  0%| F|  |TAMS 0x0000000705a00000, 0x0000000705a00000| Untracked 
|  46|0x0000000705c00000, 0x0000000705c00000, 0x0000000705e00000|  0%| F|  |TAMS 0x0000000705c00000, 0x0000000705c00000| Untracked 
|  47|0x0000000705e00000, 0x0000000705e00000, 0x0000000706000000|  0%| F|  |TAMS 0x0000000705e00000, 0x0000000705e00000| Untracked 
|  48|0x0000000706000000, 0x0000000706000000, 0x0000000706200000|  0%| F|  |TAMS 0x0000000706000000, 0x0000000706000000| Untracked 
|  49|0x0000000706200000, 0x0000000706200000, 0x0000000706400000|  0%| F|  |TAMS 0x0000000706200000, 0x0000000706200000| Untracked 
|  50|0x0000000706400000, 0x0000000706400000, 0x0000000706600000|  0%| F|  |TAMS 0x0000000706400000, 0x0000000706400000| Untracked 
|  51|0x0000000706600000, 0x0000000706600000, 0x0000000706800000|  0%| F|  |TAMS 0x0000000706600000, 0x0000000706600000| Untracked 
|  52|0x0000000706800000, 0x0000000706800000, 0x0000000706a00000|  0%| F|  |TAMS 0x0000000706800000, 0x0000000706800000| Untracked 
|  53|0x0000000706a00000, 0x0000000706a00000, 0x0000000706c00000|  0%| F|  |TAMS 0x0000000706a00000, 0x0000000706a00000| Untracked 
|  54|0x0000000706c00000, 0x0000000706c00000, 0x0000000706e00000|  0%| F|  |TAMS 0x0000000706c00000, 0x0000000706c00000| Untracked 
|  55|0x0000000706e00000, 0x0000000706e00000, 0x0000000707000000|  0%| F|  |TAMS 0x0000000706e00000, 0x0000000706e00000| Untracked 
|  56|0x0000000707000000, 0x0000000707000000, 0x0000000707200000|  0%| F|  |TAMS 0x0000000707000000, 0x0000000707000000| Untracked 
|  57|0x0000000707200000, 0x0000000707200000, 0x0000000707400000|  0%| F|  |TAMS 0x0000000707200000, 0x0000000707200000| Untracked 
|  58|0x0000000707400000, 0x0000000707400000, 0x0000000707600000|  0%| F|  |TAMS 0x0000000707400000, 0x0000000707400000| Untracked 
|  59|0x0000000707600000, 0x0000000707600000, 0x0000000707800000|  0%| F|  |TAMS 0x0000000707600000, 0x0000000707600000| Untracked 
|  60|0x0000000707800000, 0x0000000707800000, 0x0000000707a00000|  0%| F|  |TAMS 0x0000000707800000, 0x0000000707800000| Untracked 
|  61|0x0000000707a00000, 0x0000000707a00000, 0x0000000707c00000|  0%| F|  |TAMS 0x0000000707a00000, 0x0000000707a00000| Untracked 
|  62|0x0000000707c00000, 0x0000000707c00000, 0x0000000707e00000|  0%| F|  |TAMS 0x0000000707c00000, 0x0000000707c00000| Untracked 
|  63|0x0000000707e00000, 0x0000000707e00000, 0x0000000708000000|  0%| F|  |TAMS 0x0000000707e00000, 0x0000000707e00000| Untracked 
|  64|0x0000000708000000, 0x0000000708000000, 0x0000000708200000|  0%| F|  |TAMS 0x0000000708000000, 0x0000000708000000| Untracked 
|  65|0x0000000708200000, 0x0000000708200000, 0x0000000708400000|  0%| F|  |TAMS 0x0000000708200000, 0x0000000708200000| Untracked 
|  66|0x0000000708400000, 0x0000000708400000, 0x0000000708600000|  0%| F|  |TAMS 0x0000000708400000, 0x0000000708400000| Untracked 
|  67|0x0000000708600000, 0x0000000708600000, 0x0000000708800000|  0%| F|  |TAMS 0x0000000708600000, 0x0000000708600000| Untracked 
|  68|0x0000000708800000, 0x0000000708800000, 0x0000000708a00000|  0%| F|  |TAMS 0x0000000708800000, 0x0000000708800000| Untracked 
|  69|0x0000000708a00000, 0x0000000708a00000, 0x0000000708c00000|  0%| F|  |TAMS 0x0000000708a00000, 0x0000000708a00000| Untracked 
|  70|0x0000000708c00000, 0x0000000708c00000, 0x0000000708e00000|  0%| F|  |TAMS 0x0000000708c00000, 0x0000000708c00000| Untracked 
|  71|0x0000000708e00000, 0x0000000708e00000, 0x0000000709000000|  0%| F|  |TAMS 0x0000000708e00000, 0x0000000708e00000| Untracked 
|  72|0x0000000709000000, 0x0000000709000000, 0x0000000709200000|  0%| F|  |TAMS 0x0000000709000000, 0x0000000709000000| Untracked 
|  73|0x0000000709200000, 0x0000000709200000, 0x0000000709400000|  0%| F|  |TAMS 0x0000000709200000, 0x0000000709200000| Untracked 
|  74|0x0000000709400000, 0x0000000709400000, 0x0000000709600000|  0%| F|  |TAMS 0x0000000709400000, 0x0000000709400000| Untracked 
|  75|0x0000000709600000, 0x0000000709600000, 0x0000000709800000|  0%| F|  |TAMS 0x0000000709600000, 0x0000000709600000| Untracked 
|  76|0x0000000709800000, 0x0000000709800000, 0x0000000709a00000|  0%| F|  |TAMS 0x0000000709800000, 0x0000000709800000| Untracked 
|  77|0x0000000709a00000, 0x0000000709a00000, 0x0000000709c00000|  0%| F|  |TAMS 0x0000000709a00000, 0x0000000709a00000| Untracked 
|  78|0x0000000709c00000, 0x0000000709c00000, 0x0000000709e00000|  0%| F|  |TAMS 0x0000000709c00000, 0x0000000709c00000| Untracked 
|  79|0x0000000709e00000, 0x0000000709e00000, 0x000000070a000000|  0%| F|  |TAMS 0x0000000709e00000, 0x0000000709e00000| Untracked 
|  80|0x000000070a000000, 0x000000070a000000, 0x000000070a200000|  0%| F|  |TAMS 0x000000070a000000, 0x000000070a000000| Untracked 
|  81|0x000000070a200000, 0x000000070a200000, 0x000000070a400000|  0%| F|  |TAMS 0x000000070a200000, 0x000000070a200000| Untracked 
|  82|0x000000070a400000, 0x000000070a400000, 0x000000070a600000|  0%| F|  |TAMS 0x000000070a400000, 0x000000070a400000| Untracked 
|  83|0x000000070a600000, 0x000000070a600000, 0x000000070a800000|  0%| F|  |TAMS 0x000000070a600000, 0x000000070a600000| Untracked 
|  84|0x000000070a800000, 0x000000070a800000, 0x000000070aa00000|  0%| F|  |TAMS 0x000000070a800000, 0x000000070a800000| Untracked 
|  85|0x000000070aa00000, 0x000000070aa00000, 0x000000070ac00000|  0%| F|  |TAMS 0x000000070aa00000, 0x000000070aa00000| Untracked 
|  86|0x000000070ac00000, 0x000000070ac00000, 0x000000070ae00000|  0%| F|  |TAMS 0x000000070ac00000, 0x000000070ac00000| Untracked 
|  87|0x000000070ae00000, 0x000000070ae00000, 0x000000070b000000|  0%| F|  |TAMS 0x000000070ae00000, 0x000000070ae00000| Untracked 
|  88|0x000000070b000000, 0x000000070b000000, 0x000000070b200000|  0%| F|  |TAMS 0x000000070b000000, 0x000000070b000000| Untracked 
|  89|0x000000070b200000, 0x000000070b200000, 0x000000070b400000|  0%| F|  |TAMS 0x000000070b200000, 0x000000070b200000| Untracked 
|  90|0x000000070b400000, 0x000000070b400000, 0x000000070b600000|  0%| F|  |TAMS 0x000000070b400000, 0x000000070b400000| Untracked 
|  91|0x000000070b600000, 0x000000070b600000, 0x000000070b800000|  0%| F|  |TAMS 0x000000070b600000, 0x000000070b600000| Untracked 
|  92|0x000000070b800000, 0x000000070b800000, 0x000000070ba00000|  0%| F|  |TAMS 0x000000070b800000, 0x000000070b800000| Untracked 
|  93|0x000000070ba00000, 0x000000070ba00000, 0x000000070bc00000|  0%| F|  |TAMS 0x000000070ba00000, 0x000000070ba00000| Untracked 
|  94|0x000000070bc00000, 0x000000070bc00000, 0x000000070be00000|  0%| F|  |TAMS 0x000000070bc00000, 0x000000070bc00000| Untracked 
|  95|0x000000070be00000, 0x000000070be00000, 0x000000070c000000|  0%| F|  |TAMS 0x000000070be00000, 0x000000070be00000| Untracked 
|  96|0x000000070c000000, 0x000000070c000000, 0x000000070c200000|  0%| F|  |TAMS 0x000000070c000000, 0x000000070c000000| Untracked 
|  97|0x000000070c200000, 0x000000070c200000, 0x000000070c400000|  0%| F|  |TAMS 0x000000070c200000, 0x000000070c200000| Untracked 
|  98|0x000000070c400000, 0x000000070c400000, 0x000000070c600000|  0%| F|  |TAMS 0x000000070c400000, 0x000000070c400000| Untracked 
|  99|0x000000070c600000, 0x000000070c600000, 0x000000070c800000|  0%| F|  |TAMS 0x000000070c600000, 0x000000070c600000| Untracked 
| 100|0x000000070c800000, 0x000000070c800000, 0x000000070ca00000|  0%| F|  |TAMS 0x000000070c800000, 0x000000070c800000| Untracked 
| 101|0x000000070ca00000, 0x000000070ca00000, 0x000000070cc00000|  0%| F|  |TAMS 0x000000070ca00000, 0x000000070ca00000| Untracked 
| 102|0x000000070cc00000, 0x000000070cc00000, 0x000000070ce00000|  0%| F|  |TAMS 0x000000070cc00000, 0x000000070cc00000| Untracked 
| 103|0x000000070ce00000, 0x000000070ce00000, 0x000000070d000000|  0%| F|  |TAMS 0x000000070ce00000, 0x000000070ce00000| Untracked 
| 104|0x000000070d000000, 0x000000070d000000, 0x000000070d200000|  0%| F|  |TAMS 0x000000070d000000, 0x000000070d000000| Untracked 
| 105|0x000000070d200000, 0x000000070d200000, 0x000000070d400000|  0%| F|  |TAMS 0x000000070d200000, 0x000000070d200000| Untracked 
| 106|0x000000070d400000, 0x000000070d400000, 0x000000070d600000|  0%| F|  |TAMS 0x000000070d400000, 0x000000070d400000| Untracked 
| 107|0x000000070d600000, 0x000000070d600000, 0x000000070d800000|  0%| F|  |TAMS 0x000000070d600000, 0x000000070d600000| Untracked 
| 108|0x000000070d800000, 0x000000070d800000, 0x000000070da00000|  0%| F|  |TAMS 0x000000070d800000, 0x000000070d800000| Untracked 
| 109|0x000000070da00000, 0x000000070da00000, 0x000000070dc00000|  0%| F|  |TAMS 0x000000070da00000, 0x000000070da00000| Untracked 
| 110|0x000000070dc00000, 0x000000070dc00000, 0x000000070de00000|  0%| F|  |TAMS 0x000000070dc00000, 0x000000070dc00000| Untracked 
| 111|0x000000070de00000, 0x000000070de00000, 0x000000070e000000|  0%| F|  |TAMS 0x000000070de00000, 0x000000070de00000| Untracked 
| 112|0x000000070e000000, 0x000000070e162d28, 0x000000070e200000| 69%| E|  |TAMS 0x000000070e000000, 0x000000070e000000| Complete 
| 113|0x000000070e200000, 0x000000070e400000, 0x000000070e400000|100%| E|CS|TAMS 0x000000070e200000, 0x000000070e200000| Complete 
| 114|0x000000070e400000, 0x000000070e600000, 0x000000070e600000|100%| E|CS|TAMS 0x000000070e400000, 0x000000070e400000| Complete 
| 115|0x000000070e600000, 0x000000070e712a98, 0x000000070e800000| 53%| S|CS|TAMS 0x000000070e600000, 0x000000070e600000| Complete 
| 116|0x000000070e800000, 0x000000070ea00000, 0x000000070ea00000|100%| S|CS|TAMS 0x000000070e800000, 0x000000070e800000| Complete 
| 117|0x000000070ea00000, 0x000000070ec00000, 0x000000070ec00000|100%| E|CS|TAMS 0x000000070ea00000, 0x000000070ea00000| Complete 
| 118|0x000000070ec00000, 0x000000070ee00000, 0x000000070ee00000|100%| E|CS|TAMS 0x000000070ec00000, 0x000000070ec00000| Complete 
| 119|0x000000070ee00000, 0x000000070f000000, 0x000000070f000000|100%| E|CS|TAMS 0x000000070ee00000, 0x000000070ee00000| Complete 
| 120|0x000000070f000000, 0x000000070f200000, 0x000000070f200000|100%| E|CS|TAMS 0x000000070f000000, 0x000000070f000000| Complete 
| 121|0x000000070f200000, 0x000000070f400000, 0x000000070f400000|100%| E|CS|TAMS 0x000000070f200000, 0x000000070f200000| Complete 
| 122|0x000000070f400000, 0x000000070f600000, 0x000000070f600000|100%| E|CS|TAMS 0x000000070f400000, 0x000000070f400000| Complete 
| 123|0x000000070f600000, 0x000000070f800000, 0x000000070f800000|100%| E|CS|TAMS 0x000000070f600000, 0x000000070f600000| Complete 
| 124|0x000000070f800000, 0x000000070fa00000, 0x000000070fa00000|100%| E|CS|TAMS 0x000000070f800000, 0x000000070f800000| Complete 
| 125|0x000000070fa00000, 0x000000070fc00000, 0x000000070fc00000|100%| E|CS|TAMS 0x000000070fa00000, 0x000000070fa00000| Complete 
| 126|0x000000070fc00000, 0x000000070fe00000, 0x000000070fe00000|100%| E|CS|TAMS 0x000000070fc00000, 0x000000070fc00000| Complete 
| 127|0x000000070fe00000, 0x0000000710000000, 0x0000000710000000|100%| E|CS|TAMS 0x000000070fe00000, 0x000000070fe00000| Complete 
|2046|0x00000007ffc00000, 0x00000007ffd78000, 0x00000007ffe00000| 73%|OA|  |TAMS 0x00000007ffc00000, 0x00000007ffc00000| Untracked 
|2047|0x00000007ffe00000, 0x00000007ffe80000, 0x0000000800000000| 25%|CA|  |TAMS 0x00000007ffe00000, 0x00000007ffe00000| Untracked 

Card table byte_map: [0x000000011b660000,0x000000011be60000] _byte_map_base: 0x0000000117e60000

Marking Bits (Prev, Next): (CMBitMap*) 0x0000000146008610, (CMBitMap*) 0x0000000146008650
 Prev Bits: [0x000000011c660000, 0x0000000120660000)
 Next Bits: [0x0000000120660000, 0x0000000124660000)

Polling page: 0x0000000102e8c000

Metaspace:

Usage:
  Non-class:     10.90 MB used.
      Class:      1.93 MB used.
       Both:     12.83 MB used.

Virtual space:
  Non-class space:       16.00 MB reserved,      11.00 MB ( 69%) committed,  2 nodes.
      Class space:        1.00 GB reserved,       2.06 MB ( <1%) committed,  1 nodes.
             Both:        1.02 GB reserved,      13.06 MB (  1%) committed. 

Chunk freelists:
   Non-Class:  288.00 KB
       Class:  1.86 MB
        Both:  2.14 MB

MaxMetaspaceSize: unlimited
CompressedClassSpaceSize: 1.00 GB
Initial GC threshold: 21.00 MB
Current GC threshold: 21.00 MB
CDS: on
MetaspaceReclaimPolicy: balanced
 - commit_granule_bytes: 65536.
 - commit_granule_words: 8192.
 - virtual_space_node_default_size: 1048576.
 - enlarge_chunks_in_place: 1.
 - new_chunks_are_fully_committed: 0.
 - uncommit_free_chunks: 1.
 - use_allocation_guard: 0.
 - handle_deallocations: 1.


Internal statistics:

num_allocs_failed_limit: 0.
num_arena_births: 146.
num_arena_deaths: 0.
num_vsnodes_births: 3.
num_vsnodes_deaths: 0.
num_space_committed: 209.
num_space_uncommitted: 0.
num_chunks_returned_to_freelist: 0.
num_chunks_taken_from_freelist: 555.
num_chunk_merges: 0.
num_chunk_splits: 397.
num_chunks_enlarged: 330.
num_purges: 0.
num_inconsistent_stats: 0.

CodeHeap 'non-profiled nmethods': size=120032Kb used=600Kb max_used=600Kb free=119431Kb
 bounds [0x0000000114128000, 0x0000000114398000, 0x000000011b660000]
CodeHeap 'profiled nmethods': size=120016Kb used=2969Kb max_used=2969Kb free=117046Kb
 bounds [0x000000010c660000, 0x000000010c950000, 0x0000000113b94000]
CodeHeap 'non-nmethods': size=5712Kb used=1378Kb max_used=1440Kb free=4333Kb
 bounds [0x0000000113b94000, 0x0000000113e04000, 0x0000000114128000]
 total_blobs=2439 nmethods=1689 adapters=667
 compilation: enabled
              stopped_count=0, restarted_count=0
 full_count=0

Compilation events (20 events):
Event: 3.300 Thread 0x0000000156017600 1740       3       com.sun.javafx.geom.transform.AffineBase::isTranslateOrIdentity (22 bytes)
Event: 3.300 Thread 0x0000000156017600 nmethod 1740 0x000000010c944f10 code [0x000000010c945100, 0x000000010c9455b8]
Event: 3.300 Thread 0x0000000156017600 1741       1       com.sun.prism.impl.BaseGraphics::getCameraNoClone (5 bytes)
Event: 3.300 Thread 0x0000000156017600 nmethod 1741 0x00000001141bd090 code [0x00000001141bd200, 0x00000001141bd298]
Event: 3.301 Thread 0x0000000156017600 1742       1       com.sun.prism.impl.BaseGraphics::isState3D (5 bytes)
Event: 3.301 Thread 0x0000000156017600 nmethod 1742 0x00000001141bd390 code [0x00000001141bd500, 0x00000001141bd598]
Event: 3.301 Thread 0x0000000156017600 1743       1       javafx.scene.layout.Background::getFills (5 bytes)
Event: 3.301 Thread 0x0000000156017600 nmethod 1743 0x00000001141bd690 code [0x00000001141bd800, 0x00000001141bd898]
Event: 3.302 Thread 0x0000000156017600 1744       1       com.sun.prism.impl.BaseGraphics::setDepthTest (6 bytes)
Event: 3.302 Thread 0x0000000156017600 nmethod 1744 0x00000001141bd990 code [0x00000001141bdb00, 0x00000001141bdb98]
Event: 3.302 Thread 0x0000000156017600 1745       1       com.sun.javafx.sg.prism.NGNode::getOpacity (5 bytes)
Event: 3.302 Thread 0x0000000156017600 nmethod 1745 0x00000001141bdc90 code [0x00000001141bde00, 0x00000001141bde98]
Event: 3.302 Thread 0x0000000156017600 1746       3       com.sun.javafx.geom.transform.AffineBase::isIdentity (20 bytes)
Event: 3.302 Thread 0x0000000156017600 nmethod 1746 0x000000010c945710 code [0x000000010c945900, 0x000000010c945db8]
Event: 3.303 Thread 0x0000000156017600 1748       3       com.sun.prism.es2.GLContext::getBoundTexture (10 bytes)
Event: 3.303 Thread 0x0000000156017600 nmethod 1748 0x000000010c945f10 code [0x000000010c9460c0, 0x000000010c946218]
Event: 3.303 Thread 0x0000000156017600 1747       1       com.sun.prism.impl.BaseGraphics::getClipRectNoClone (5 bytes)
Event: 3.303 Thread 0x0000000156017600 nmethod 1747 0x00000001141bdf90 code [0x00000001141be100, 0x00000001141be198]
Event: 3.314 Thread 0x0000000156017600 1749       3       java.util.concurrent.atomic.AtomicBoolean::set (14 bytes)
Event: 3.314 Thread 0x0000000156017600 nmethod 1749 0x000000010c946310 code [0x000000010c9464c0, 0x000000010c946618]

GC Heap History (2 events):
Event: 0.453 GC heap before
{Heap before GC invocations=0 (full 0):
 garbage-first heap   total 266240K, used 24544K [0x0000000700000000, 0x0000000800000000)
  region size 2048K, 11 young (22528K), 0 survivors (0K)
 Metaspace       used 6500K, committed 6656K, reserved 1056768K
  class space    used 809K, committed 896K, reserved 1048576K
}
Event: 0.456 GC heap after
{Heap after GC invocations=1 (full 0):
 garbage-first heap   total 266240K, used 5162K [0x0000000700000000, 0x0000000800000000)
  region size 2048K, 2 young (4096K), 2 survivors (4096K)
 Metaspace       used 6500K, committed 6656K, reserved 1056768K
  class space    used 809K, committed 896K, reserved 1048576K
}

Deoptimization events (20 events):
Event: 0.624 Thread 0x0000000156086400 Uncommon trap: trap_request=0xffffff45 fr.pc=0x00000001141367cc relative=0x000000000000018c
Event: 0.624 Thread 0x0000000156086400 Uncommon trap: reason=unstable_if action=reinterpret pc=0x00000001141367cc method=java.lang.String.isLatin1()Z @ 10 c2
Event: 0.624 Thread 0x0000000156086400 DEOPT PACKING pc=0x00000001141367cc sp=0x000000016d0f5d60
Event: 0.624 Thread 0x0000000156086400 DEOPT UNPACKING pc=0x0000000113bd2d1c sp=0x000000016d0f5c90 mode 2
Event: 0.635 Thread 0x0000000156086400 Uncommon trap: trap_request=0xffffffde fr.pc=0x000000011413ce88 relative=0x0000000000000148
Event: 0.635 Thread 0x0000000156086400 Uncommon trap: reason=class_check action=maybe_recompile pc=0x000000011413ce88 method=java.lang.String.equals(Ljava/lang/Object;)Z @ 8 c2
Event: 0.635 Thread 0x0000000156086400 DEOPT PACKING pc=0x000000011413ce88 sp=0x000000016d0f5fd0
Event: 0.635 Thread 0x0000000156086400 DEOPT UNPACKING pc=0x0000000113bd2d1c sp=0x000000016d0f5f70 mode 2
Event: 0.750 Thread 0x000000015781d600 DEOPT PACKING pc=0x000000010c791404 sp=0x000000016fb84fb0
Event: 0.750 Thread 0x000000015781d600 DEOPT UNPACKING pc=0x0000000113bd2b7c sp=0x000000016fb84c80 mode 3
Event: 0.750 Thread 0x000000015781d600 DEOPT PACKING pc=0x000000010c7a58d8 sp=0x000000016fb85010
Event: 0.750 Thread 0x000000015781d600 DEOPT UNPACKING pc=0x0000000113bd2b7c sp=0x000000016fb84ce0 mode 3
Event: 1.235 Thread 0x0000000156151a00 Uncommon trap: trap_request=0xffffff45 fr.pc=0x000000011417a9e8 relative=0x0000000000000de8
Event: 1.235 Thread 0x0000000156151a00 Uncommon trap: reason=unstable_if action=reinterpret pc=0x000000011417a9e8 method=java.util.concurrent.ConcurrentHashMap.putVal(Ljava/lang/Object;Ljava/lang/Object;Z)Ljava/lang/Object; @ 148 c2
Event: 1.235 Thread 0x0000000156151a00 DEOPT PACKING pc=0x000000011417a9e8 sp=0x00000002894098e0
Event: 1.235 Thread 0x0000000156151a00 DEOPT UNPACKING pc=0x0000000113bd2d1c sp=0x00000002894097f0 mode 2
Event: 1.236 Thread 0x0000000156151a00 Uncommon trap: trap_request=0xffffff45 fr.pc=0x0000000114135ab8 relative=0x00000000000000f8
Event: 1.236 Thread 0x0000000156151a00 Uncommon trap: reason=unstable_if action=reinterpret pc=0x0000000114135ab8 method=java.lang.StringLatin1.lastIndexOf([BI[BII)I @ 86 c2
Event: 1.236 Thread 0x0000000156151a00 DEOPT PACKING pc=0x0000000114135ab8 sp=0x00000002894098d0
Event: 1.236 Thread 0x0000000156151a00 DEOPT UNPACKING pc=0x0000000113bd2d1c sp=0x0000000289409830 mode 2

Classes unloaded (0 events):
No events

Classes redefined (0 events):
No events

Internal exceptions (20 events):
Event: 0.424 Thread 0x0000000156086400 Exception <a 'java/lang/NoSuchMethodError'{0x000000070ec74248}: 'java.lang.Object java.lang.invoke.DirectMethodHandle$Holder.invokeStaticInit(java.lang.Object, java.lang.Object, java.lang.Object, java.lang.Object)'> (0x000000070ec74248) 
thrown [open/src/hotspot/share/interpreter/linkResolver.cpp, line 759]
Event: 0.424 Thread 0x0000000156086400 Exception <a 'java/lang/NullPointerException'{0x000000070ec80290}> (0x000000070ec80290) 
thrown [open/src/hotspot/share/interpreter/linkResolver.cpp, line 1350]
Event: 0.480 Thread 0x0000000156086400 Exception <a 'java/lang/NoSuchMethodError'{0x000000070fc5b6f8}: 'void java.lang.invoke.DirectMethodHandle$Holder.invokeStaticInit(java.lang.Object, java.lang.Object)'> (0x000000070fc5b6f8) 
thrown [open/src/hotspot/share/interpreter/linkResolver.cpp, line 759]
Event: 0.483 Thread 0x0000000156086400 Exception <a 'java/lang/NoSuchMethodError'{0x000000070fcbc520}: 'void java.lang.invoke.DirectMethodHandle$Holder.invokeSpecial(java.lang.Object, java.lang.Object, java.lang.Object, java.lang.Object, java.lang.Object)'> (0x000000070fcbc520) 
thrown [open/src/hotspot/share/interpreter/linkResolver.cpp, line 759]
Event: 0.503 Thread 0x0000000156086400 Exception <a 'sun/nio/fs/UnixException'{0x000000070fb4de30}> (0x000000070fb4de30) 
thrown [open/src/hotspot/share/prims/jni.cpp, line 516]
Event: 0.509 Thread 0x0000000156086400 Implicit null exception at 0x0000000114169ae8 to 0x0000000114169b78
Event: 0.515 Thread 0x0000000156086400 Implicit null exception at 0x000000011416ff40 to 0x0000000114170430
Event: 0.516 Thread 0x0000000156086400 Implicit null exception at 0x000000011416d9c0 to 0x000000011416dea8
Event: 0.632 Thread 0x0000000156086400 Exception <a 'java/lang/NoSuchMethodError'{0x000000070f215140}: 'java.lang.Object java.lang.invoke.DirectMethodHandle$Holder.invokeInterface(java.lang.Object, java.lang.Object, java.lang.Object)'> (0x000000070f215140) 
thrown [open/src/hotspot/share/interpreter/linkResolver.cpp, line 759]
Event: 0.632 Thread 0x0000000156086400 Exception <a 'java/lang/IncompatibleClassChangeError'{0x000000070f218ac8}: Found class java.lang.Object, but interface was expected> (0x000000070f218ac8) 
thrown [open/src/hotspot/share/interpreter/linkResolver.cpp, line 826]
Event: 0.649 Thread 0x0000000156086400 Exception <a 'java/lang/ClassNotFoundException'{0x000000070f034750}: com/sun/javafx/scene/control/skin/resources/controls> (0x000000070f034750) 
thrown [open/src/hotspot/share/prims/jni.cpp, line 535]
Event: 0.649 Thread 0x0000000156086400 Exception <a 'java/lang/ClassNotFoundException'{0x000000070f0426f0}: com/sun/javafx/scene/control/skin/resources/controls_en> (0x000000070f0426f0) 
thrown [open/src/hotspot/share/prims/jni.cpp, line 535]
Event: 0.649 Thread 0x0000000156086400 Exception <a 'java/lang/ClassNotFoundException'{0x000000070f043688}: com/sun/javafx/scene/control/skin/resources/controls_en_US> (0x000000070f043688) 
thrown [open/src/hotspot/share/prims/jni.cpp, line 535]
Event: 0.664 Thread 0x0000000156086400 Exception <a 'java/lang/NoSuchMethodError'{0x000000070f1fb938}: 'void java.lang.invoke.DirectMethodHandle$Holder.invokeSpecial(java.lang.Object, java.lang.Object, java.lang.Object, java.lang.Object, java.lang.Object, java.lang.Object)'> (0x000000070f1fb938) 
thrown [open/src/hotspot/share/interpreter/linkResolver.cpp, line 759]
Event: 0.695 Thread 0x0000000156086400 Exception <a 'java/lang/NoSuchMethodError'{0x000000070edad850}: 'java.lang.Object java.lang.invoke.DirectMethodHandle$Holder.newInvokeSpecial(java.lang.Object, java.lang.Object, int)'> (0x000000070edad850) 
thrown [open/src/hotspot/share/interpreter/linkResolver.cpp, line 759]
Event: 0.737 Thread 0x000000015781d600 Exception <a 'java/lang/NoSuchMethodError'{0x000000070eb7b728}: 'int java.lang.invoke.DirectMethodHandle$Holder.invokeStaticInit(java.lang.Object, java.lang.Object)'> (0x000000070eb7b728) 
thrown [open/src/hotspot/share/interpreter/linkResolver.cpp, line 759]
Event: 0.751 Thread 0x0000000156086400 Exception <a 'java/lang/NoSuchMethodError'{0x000000070e41fff0}: 'long java.lang.invoke.DirectMethodHandle$Holder.invokeStatic(java.lang.Object, java.lang.Object, java.lang.Object)'> (0x000000070e41fff0) 
thrown [open/src/hotspot/share/interpreter/linkResolver.cpp, line 759]
Event: 0.751 Thread 0x0000000156086400 Exception <a 'java/lang/NoSuchMethodError'{0x000000070e423798}: 'long java.lang.invoke.DirectMethodHandle$Holder.invokeStaticInit(java.lang.Object, java.lang.Object, java.lang.Object)'> (0x000000070e423798) 
thrown [open/src/hotspot/share/interpreter/linkResolver.cpp, line 759]
Event: 0.752 Thread 0x0000000156086400 Exception <a 'java/lang/NoSuchMethodError'{0x000000070e43b3a0}: 'java.lang.Object java.lang.invoke.DirectMethodHandle$Holder.newInvokeSpecial(java.lang.Object, java.lang.Object, long)'> (0x000000070e43b3a0) 
thrown [open/src/hotspot/share/interpreter/linkResolver.cpp, line 759]
Event: 0.752 Thread 0x0000000156086400 Exception <a 'java/lang/NoSuchMethodError'{0x000000070e43ec68}: 'java.lang.Object java.lang.invoke.Invokers$Holder.linkToTargetMethod(java.lang.Object, long, java.lang.Object)'> (0x000000070e43ec68) 
thrown [open/src/hotspot/share/interpreter/linkResolver.cpp, line 759]

VM Operations (20 events):
Event: 0.110 Executing VM operation: HandshakeAllThreads
Event: 0.110 Executing VM operation: HandshakeAllThreads done
Event: 0.123 Executing VM operation: HandshakeAllThreads
Event: 0.123 Executing VM operation: HandshakeAllThreads done
Event: 0.251 Executing VM operation: ICBufferFull
Event: 0.251 Executing VM operation: ICBufferFull done
Event: 0.445 Executing VM operation: HandshakeAllThreads
Event: 0.445 Executing VM operation: HandshakeAllThreads done
Event: 0.453 Executing VM operation: G1CollectForAllocation
Event: 0.456 Executing VM operation: G1CollectForAllocation done
Event: 0.624 Executing VM operation: HandshakeAllThreads
Event: 0.624 Executing VM operation: HandshakeAllThreads done
Event: 0.657 Executing VM operation: ICBufferFull
Event: 0.657 Executing VM operation: ICBufferFull done
Event: 1.231 Executing VM operation: ICBufferFull
Event: 1.231 Executing VM operation: ICBufferFull done
Event: 2.236 Executing VM operation: Cleanup
Event: 2.236 Executing VM operation: Cleanup done
Event: 3.241 Executing VM operation: Cleanup
Event: 3.241 Executing VM operation: Cleanup done

Events (20 events):
Event: 1.966 loading class sun/util/locale/provider/BreakIteratorProviderImpl
Event: 1.966 loading class sun/util/locale/provider/BreakIteratorProviderImpl done
Event: 1.966 loading class sun/text/resources/BreakIteratorInfo
Event: 1.966 loading class sun/text/resources/BreakIteratorInfo done
Event: 1.966 loading class sun/text/resources/BreakIteratorResources
Event: 1.966 loading class sun/util/resources/BreakIteratorResourceBundle
Event: 1.966 loading class sun/util/resources/BreakIteratorResourceBundle done
Event: 1.966 loading class sun/text/resources/BreakIteratorResources done
Event: 1.966 loading class sun/text/resources/BreakIteratorResources_en
Event: 1.966 loading class sun/text/resources/BreakIteratorResources_en done
Event: 1.966 loading class sun/text/resources/BreakIteratorResources_en_US
Event: 1.966 loading class sun/text/resources/BreakIteratorResources_en_US done
Event: 1.967 loading class sun/text/RuleBasedBreakIterator
Event: 1.967 loading class sun/text/RuleBasedBreakIterator done
Event: 1.968 loading class sun/text/CompactByteArray
Event: 1.968 loading class sun/text/CompactByteArray done
Event: 1.968 loading class sun/text/SupplementaryCharacterData
Event: 1.968 loading class sun/text/SupplementaryCharacterData done
Event: 1.968 loading class java/text/BreakIterator$BreakIteratorCache
Event: 1.968 loading class java/text/BreakIterator$BreakIteratorCache done


Dynamic libraries:
0x0000000102e3c000 	/Library/Java/JavaVirtualMachines/jdk-17.jdk/Contents/Home/lib/libjli.dylib
0x000000019c642000 	/System/Library/Frameworks/Cocoa.framework/Versions/A/Cocoa
0x000000018888e000 	/System/Library/Frameworks/AppKit.framework/Versions/C/AppKit
0x000000018bd94000 	/System/Library/Frameworks/CoreData.framework/Versions/A/CoreData
0x0000000186be9000 	/System/Library/Frameworks/Foundation.framework/Versions/C/Foundation
0x00000001907eb000 	/usr/lib/libSystem.B.dylib
0x0000000189746000 	/System/Library/PrivateFrameworks/UIFoundation.framework/Versions/A/UIFoundation
0x0000000196823000 	/System/Library/PrivateFrameworks/RemoteViewServices.framework/Versions/A/RemoteViewServices
0x000000018eca9000 	/System/Library/PrivateFrameworks/XCTTargetBootstrap.framework/Versions/A/XCTTargetBootstrap
0x0000000192527000 	/System/Library/PrivateFrameworks/InternationalSupport.framework/Versions/A/InternationalSupport
0x00000001925b0000 	/System/Library/PrivateFrameworks/UserActivity.framework/Versions/A/UserActivity
0x0000000191a22000 	/usr/lib/libspindump.dylib
0x00000001899b7000 	/System/Library/Frameworks/UniformTypeIdentifiers.framework/Versions/A/UniformTypeIdentifiers
0x000000018d1f4000 	/usr/lib/libapp_launch_measurement.dylib
0x000000018c71e000 	/System/Library/PrivateFrameworks/CoreAnalytics.framework/Versions/A/CoreAnalytics
0x000000018d1f7000 	/System/Library/PrivateFrameworks/CoreAutoLayout.framework/Versions/A/CoreAutoLayout
0x000000018e59a000 	/System/Library/Frameworks/Metal.framework/Versions/A/Metal
0x000000018f311000 	/usr/lib/liblangid.dylib
0x000000018ecae000 	/System/Library/PrivateFrameworks/CoreSVG.framework/Versions/A/CoreSVG
0x000000018ae48000 	/System/Library/PrivateFrameworks/SkyLight.framework/Versions/A/SkyLight
0x000000018b21d000 	/System/Library/Frameworks/CoreGraphics.framework/Versions/A/CoreGraphics
0x0000000196eef000 	/System/Library/Frameworks/Accelerate.framework/Versions/A/Accelerate
0x0000000191499000 	/System/Library/PrivateFrameworks/IconServices.framework/Versions/A/IconServices
0x000000018e57c000 	/System/Library/Frameworks/IOSurface.framework/Versions/A/IOSurface
0x000000018c74f000 	/usr/lib/libDiagnosticMessagesClient.dylib
0x0000000190734000 	/usr/lib/libz.1.dylib
0x000000019a3f0000 	/System/Library/Frameworks/ApplicationServices.framework/Versions/A/ApplicationServices
0x000000018ec91000 	/System/Library/PrivateFrameworks/DFRFoundation.framework/Versions/A/DFRFoundation
0x000000018811e000 	/usr/lib/libicucore.A.dylib
0x00000001933d3000 	/System/Library/Frameworks/AudioToolbox.framework/Versions/A/AudioToolbox
0x0000000192533000 	/System/Library/PrivateFrameworks/DataDetectorsCore.framework/Versions/A/DataDetectorsCore
0x00000001a8e73000 	/System/Library/PrivateFrameworks/TextInput.framework/Versions/A/TextInput
0x000000018adbd000 	/usr/lib/libMobileGestalt.dylib
0x000000018e95d000 	/System/Library/Frameworks/Carbon.framework/Versions/A/Frameworks/HIToolbox.framework/Versions/A/HIToolbox
0x000000018cbd0000 	/System/Library/Frameworks/QuartzCore.framework/Versions/A/QuartzCore
0x0000000187da1000 	/System/Library/Frameworks/Security.framework/Versions/A/Security
0x0000000196863000 	/System/Library/Frameworks/Carbon.framework/Versions/A/Frameworks/SpeechRecognition.framework/Versions/A/SpeechRecognition
0x000000018cf4a000 	/System/Library/PrivateFrameworks/CoreUI.framework/Versions/A/CoreUI
0x000000018767e000 	/System/Library/Frameworks/CoreAudio.framework/Versions/A/CoreAudio
0x000000018c844000 	/System/Library/Frameworks/DiskArbitration.framework/Versions/A/DiskArbitration
0x0000000191e2c000 	/System/Library/PrivateFrameworks/MultitouchSupport.framework/Versions/A/MultitouchSupport
0x000000018adbb000 	/usr/lib/libenergytrace.dylib
0x0000000188756000 	/System/Library/Frameworks/IOKit.framework/Versions/A/IOKit
0x0000000196c52000 	/System/Library/Frameworks/CoreServices.framework/Versions/A/CoreServices
0x000000018d184000 	/System/Library/PrivateFrameworks/PerformanceAnalysis.framework/Versions/A/PerformanceAnalysis
0x00000001e715b000 	/System/Library/Frameworks/OpenGL.framework/Versions/A/OpenGL
0x000000018fd8b000 	/System/Library/PrivateFrameworks/MobileKeyBag.framework/Versions/A/MobileKeyBag
0x0000000185b25000 	/usr/lib/libobjc.A.dylib
0x000000018b82a000 	/System/Library/Frameworks/ColorSync.framework/Versions/A/ColorSync
0x0000000185cee000 	/System/Library/Frameworks/CoreFoundation.framework/Versions/A/CoreFoundation
0x000000018ef2d000 	/System/Library/Frameworks/CoreImage.framework/Versions/A/CoreImage
0x00000001874a2000 	/System/Library/Frameworks/CoreText.framework/Versions/A/CoreText
0x000000018ecde000 	/System/Library/Frameworks/ImageIO.framework/Versions/A/ImageIO
0x00000001907f1000 	/System/Library/PrivateFrameworks/SoftLinking.framework/Versions/A/SoftLinking
0x000000018d242000 	/usr/lib/libxml2.2.dylib
0x0000000185be8000 	/usr/lib/libc++.1.dylib
0x0000000190a8a000 	/usr/lib/libcompression.dylib
0x0000000192483000 	/System/Library/PrivateFrameworks/TextureIO.framework/Versions/A/TextureIO
0x00000001911b2000 	/usr/lib/libate.dylib
0x00000001907e5000 	/usr/lib/system/libcache.dylib
0x00000001907a3000 	/usr/lib/system/libcommonCrypto.dylib
0x00000001907cc000 	/usr/lib/system/libcompiler_rt.dylib
0x00000001907c3000 	/usr/lib/system/libcopyfile.dylib
0x0000000185a2b000 	/usr/lib/system/libcorecrypto.dylib
0x0000000185ade000 	/usr/lib/system/libdispatch.dylib
0x0000000185cac000 	/usr/lib/system/libdyld.dylib
0x00000001907db000 	/usr/lib/system/libkeymgr.dylib
0x000000019077e000 	/usr/lib/system/libmacho.dylib
0x000000018fe73000 	/usr/lib/system/libquarantine.dylib
0x00000001907d8000 	/usr/lib/system/libremovefile.dylib
0x000000018ae14000 	/usr/lib/system/libsystem_asl.dylib
0x00000001859cd000 	/usr/lib/system/libsystem_blocks.dylib
0x0000000185b66000 	/usr/lib/system/libsystem_c.dylib
0x00000001907d0000 	/usr/lib/system/libsystem_collections.dylib
0x000000018f301000 	/usr/lib/system/libsystem_configuration.dylib
0x000000018e55d000 	/usr/lib/system/libsystem_containermanager.dylib
0x00000001904e0000 	/usr/lib/system/libsystem_coreservices.dylib
0x00000001883d4000 	/usr/lib/system/libsystem_darwin.dylib
0x00000001907dc000 	/usr/lib/system/libsystem_dnssd.dylib
0x0000000185b63000 	/usr/lib/system/libsystem_featureflags.dylib
0x0000000185cc1000 	/usr/lib/system/libsystem_info.dylib
0x0000000190746000 	/usr/lib/system/libsystem_m.dylib
0x0000000185ab3000 	/usr/lib/system/libsystem_malloc.dylib
0x000000018ada3000 	/usr/lib/system/libsystem_networkextension.dylib
0x000000018882d000 	/usr/lib/system/libsystem_notify.dylib
0x0000000196b29000 	/usr/lib/system/libsystem_product_info_filter.dylib
0x000000018f306000 	/usr/lib/system/libsystem_sandbox.dylib
0x00000001907d5000 	/usr/lib/system/libsystem_secinit.dylib
0x0000000185c67000 	/usr/lib/system/libsystem_kernel.dylib
0x0000000185cb9000 	/usr/lib/system/libsystem_platform.dylib
0x0000000185c9f000 	/usr/lib/system/libsystem_pthread.dylib
0x000000018c56c000 	/usr/lib/system/libsystem_symptoms.dylib
0x0000000185a11000 	/usr/lib/system/libsystem_trace.dylib
0x00000001907b0000 	/usr/lib/system/libunwind.dylib
0x00000001859cf000 	/usr/lib/system/libxpc.dylib
0x0000000185c4f000 	/usr/lib/libc++abi.dylib
0x00000001907bb000 	/usr/lib/liboah.dylib
0x0000000191077000 	/usr/lib/liblzma.5.dylib
0x00000001868dd000 	/System/Library/Frameworks/SystemConfiguration.framework/Versions/A/SystemConfiguration
0x00000001907ed000 	/usr/lib/libfakelink.dylib
0x000000018a8ef000 	/System/Library/Frameworks/CFNetwork.framework/Versions/A/CFNetwork
0x0000000190933000 	/usr/lib/libarchive.2.dylib
0x000000018f30d000 	/System/Library/PrivateFrameworks/AppleSystemInfo.framework/Versions/A/AppleSystemInfo
0x000000018fe9e000 	/usr/lib/libbsm.0.dylib
0x0000000189e60000 	/usr/lib/libnetwork.dylib
0x0000000190787000 	/usr/lib/system/libkxld.dylib
0x000000018fab1000 	/System/Library/PrivateFrameworks/IOMobileFramebuffer.framework/Versions/A/IOMobileFramebuffer
0x0000000204a87000 	/usr/lib/libCoreEntitlements.dylib
0x00000001904c2000 	/System/Library/PrivateFrameworks/AppleFSCompression.framework/Versions/A/AppleFSCompression
0x000000018fe86000 	/usr/lib/libcoretls.dylib
0x0000000191090000 	/usr/lib/libcoretls_cfhelpers.dylib
0x0000000190a85000 	/usr/lib/libpam.2.dylib
0x000000018c183000 	/usr/lib/libsqlite3.dylib
0x00000001910f9000 	/usr/lib/libxar.1.dylib
0x00000001904d3000 	/usr/lib/libbz2.1.0.dylib
0x00000001907f2000 	/usr/lib/libpcap.A.dylib
0x000000018c563000 	/usr/lib/libdns_services.dylib
0x0000000190a58000 	/usr/lib/libapple_nghttp2.dylib
0x000000019082f000 	/usr/lib/libiconv.2.dylib
0x000000019077d000 	/usr/lib/libcharset.1.dylib
0x000000018d1c0000 	/System/Library/Frameworks/CoreServices.framework/Versions/A/Frameworks/FSEvents.framework/Versions/A/FSEvents
0x00000001883df000 	/System/Library/Frameworks/CoreServices.framework/Versions/A/Frameworks/CarbonCore.framework/Versions/A/CarbonCore
0x000000018c7a4000 	/System/Library/Frameworks/CoreServices.framework/Versions/A/Frameworks/Metadata.framework/Versions/A/Metadata
0x00000001904e6000 	/System/Library/Frameworks/CoreServices.framework/Versions/A/Frameworks/OSServices.framework/Versions/A/OSServices
0x00000001909b9000 	/System/Library/Frameworks/CoreServices.framework/Versions/A/Frameworks/SearchKit.framework/Versions/A/SearchKit
0x000000018c4f2000 	/System/Library/Frameworks/CoreServices.framework/Versions/A/Frameworks/AE.framework/Versions/A/AE
0x0000000186234000 	/System/Library/Frameworks/CoreServices.framework/Versions/A/Frameworks/LaunchServices.framework/Versions/A/LaunchServices
0x0000000191020000 	/System/Library/Frameworks/CoreServices.framework/Versions/A/Frameworks/DictionaryServices.framework/Versions/A/DictionaryServices
0x000000018d1cd000 	/System/Library/Frameworks/CoreServices.framework/Versions/A/Frameworks/SharedFileList.framework/Versions/A/SharedFileList
0x000000018fe76000 	/usr/lib/libCheckFix.dylib
0x000000018ae2c000 	/System/Library/PrivateFrameworks/TCC.framework/Versions/A/TCC
0x000000018f313000 	/System/Library/PrivateFrameworks/CoreNLP.framework/Versions/A/CoreNLP
0x000000018c752000 	/System/Library/PrivateFrameworks/MetadataUtilities.framework/Versions/A/MetadataUtilities
0x0000000186996000 	/usr/lib/libmecabra.dylib
0x000000018feaf000 	/usr/lib/libmecab.dylib
0x0000000186962000 	/usr/lib/libCRFSuite.dylib
0x000000018ff0c000 	/usr/lib/libgermantok.dylib
0x0000000190a31000 	/usr/lib/libThaiTokenizer.dylib
0x000000018c84c000 	/System/Library/Frameworks/Accelerate.framework/Versions/A/Frameworks/vImage.framework/Versions/A/vImage
0x0000000196c29000 	/System/Library/Frameworks/Accelerate.framework/Versions/A/Frameworks/vecLib.framework/Versions/A/vecLib
0x000000019113e000 	/System/Library/Frameworks/Accelerate.framework/Versions/A/Frameworks/vecLib.framework/Versions/A/libvMisc.dylib
0x000000018f9b8000 	/System/Library/Frameworks/Accelerate.framework/Versions/A/Frameworks/vecLib.framework/Versions/A/libvDSP.dylib
0x00000001865bd000 	/System/Library/Frameworks/Accelerate.framework/Versions/A/Frameworks/vecLib.framework/Versions/A/libBLAS.dylib
0x0000000190b5b000 	/System/Library/Frameworks/Accelerate.framework/Versions/A/Frameworks/vecLib.framework/Versions/A/libLAPACK.dylib
0x000000018ff0f000 	/System/Library/Frameworks/Accelerate.framework/Versions/A/Frameworks/vecLib.framework/Versions/A/libLinearAlgebra.dylib
0x0000000190a70000 	/System/Library/Frameworks/Accelerate.framework/Versions/A/Frameworks/vecLib.framework/Versions/A/libSparseBLAS.dylib
0x0000000190b56000 	/System/Library/Frameworks/Accelerate.framework/Versions/A/Frameworks/vecLib.framework/Versions/A/libQuadrature.dylib
0x000000018f40c000 	/System/Library/Frameworks/Accelerate.framework/Versions/A/Frameworks/vecLib.framework/Versions/A/libBNNS.dylib
0x000000018687b000 	/System/Library/Frameworks/Accelerate.framework/Versions/A/Frameworks/vecLib.framework/Versions/A/libSparse.dylib
0x000000018f404000 	/System/Library/PrivateFrameworks/LinguisticData.framework/Versions/A/LinguisticData
0x0000000186833000 	/System/Library/PrivateFrameworks/Lexicon.framework/Versions/A/Lexicon
0x0000000191136000 	/usr/lib/libChineseTokenizer.dylib
0x0000000186fda000 	/System/Library/PrivateFrameworks/LanguageModeling.framework/Versions/A/LanguageModeling
0x0000000190a33000 	/System/Library/PrivateFrameworks/AppleSauce.framework/Versions/A/AppleSauce
0x000000018fa9e000 	/System/Library/PrivateFrameworks/CoreEmoji.framework/Versions/A/CoreEmoji
0x0000000190921000 	/usr/lib/libcmph.dylib
0x000000018d1a0000 	/System/Library/Frameworks/OpenDirectory.framework/Versions/A/Frameworks/CFOpenDirectory.framework/Versions/A/CFOpenDirectory
0x000000018d190000 	/System/Library/Frameworks/OpenDirectory.framework/Versions/A/OpenDirectory
0x0000000191092000 	/System/Library/PrivateFrameworks/APFS.framework/Versions/A/APFS
0x000000018fdc6000 	/System/Library/Frameworks/SecurityFoundation.framework/Versions/A/SecurityFoundation
0x0000000191108000 	/usr/lib/libutil.dylib
0x0000000188718000 	/System/Library/PrivateFrameworks/CoreServicesStore.framework/Versions/A/CoreServicesStore
0x000000019110c000 	/usr/lib/libxslt.1.dylib
0x000000018fe5a000 	/System/Library/PrivateFrameworks/BackgroundTaskManagement.framework/Versions/A/BackgroundTaskManagement
0x00000001923a4000 	/System/Library/Frameworks/ImageIO.framework/Versions/A/Resources/libRadiance.dylib
0x00000001923ad000 	/System/Library/Frameworks/ImageIO.framework/Versions/A/Resources/libJPEG.dylib
0x0000000192300000 	/System/Library/Frameworks/ImageIO.framework/Versions/A/Resources/libPng.dylib
0x0000000192322000 	/System/Library/Frameworks/ImageIO.framework/Versions/A/Resources/libTIFF.dylib
0x0000000192408000 	/System/Library/Frameworks/ImageIO.framework/Versions/A/Resources/libGIF.dylib
0x0000000191d3c000 	/System/Library/Frameworks/ImageIO.framework/Versions/A/Resources/libJP2.dylib
0x000000019145e000 	/usr/lib/libexpat.1.dylib
0x0000000191cf7000 	/System/Library/PrivateFrameworks/AppleJPEG.framework/Versions/A/AppleJPEG
0x000000018e819000 	/System/Library/PrivateFrameworks/FontServices.framework/libFontParser.dylib
0x000000018c497000 	/System/Library/PrivateFrameworks/RunningBoardServices.framework/Versions/A/RunningBoardServices
0x000000019cd15000 	/System/Library/PrivateFrameworks/IOSurfaceAccelerator.framework/Versions/A/IOSurfaceAccelerator
0x0000000191e28000 	/System/Library/PrivateFrameworks/WatchdogClient.framework/Versions/A/WatchdogClient
0x00000001870de000 	/System/Library/Frameworks/CoreDisplay.framework/Versions/A/CoreDisplay
0x000000018e703000 	/System/Library/Frameworks/CoreMedia.framework/Versions/A/CoreMedia
0x000000018e590000 	/System/Library/PrivateFrameworks/IOAccelerator.framework/Versions/A/IOAccelerator
0x000000018d330000 	/System/Library/Frameworks/CoreVideo.framework/Versions/A/CoreVideo
0x0000000190a83000 	/System/Library/Frameworks/MetalPerformanceShaders.framework/Versions/A/MetalPerformanceShaders
0x0000000191e67000 	/System/Library/Frameworks/VideoToolbox.framework/Versions/A/VideoToolbox
0x000000018c3db000 	/System/Library/PrivateFrameworks/BaseBoard.framework/Versions/A/BaseBoard
0x000000018c169000 	/System/Library/PrivateFrameworks/ProtocolBuffer.framework/Versions/A/ProtocolBuffer
0x000000019239f000 	/System/Library/PrivateFrameworks/GPUWrangler.framework/Versions/A/GPUWrangler
0x000000019237f000 	/System/Library/PrivateFrameworks/IOPresentment.framework/Versions/A/IOPresentment
0x00000001923a7000 	/System/Library/PrivateFrameworks/DSExternalDisplay.framework/Versions/A/DSExternalDisplay
0x00000001e714e000 	/System/Library/Frameworks/OpenGL.framework/Versions/A/Libraries/libCoreFSCache.dylib
0x00000001f160d000 	/System/Library/PrivateFrameworks/GPUCompiler.framework/Versions/31001/Libraries/libGPUCompilerUtils.dylib
0x000000019240d000 	/System/Library/PrivateFrameworks/CMCaptureCore.framework/Versions/A/CMCaptureCore
0x0000000191a0f000 	/System/Library/PrivateFrameworks/AppServerSupport.framework/Versions/A/AppServerSupport
0x0000000193c90000 	/System/Library/PrivateFrameworks/perfdata.framework/Versions/A/perfdata
0x00000001871fe000 	/System/Library/PrivateFrameworks/AudioToolboxCore.framework/Versions/A/AudioToolboxCore
0x000000018e6dc000 	/System/Library/PrivateFrameworks/caulk.framework/Versions/A/caulk
0x0000000193585000 	/usr/lib/libAudioStatistics.dylib
0x00000001a54da000 	/System/Library/PrivateFrameworks/SystemPolicy.framework/Versions/A/SystemPolicy
0x00000001937f1000 	/usr/lib/libSMC.dylib
0x000000019c524000 	/System/Library/Frameworks/CoreMIDI.framework/Versions/A/CoreMIDI
0x00000001922ce000 	/usr/lib/libAudioToolboxUtility.dylib
0x00000001a15a7000 	/System/Library/PrivateFrameworks/OSAServicesClient.framework/Versions/A/OSAServicesClient
0x0000000193c9d000 	/usr/lib/libperfcheck.dylib
0x00000001a5ff2000 	/usr/lib/libmis.dylib
0x00000001e71b0000 	/System/Library/Frameworks/OpenGL.framework/Versions/A/Libraries/libGLU.dylib
0x00000001e716f000 	/System/Library/Frameworks/OpenGL.framework/Versions/A/Libraries/libGFXShared.dylib
0x00000001e735c000 	/System/Library/Frameworks/OpenGL.framework/Versions/A/Libraries/libGL.dylib
0x00000001e7178000 	/System/Library/Frameworks/OpenGL.framework/Versions/A/Libraries/libGLImage.dylib
0x00000001e716c000 	/System/Library/Frameworks/OpenGL.framework/Versions/A/Libraries/libCVMSPluginSupport.dylib
0x00000001e7155000 	/System/Library/Frameworks/OpenGL.framework/Versions/A/Libraries/libCoreVMClient.dylib
0x000000018f28d000 	/System/Library/Frameworks/MetalPerformanceShaders.framework/Versions/A/Frameworks/MPSCore.framework/Versions/A/MPSCore
0x0000000190435000 	/System/Library/Frameworks/MetalPerformanceShaders.framework/Versions/A/Frameworks/MPSImage.framework/Versions/A/MPSImage
0x000000018ff24000 	/System/Library/Frameworks/MetalPerformanceShaders.framework/Versions/A/Frameworks/MPSNeuralNetwork.framework/Versions/A/MPSNeuralNetwork
0x000000019035d000 	/System/Library/Frameworks/MetalPerformanceShaders.framework/Versions/A/Frameworks/MPSMatrix.framework/Versions/A/MPSMatrix
0x0000000190136000 	/System/Library/Frameworks/MetalPerformanceShaders.framework/Versions/A/Frameworks/MPSRayIntersector.framework/Versions/A/MPSRayIntersector
0x000000019038e000 	/System/Library/Frameworks/MetalPerformanceShaders.framework/Versions/A/Frameworks/MPSNDArray.framework/Versions/A/MPSNDArray
0x00000001e92c7000 	/System/Library/Frameworks/MetalPerformanceShaders.framework/Versions/A/Frameworks/MPSFunctions.framework/Versions/A/MPSFunctions
0x0000000186494000 	/System/Library/PrivateFrameworks/MetalTools.framework/Versions/A/MetalTools
0x000000018f30b000 	/System/Library/PrivateFrameworks/AggregateDictionary.framework/Versions/A/AggregateDictionary
0x0000000191243000 	/usr/lib/libIOReport.dylib
0x000000019b542000 	/System/Library/PrivateFrameworks/ASEProcessing.framework/Versions/A/ASEProcessing
0x00000001915b8000 	/System/Library/PrivateFrameworks/FaceCore.framework/Versions/A/FaceCore
0x00000001915aa000 	/System/Library/PrivateFrameworks/GraphVisualizer.framework/Versions/A/GraphVisualizer
0x00000001f1524000 	/System/Library/PrivateFrameworks/FontServices.framework/Versions/A/FontServices
0x00000001919cb000 	/System/Library/PrivateFrameworks/OTSVG.framework/Versions/A/OTSVG
0x000000018cefa000 	/System/Library/Frameworks/ApplicationServices.framework/Versions/A/Frameworks/ATS.framework/Versions/A/Resources/libFontRegistry.dylib
0x0000000191a18000 	/System/Library/PrivateFrameworks/FontServices.framework/libhvf.dylib
0x00000001f1525000 	/System/Library/PrivateFrameworks/FontServices.framework/libXTFontStaticRegistryData.dylib
0x00000001e74fd000 	/System/Library/Frameworks/OpenCL.framework/Versions/A/OpenCL
0x0000000191412000 	/System/Library/PrivateFrameworks/AppleVA.framework/Versions/A/AppleVA
0x00000001935ad000 	/System/Library/Frameworks/ApplicationServices.framework/Versions/A/Frameworks/ATS.framework/Versions/A/ATS
0x000000018b927000 	/System/Library/Frameworks/ApplicationServices.framework/Versions/A/Frameworks/HIServices.framework/Versions/A/HIServices
0x0000000192417000 	/System/Library/Frameworks/ApplicationServices.framework/Versions/A/Frameworks/PrintCore.framework/Versions/A/PrintCore
0x0000000193944000 	/System/Library/Frameworks/ApplicationServices.framework/Versions/A/Frameworks/QD.framework/Versions/A/QD
0x000000019393c000 	/System/Library/Frameworks/ApplicationServices.framework/Versions/A/Frameworks/ColorSyncLegacy.framework/Versions/A/ColorSyncLegacy
0x0000000193599000 	/System/Library/Frameworks/ApplicationServices.framework/Versions/A/Frameworks/SpeechSynthesis.framework/Versions/A/SpeechSynthesis
0x00000001923d8000 	/System/Library/Frameworks/ApplicationServices.framework/Versions/A/Frameworks/ATSUI.framework/Versions/A/ATSUI
0x00000001938d1000 	/usr/lib/libcups.2.dylib
0x0000000193cab000 	/System/Library/Frameworks/Kerberos.framework/Versions/A/Kerberos
0x0000000193cbc000 	/System/Library/Frameworks/GSS.framework/Versions/A/GSS
0x000000019361d000 	/usr/lib/libresolv.9.dylib
0x0000000191a27000 	/System/Library/PrivateFrameworks/Heimdal.framework/Versions/A/Heimdal
0x000000019a777000 	/System/Library/Frameworks/Kerberos.framework/Versions/A/Libraries/libHeimdalProxy.dylib
0x000000018c575000 	/System/Library/Frameworks/Network.framework/Versions/A/Network
0x0000000191479000 	/usr/lib/libheimdal-asn1.dylib
0x0000000193d0c000 	/System/Library/PrivateFrameworks/CommonAuth.framework/Versions/A/CommonAuth
0x0000000193513000 	/System/Library/PrivateFrameworks/AudioSession.framework/Versions/A/AudioSession
0x000000019150b000 	/System/Library/PrivateFrameworks/MediaExperience.framework/Versions/A/MediaExperience
0x0000000193399000 	/System/Library/PrivateFrameworks/AudioSession.framework/libSessionUtility.dylib
0x0000000193950000 	/System/Library/PrivateFrameworks/AudioResourceArbitration.framework/Versions/A/AudioResourceArbitration
0x0000000197b06000 	/System/Library/PrivateFrameworks/PowerLog.framework/Versions/A/PowerLog
0x0000000191483000 	/System/Library/PrivateFrameworks/IconFoundation.framework/Versions/A/IconFoundation
0x000000019684f000 	/System/Library/PrivateFrameworks/SpeechRecognitionCore.framework/Versions/A/SpeechRecognitionCore
0x0000000103f50000 	/Library/Java/JavaVirtualMachines/jdk-17.jdk/Contents/Home/lib/server/libjvm.dylib
0x0000000102ea0000 	/Library/Java/JavaVirtualMachines/jdk-17.jdk/Contents/Home/lib/libjimage.dylib
0x0000000102ecc000 	/Library/Java/JavaVirtualMachines/jdk-17.jdk/Contents/Home/lib/libinstrument.dylib
0x0000000102f18000 	/Library/Java/JavaVirtualMachines/jdk-17.jdk/Contents/Home/lib/libjava.dylib
0x0000000103a88000 	/Library/Java/JavaVirtualMachines/jdk-17.jdk/Contents/Home/lib/libnio.dylib
0x0000000103aa8000 	/Library/Java/JavaVirtualMachines/jdk-17.jdk/Contents/Home/lib/libnet.dylib
0x0000000103acc000 	/Library/Java/JavaVirtualMachines/jdk-17.jdk/Contents/Home/lib/libzip.dylib
0x0000000102f00000 	/Users/junyeopkim/.openjfx/cache/17.0.1/libprism_es2.dylib
0x00000001886db000 	/System/Library/PrivateFrameworks/CoreServicesInternal.framework/Versions/A/CoreServicesInternal
0x00000001e7366000 	/System/Library/Frameworks/OpenGL.framework/Versions/A/Resources/GLEngine.bundle/GLEngine
0x00000001e71ee000 	/System/Library/Frameworks/OpenGL.framework/Versions/A/Libraries/libGLProgrammability.dylib
0x0000000103cdc000 	/System/Library/Extensions/AppleMetalOpenGLRenderer.bundle/Contents/MacOS/AppleMetalOpenGLRenderer
0x00000001e74d5000 	/System/Library/Frameworks/OpenGL.framework/Versions/A/Resources/GLRendererFloat.bundle/GLRendererFloat
0x00000001e75d5000 	/System/Library/Extensions/AGXMetal13_3.bundle/Contents/MacOS/AGXMetal13_3
0x00000001a600e000 	/System/Library/PrivateFrameworks/GPURawCounter.framework/Versions/A/GPURawCounter
0x00000001a0718000 	/System/Library/PrivateFrameworks/IOGPU.framework/Versions/A/IOGPU
0x0000000126660000 	/Users/junyeopkim/.openjfx/cache/17.0.1/libglass.dylib
0x0000000197d5e000 	/System/Library/Frameworks/FileProvider.framework/Versions/A/FileProvider
0x000000018c343000 	/System/Library/Frameworks/Accounts.framework/Versions/A/Accounts
0x0000000197ee2000 	/System/Library/PrivateFrameworks/GenerationalStorage.framework/Versions/A/GenerationalStorage
0x0000000198aa5000 	/System/Library/PrivateFrameworks/CoreSymbolication.framework/Versions/A/CoreSymbolication
0x0000000197afa000 	/System/Library/PrivateFrameworks/SymptomDiagnosticReporter.framework/Versions/A/SymptomDiagnosticReporter
0x00000001899cb000 	/System/Library/PrivateFrameworks/DesktopServicesPriv.framework/Versions/A/DesktopServicesPriv
0x000000018883d000 	/usr/lib/libsandbox.1.dylib
0x000000018d3be000 	/System/Library/PrivateFrameworks/UserManagement.framework/Versions/A/UserManagement
0x0000000198a62000 	/System/Library/PrivateFrameworks/DebugSymbols.framework/Versions/A/DebugSymbols
0x000000019392f000 	/System/Library/PrivateFrameworks/NetAuth.framework/Versions/A/NetAuth
0x000000019484d000 	/System/Library/PrivateFrameworks/Sharing.framework/Versions/A/Sharing
0x000000018d38e000 	/System/Library/PrivateFrameworks/login.framework/Versions/A/Frameworks/loginsupport.framework/Versions/A/loginsupport
0x0000000199c97000 	/System/Library/PrivateFrameworks/Apple80211.framework/Versions/A/Apple80211
0x0000000190519000 	/System/Library/PrivateFrameworks/AuthKit.framework/Versions/A/AuthKit
0x000000018fb9a000 	/System/Library/PrivateFrameworks/CoreUtils.framework/Versions/A/CoreUtils
0x000000018fabd000 	/System/Library/Frameworks/CoreWLAN.framework/Versions/A/CoreWLAN
0x00000001949bd000 	/System/Library/Frameworks/IOBluetooth.framework/Versions/A/IOBluetooth
0x0000000199cf7000 	/System/Library/PrivateFrameworks/CoreWiFi.framework/Versions/A/CoreWiFi
0x0000000198642000 	/System/Library/PrivateFrameworks/FrontBoardServices.framework/Versions/A/FrontBoardServices
0x00000001986da000 	/System/Library/PrivateFrameworks/BoardServices.framework/Versions/A/BoardServices
0x000000018fdb4000 	/System/Library/PrivateFrameworks/AssertionServices.framework/Versions/A/AssertionServices
0x0000000199e74000 	/System/Library/PrivateFrameworks/BackBoardServices.framework/Versions/A/BackBoardServices
0x0000000193da3000 	/System/Library/PrivateFrameworks/CorePhoneNumbers.framework/Versions/A/CorePhoneNumbers
0x0000000197c2a000 	/System/Library/PrivateFrameworks/DiskManagement.framework/Versions/A/DiskManagement
0x0000000197b2d000 	/System/Library/PrivateFrameworks/AppleIDAuthSupport.framework/Versions/A/AppleIDAuthSupport
0x00000001ebaee000 	/System/Library/PrivateFrameworks/AAAFoundation.framework/Versions/A/AAAFoundation
0x0000000193d82000 	/System/Library/PrivateFrameworks/KeychainCircle.framework/Versions/A/KeychainCircle
0x0000000197bf6000 	/System/Library/PrivateFrameworks/MediaKit.framework/Versions/A/MediaKit
0x0000000197b3a000 	/System/Library/Frameworks/DiscRecording.framework/Versions/A/DiscRecording
0x000000019138e000 	/usr/lib/libCoreStorage.dylib
0x000000019a171000 	/usr/lib/libcsfde.dylib
0x0000000194a92000 	/System/Library/PrivateFrameworks/ProtectedCloudStorage.framework/Versions/A/ProtectedCloudStorage
0x000000019a169000 	/System/Library/PrivateFrameworks/EFILogin.framework/Versions/A/EFILogin
0x0000000197f09000 	/System/Library/PrivateFrameworks/OctagonTrust.framework/Versions/A/OctagonTrust
0x00000001f06bf000 	/System/Library/PrivateFrameworks/CoreUtilsExtras.framework/Versions/A/CoreUtilsExtras
0x0000000197a5f000 	/System/Library/Frameworks/CoreBluetooth.framework/Versions/A/CoreBluetooth
0x000000019a7fc000 	/System/Library/Frameworks/AudioUnit.framework/Versions/A/AudioUnit
0x0000000191386000 	/usr/lib/libMatch.1.dylib
0x00000001aa4ba000 	/System/Library/Frameworks/Accelerate.framework/Versions/A/Frameworks/vImage.framework/Versions/A/Libraries/libCGInterfaces.dylib
0x000000013368c000 	/usr/lib/libobjc-trampolines.dylib
0x0000000204c05000 	/usr/lib/libRosetta.dylib
0x000000018d088000 	/System/Library/PrivateFrameworks/ViewBridge.framework/Versions/A/ViewBridge
0x0000000191aea000 	/System/Library/PrivateFrameworks/login.framework/Versions/A/login
0x000000019124c000 	/System/Library/PrivateFrameworks/CrashReporterSupport.framework/Versions/A/CrashReporterSupport
0x00000001b1f33000 	/System/Library/PrivateFrameworks/OSAnalytics.framework/Versions/A/OSAnalytics
0x00000001bd231000 	/System/Library/PrivateFrameworks/Symbolication.framework/Versions/A/Symbolication
0x00000001a5fcf000 	/System/Library/PrivateFrameworks/MallocStackLogging.framework/Versions/A/MallocStackLogging
0x000000013631c000 	/Users/junyeopkim/.openjfx/cache/17.0.1/libjavafx_font.dylib
0x0000000196f78000 	/System/Library/PrivateFrameworks/SystemAdministration.framework/Versions/A/SystemAdministration
0x000000019261e000 	/System/Library/Frameworks/MediaToolbox.framework/Versions/A/MediaToolbox
0x0000000196817000 	/System/Library/Frameworks/DirectoryService.framework/Versions/A/DirectoryService
0x0000000199ffe000 	/System/Library/PrivateFrameworks/DiskImages.framework/Versions/A/DiskImages
0x000000018fe65000 	/System/Library/Frameworks/ServiceManagement.framework/Versions/A/ServiceManagement
0x000000019a1e7000 	/System/Library/PrivateFrameworks/LoginUIKit.framework/Versions/A/Frameworks/LoginUICore.framework/Versions/A/LoginUICore
0x0000000191ca0000 	/usr/lib/libodfde.dylib
0x0000000197d2a000 	/System/Library/PrivateFrameworks/CoreAVCHD.framework/Versions/A/CoreAVCHD
0x0000000196f3a000 	/System/Library/Frameworks/MediaAccessibility.framework/Versions/A/MediaAccessibility
0x0000000197d26000 	/System/Library/PrivateFrameworks/Mangrove.framework/Versions/A/Mangrove
0x0000000196f47000 	/System/Library/PrivateFrameworks/AlgosScoreFramework.framework/Versions/A/AlgosScoreFramework
0x00000001ed7aa000 	/System/Library/PrivateFrameworks/CMPhoto.framework/Versions/A/CMPhoto
0x0000000197d1a000 	/System/Library/PrivateFrameworks/CoreAUC.framework/Versions/A/CoreAUC
0x000000019a17d000 	/usr/lib/libcurl.4.dylib
0x0000000204fad000 	/usr/lib/libcrypto.46.dylib
0x0000000205452000 	/usr/lib/libssl.48.dylib
0x0000000199e94000 	/System/Library/Frameworks/LDAP.framework/Versions/A/LDAP
0x0000000199ed0000 	/System/Library/PrivateFrameworks/TrustEvaluationAgent.framework/Versions/A/TrustEvaluationAgent
0x0000000193636000 	/usr/lib/libsasl2.2.dylib
0x0000000196f6d000 	/System/Library/PrivateFrameworks/CoreDaemon.framework/Versions/B/CoreDaemon
0x0000000196f67000 	/System/Library/PrivateFrameworks/AppleSRP.framework/Versions/A/AppleSRP


VM Arguments:
jvm_args: -javaagent:/Applications/IntelliJ IDEA CE.app/Contents/lib/idea_rt.jar=64918:/Applications/IntelliJ IDEA CE.app/Contents/bin -Dfile.encoding=UTF-8 --module-path=/Users/junyeopkim/Desktop/dbp4/airman/target/classes:/Users/junyeopkim/.m2/repository/org/openjfx/javafx-controls/17.0.1/javafx-controls-17.0.1-mac-aarch64.jar:/Users/junyeopkim/.m2/repository/org/openjfx/javafx-base/17.0.1/javafx-base-17.0.1-mac-aarch64.jar:/Users/junyeopkim/.m2/repository/org/openjfx/javafx-fxml/17.0.1/javafx-fxml-17.0.1-mac-aarch64.jar:/Users/junyeopkim/.m2/repository/org/openjfx/javafx-graphics/17.0.1/javafx-graphics-17.0.1-mac-aarch64.jar -Djdk.module.main=com.example.airman 
java_command: com.example.airman/com.example.airman.AirlineManagement
java_class_path (initial): /Users/junyeopkim/.m2/repository/org/openjfx/javafx-controls/17.0.1/javafx-controls-17.0.1.jar:/Users/junyeopkim/.m2/repository/org/openjfx/javafx-graphics/17.0.1/javafx-graphics-17.0.1.jar:/Users/junyeopkim/.m2/repository/org/openjfx/javafx-base/17.0.1/javafx-base-17.0.1.jar:/Users/junyeopkim/.m2/repository/org/openjfx/javafx-fxml/17.0.1/javafx-fxml-17.0.1.jar
Launcher Type: SUN_STANDARD

[Global flags]
     intx CICompilerCount                          = 4                                         {product} {ergonomic}
     uint ConcGCThreads                            = 2                                         {product} {ergonomic}
     uint G1ConcRefinementThreads                  = 8                                         {product} {ergonomic}
   size_t G1HeapRegionSize                         = 2097152                                   {product} {ergonomic}
    uintx GCDrainStackTargetSize                   = 64                                        {product} {ergonomic}
   size_t InitialHeapSize                          = 268435456                                 {product} {ergonomic}
   size_t MarkStackSize                            = 4194304                                   {product} {ergonomic}
   size_t MaxHeapSize                              = 4294967296                                {product} {ergonomic}
   size_t MaxNewSize                               = 2575302656                                {product} {ergonomic}
   size_t MinHeapDeltaBytes                        = 2097152                                   {product} {ergonomic}
   size_t MinHeapSize                              = 8388608                                   {product} {ergonomic}
    uintx NonNMethodCodeHeapSize                   = 5839564                                {pd product} {ergonomic}
    uintx NonProfiledCodeHeapSize                  = 122909338                              {pd product} {ergonomic}
    uintx ProfiledCodeHeapSize                     = 122909338                              {pd product} {ergonomic}
    uintx ReservedCodeCacheSize                    = 251658240                              {pd product} {ergonomic}
     bool SegmentedCodeCache                       = true                                      {product} {ergonomic}
   size_t SoftMaxHeapSize                          = 4294967296                             {manageable} {ergonomic}
     bool UseCompressedClassPointers               = true                           {product lp64_product} {ergonomic}
     bool UseCompressedOops                        = true                           {product lp64_product} {ergonomic}
     bool UseG1GC                                  = true                                      {product} {ergonomic}
     bool UseNUMA                                  = false                                     {product} {ergonomic}
     bool UseNUMAInterleaving                      = false                                     {product} {ergonomic}

Logging:
Log output configuration:
 #0: stdout all=warning uptime,level,tags
 #1: stderr all=off uptime,level,tags

Environment Variables:
PATH=/Users/junyeopkim/opt/anaconda3/bin:/Users/junyeopkim/opt/anaconda3/condabin:/Library/Java/JavaVirtualMachines/adoptopenjdk-14.jdk/Contents/Home/bin:/Library/Frameworks/Python.framework/Versions/3.10/bin:/usr/local/bin:/usr/bin:/bin:/usr/sbin:/sbin:/Library/Apple/usr/bin:/Users/junyeopkim/Desktop/flutter/bin:/usr/local/mysql/bin:/usr/local/mysql/bin/
SHELL=/bin/zsh
LC_CTYPE=en_US.UTF-8

Signal Handlers:
   SIGSEGV: _ZL13crash_handleriP9__siginfoPv in libjvm.dylib, mask=11100110000111110111111111111111, flags=SA_RESTART|SA_SIGINFO
    SIGBUS: _ZL13crash_handleriP9__siginfoPv in libjvm.dylib, mask=11100110000111110111111111111111, flags=SA_RESTART|SA_SIGINFO
    SIGFPE: _ZL13crash_handleriP9__siginfoPv in libjvm.dylib, mask=11100110000111110111111111111111, flags=SA_RESTART|SA_SIGINFO
   SIGPIPE: _ZL17javaSignalHandleriP9__siginfoPv in libjvm.dylib, mask=11100110000111110111111111111111, flags=SA_RESTART|SA_SIGINFO
   SIGXFSZ: _ZL17javaSignalHandleriP9__siginfoPv in libjvm.dylib, mask=11100110000111110111111111111111, flags=SA_RESTART|SA_SIGINFO
    SIGILL: _ZL13crash_handleriP9__siginfoPv in libjvm.dylib, mask=11100110000111110111111111111111, flags=SA_RESTART|SA_SIGINFO
   SIGUSR2: _ZL10SR_handleriP9__siginfoP17__darwin_ucontext in libjvm.dylib, mask=00100000000000000000000000000000, flags=SA_RESTART|SA_SIGINFO
    SIGHUP: _ZL11UserHandleriPvS_ in libjvm.dylib, mask=11100110000111110111111111111111, flags=SA_RESTART|SA_SIGINFO
    SIGINT: _ZL11UserHandleriPvS_ in libjvm.dylib, mask=11100110000111110111111111111111, flags=SA_RESTART|SA_SIGINFO
   SIGTERM: _ZL11UserHandleriPvS_ in libjvm.dylib, mask=11100110000111110111111111111111, flags=SA_RESTART|SA_SIGINFO
   SIGQUIT: _ZL11UserHandleriPvS_ in libjvm.dylib, mask=11100110000111110111111111111111, flags=SA_RESTART|SA_SIGINFO
   SIGTRAP: _ZL13crash_handleriP9__siginfoPv in libjvm.dylib, mask=11100110000111110111111111111111, flags=SA_RESTART|SA_SIGINFO


---------------  S Y S T E M  ---------------

OS:
uname: Darwin 21.4.0 Darwin Kernel Version 21.4.0: Fri Mar 18 00:47:26 PDT 2022; root:xnu-8020.101.4~15/RELEASE_ARM64_T8101 arm64
OS uptime: 5 days 1:31 hours
rlimit (soft/hard): STACK 8176k/65520k , CORE 0k/infinity , NPROC 2666/4000 , NOFILE 10240/infinity , AS infinity/infinity , CPU infinity/infinity , DATA infinity/infinity , FSIZE infinity/infinity , MEMLOCK infinity/infinity , RSS infinity/infinity
load average: 3.65 3.58 3.21

CPU: total 8 (initial active 8) 0x61:0x0:0x1b588bb3:0, fp, simd, crc, lse

Memory: 16k page, physical 16777216k(100352k free), swap 0k(0k free)

vm_info: Java HotSpot(TM) 64-Bit Server VM (17.0.7+8-LTS-224) for bsd-aarch64 JRE (17.0.7+8-LTS-224), built on Feb 28 2023 22:59:37 by "mach5one" with clang Apple LLVM 12.0.0 (clang-1200.0.32.29)

END.
