#
# A fatal error has been detected by the Java Runtime Environment:
#
#  SIGBUS (0xa) at pc=0x000000010bea54f0, pid=19805, tid=31243
#
# JRE version: Java(TM) SE Runtime Environment (17.0.1+12) (build 17.0.1+12-LTS-39)
# Java VM: Java HotSpot(TM) 64-Bit Server VM (17.0.1+12-LTS-39, mixed mode, sharing, tiered, compressed oops, compressed class ptrs, g1 gc, bsd-aarch64)
# Problematic frame:
# v  ~StubRoutines::SafeFetchN
#
# No core dump will be written. Core dumps have been disabled. To enable core dumping, try "ulimit -c unlimited" before starting Java again
#
# If you would like to submit a bug report, please visit:
#   https://bugreport.java.com/bugreport/crash.jsp
# The crash happened outside the Java Virtual Machine in native code.
# See problematic frame for where to report the bug.
#

---------------  S U M M A R Y ------------

Command Line: -javaagent:/Applications/IntelliJ IDEA CE.app/Contents/lib/idea_rt.jar=64146:/Applications/IntelliJ IDEA CE.app/Contents/bin -Dfile.encoding=UTF-8 --module-path=/Users/junyeopkim/.m2/repository/org/openjfx/javafx-base/17.0.1/javafx-base-17.0.1-mac-aarch64.jar:/Users/junyeopkim/Desktop/dbp4/airman/target/classes:/Users/junyeopkim/.m2/repository/org/openjfx/javafx-graphics/17.0.1/javafx-graphics-17.0.1-mac-aarch64.jar:/Users/junyeopkim/.m2/repository/org/openjfx/javafx-controls/17.0.1/javafx-controls-17.0.1-mac-aarch64.jar:/Users/junyeopkim/.m2/repository/org/openjfx/javafx-fxml/17.0.1/javafx-fxml-17.0.1-mac-aarch64.jar -Djdk.module.main=com.example.airman com.example.airman/com.example.airman.AirlineManagement

Host: "MacBookPro17,1" arm64 1 MHz, 8 cores, 16G, Darwin 21.4.0, macOS 12.3.1 (21E258)
Time: Mon Apr 24 23:59:07 2023 EDT elapsed time: 4.596903 seconds (0d 0h 0m 4s)

---------------  T H R E A D  ---------------

Current thread (0x000000015a839200):  JavaThread "InvokeLaterDispatcher" daemon [_thread_in_native, id=31243, stack(0x0000000280210000,0x0000000280413000)]

Stack: [0x0000000280210000,0x0000000280413000],  sp=0x00000002804127b0,  free space=2057k
Native frames: (J=compiled Java code, j=interpreted, Vv=VM code, C=native code)
v  ~StubRoutines::SafeFetchN
V  [libjvm.dylib+0x79e208]  _ZN10OopStorage7releaseEPKP7oopDesc+0x20
V  [libjvm.dylib+0x4b8f30]  jni_DeleteGlobalRef+0xc4
C  [libglass.dylib+0xab08]  -[GlassRunnable dealloc]+0x34
C  [Foundation+0x85618]  -[_NSThreadPerformInfo dealloc]+0x30
C  [Foundation+0x5198c]  -[NSObject(NSThreadPerformAdditions) performSelectorOnMainThread:withObject:waitUntilDone:]+0x88
C  0xf47c00010bead8ac
j  com.sun.glass.ui.mac.MacApplication.submitForLaterInvocation(Ljava/lang/Runnable;)V+2 javafx.graphics
j  com.sun.glass.ui.InvokeLaterDispatcher.run()V+82 javafx.graphics
v  ~StubRoutines::call_stub
V  [libjvm.dylib+0x460588]  _ZN9JavaCalls11call_helperEP9JavaValueRK12methodHandleP17JavaCallArgumentsP10JavaThread+0x38c
V  [libjvm.dylib+0x45f5a4]  _ZN9JavaCalls12call_virtualEP9JavaValueP5KlassP6SymbolS5_P17JavaCallArgumentsP10JavaThread+0x11c
V  [libjvm.dylib+0x45f670]  _ZN9JavaCalls12call_virtualEP9JavaValue6HandleP5KlassP6SymbolS6_P10JavaThread+0x64
V  [libjvm.dylib+0x512ef0]  _ZL12thread_entryP10JavaThreadS0_+0xc4
V  [libjvm.dylib+0x8fc514]  _ZN10JavaThread17thread_main_innerEv+0x134
V  [libjvm.dylib+0x8fae3c]  _ZN6Thread8call_runEv+0x128
V  [libjvm.dylib+0x7a4df0]  _ZL19thread_native_entryP6Thread+0x158
C  [libsystem_pthread.dylib+0x726c]  _pthread_start+0x94

Java frames: (J=compiled Java code, j=interpreted, Vv=VM code)
j  com.sun.glass.ui.mac.MacApplication._submitForLaterInvocation(Ljava/lang/Runnable;)V+0 javafx.graphics
j  com.sun.glass.ui.mac.MacApplication.submitForLaterInvocation(Ljava/lang/Runnable;)V+2 javafx.graphics
j  com.sun.glass.ui.InvokeLaterDispatcher.run()V+82 javafx.graphics
v  ~StubRoutines::call_stub

siginfo: si_signo: 10 (SIGBUS), si_code: 1 (BUS_ADRALN), si_addr: 0x000000010bea54f0

Register to memory mapping:

 x0=0x0000000159607188 points into unknown readable memory: 0x0000000000000000 | 00 00 00 00 00 00 00 00
 x1=0x0 is NULL
 x2=0x000000070eb48820 is an oop: com.sun.glass.ui.InvokeLaterDispatcher$Future 
{0x000000070eb48820} - klass: 'com/sun/glass/ui/InvokeLaterDispatcher$Future'
 - ---- fields (total size 3 words):
 - private 'done' 'Z' @12  true
 - private final 'runnable' 'Ljava/lang/Runnable;' @16  a 'com/sun/javafx/application/PlatformImpl$$Lambda$92+0x0000000800c85d50'{0x000000070ded93a0} (e1bdb274)
 - final synthetic 'this$0' 'Lcom/sun/glass/ui/InvokeLaterDispatcher;' @20  a 'com/sun/glass/ui/InvokeLaterDispatcher'{0x000000070e815708} (e1d02ae1)
 x3=0x0 is NULL
 x4=0x00000000000130a8 is an unknown value
 x5=0x0 is NULL
 x6=0x0 is NULL
 x7=0x0 is NULL
 x8=0x000000010bea54ec is at begin+0 in a stub
StubRoutines::SafeFetchN [0x000000010bea54ec, 0x000000010bea54f8] (12 bytes)
 x9=0x0 is NULL
x10=0x2010000030300000 is an unknown value
x11=0x0000000000000007 is an unknown value
x12=0x0000000000000004 is an unknown value
x13=0x0000600002008090 points into unknown readable memory: 0x7a0e000185b37c40 | 40 7c b3 85 01 00 0e 7a
x14=0x00000e0000000000 is an unknown value
x15=0x00000001037b1f98: OBJC_CLASS_$_GlassRunnable+0 in /Users/junyeopkim/.openjfx/cache/17.0.1/libglass.dylib at 0x000000010376c000
x16=0x0000000185ca10fc: pthread_getspecific+0 in /usr/lib/system/libsystem_pthread.dylib at 0x0000000185c9f000
x17=0x0000600002a1a160 points into unknown readable memory: 0xfffffffffffffffe | fe ff ff ff ff ff ff ff
x18=0x0 is NULL
x19=0x00006000025182a0 points into unknown readable memory: 0x0000600000c10300 | 00 03 c1 00 00 60 00 00
x20=0x0000000159606f80 points into unknown readable memory: 0x0000000159612d70 | 70 2d 61 59 01 00 00 00
x21=0x0000000159607188 points into unknown readable memory: 0x0000000000000000 | 00 00 00 00 00 00 00 00
x22=0x000000015a839200 is a thread
x23=0x0000000000000001 is an unknown value
x24=0x0000000159607140 is a global jni handle
x25=0x00000001043d15d8: _ZN12StubRoutines17_safefetchN_entryE+0 in /Library/Java/JavaVirtualMachines/jdk-17.0.1.jdk/Contents/Home/lib/server/libjvm.dylib at 0x0000000103840000
x26=0x0000000126519280 is pointing into metadata
x27=0x0 is NULL
x28=0x000000015a839200 is a thread


Registers:
 x0=0x0000000159607188  x1=0x0000000000000000  x2=0x000000070eb48820  x3=0x0000000000000000
 x4=0x00000000000130a8  x5=0x0000000000000000  x6=0x0000000000000000  x7=0x0000000000000000
 x8=0x000000010bea54ec  x9=0x0000000000000000 x10=0x2010000030300000 x11=0x0000000000000007
x12=0x0000000000000004 x13=0x0000600002008090 x14=0x00000e0000000000 x15=0x00000001037b1f98
x16=0x0000000185ca10fc x17=0x0000600002a1a160 x18=0x0000000000000000 x19=0x00006000025182a0
x20=0x0000000159606f80 x21=0x0000000159607188 x22=0x000000015a839200 x23=0x0000000000000001
x24=0x0000000159607140 x25=0x00000001043d15d8 x26=0x0000000126519280 x27=0x0000000000000000
x28=0x000000015a839200  fp=0x00000002804127f0  lr=0x0000000103fdcfd8  sp=0x00000002804127b0
pc=0x000000010bea54f0 cpsr=0x0000000060001000
Top of Stack: (sp=0x00000002804127b0)
0x00000002804127b0:   0000000126519280 0000000000000001
0x00000002804127c0:   00000002804129a8 0000600000c003f0
0x00000002804127d0:   0000000000000000 0000000159607170
0x00000002804127e0:   0000000159607170 00006000025182a0
0x00000002804127f0:   0000000280412830 0000000103fde208
0x0000000280412800:   0000000000000001 0000000159607170
0x0000000280412810:   0000000000000000 0000000159607170
0x0000000280412820:   0000000000000001 000000012884b000
0x0000000280412830:   0000000280412860 0000000103cf8f30
0x0000000280412840:   0000600000c00410 00000001cfd66be0
0x0000000280412850:   0000000000000000 0000600000c00410
0x0000000280412860:   0000000280412890 0000000103776b08
0x0000000280412870:   156bacbaa8cb001c 0000000000000000
0x0000000280412880:   0000000000000000 0000600001b03340
0x0000000280412890:   00000002804128d0 0000000186c6e618
0x00000002804128a0:   00000002804129a8 0000600000c003f0
0x00000002804128b0:   0000600000c00410 156bacbaa8cb001c
0x00000002804128c0:   0000000000000000 0000000000000000
0x00000002804128d0:   0000000280412910 b276800186c3a98c
0x00000002804128e0:   00000002804129a8 000000010beac7c0
0x00000002804128f0:   0000000000000000 00000001043d8f90
0x0000000280412900:   0000000280412920 000000010beab730
0x0000000280412910:   0000000280412980 f47c00010bead8ac
0x0000000280412920:   000000012651b8e8 0000000000000001
0x0000000280412930:   0000000280412930 0000000000000000
0x0000000280412940:   00000002804129a8 0000000126519280
0x0000000280412950:   000000070e80b620 0000000000000000
0x0000000280412960:   0000000000000000 00000001264f2780
0x0000000280412970:   0000000000000000 0000000280412980
0x0000000280412980:   0000000280412a00 000000010bea9fc8
0x0000000280412990:   0000000000000000 0000000000000000
0x00000002804129a0:   000000070eb48820 000000070e80b698 

Instructions: (pc=0x000000010bea54f0)
0x000000010bea53f0:   f2a08729 f2c00029 6d425935 1e640886
0x000000010bea5400:   0c402d31 1e6408c7 1f5654d0 1e6c1017
0x000000010bea5410:   1f5050d0 1f504cd0 1f5048d0 1e650af6
0x000000010bea5420:   1f50d8f6 1f5694d6 1f5158f6 1e762880
0x000000010bea5430:   36000501 1e614000 14000026 2e251ca5
0x000000010bea5440:   d29c3009 f2a08729 f2c00029 6d425d36
0x000000010bea5450:   1e600806 0c402d32 1f5758c7 1e6c101a
0x000000010bea5460:   1f4754c7 1e650805 1f4750c7 d2866668
0x000000010bea5470:   f2a7fa68 1f474cc7 1e6608c0 1f4748c7
0x000000010bea5480:   1e6e1019 eb08007f 540000ac 1f479400
0x000000010bea5490:   1f460340 1e603b20 1400000e d2a7fd29
0x000000010bea54a0:   eb09007f 540000ac 51480069 d3607d29
0x000000010bea54b0:   9e670121 14000002 1e6a5001 1f679417
0x000000010bea54c0:   1f668742 1e613b23 1e773857 1e773860
0x000000010bea54d0:   a8c17ff3 910003bf a8c17bfd d65f03c0
0x000000010bea54e0:   b9400001 aa0103e0 d65f03c0 f9400001
0x000000010bea54f0:   aa0103e0 d65f03c0 00000000 00000000
0x000000010bea5500:   00000000 00000000 00000000 00000000
0x000000010bea5510:   00000000 00000000 00000000 00000000
0x000000010bea5520:   00000000 00000000 00000000 00000000
0x000000010bea5530:   00000000 00000000 00000000 00000000
0x000000010bea5540:   00000000 00000000 00000000 00000000
0x000000010bea5550:   00000000 00000000 00000000 00000000
0x000000010bea5560:   00000000 00000000 00000000 00000000
0x000000010bea5570:   00000000 00000000 00000000 00000000
0x000000010bea5580:   00000000 00000000 00000000 00000000
0x000000010bea5590:   00000000 00000000 00000000 00000000
0x000000010bea55a0:   00000000 00000000 00000000 00000000
0x000000010bea55b0:   00000000 00000000 00000000 00000000
0x000000010bea55c0:   00000000 00000000 00000000 00000000
0x000000010bea55d0:   00000000 00000000 00000000 00000000
0x000000010bea55e0:   00000000 00000000 00000000 00000000 


Stack slot to memory mapping:
stack at sp + 0 slots: 0x0000000126519280 is pointing into metadata
stack at sp + 1 slots: 0x0000000000000001 is an unknown value
stack at sp + 2 slots: 0x00000002804129a8 is pointing into the stack for thread: 0x000000015a839200
stack at sp + 3 slots: 0x0000600000c003f0 points into unknown readable memory: 0x01000001de452011 | 11 20 45 de 01 00 00 01
stack at sp + 4 slots: 0x0 is NULL
stack at sp + 5 slots: 0x0000000159607170 is a global jni handle
stack at sp + 6 slots: 0x0000000159607170 is a global jni handle
stack at sp + 7 slots: 0x00006000025182a0 points into unknown readable memory: 0x0000600000c10300 | 00 03 c1 00 00 60 00 00

StubRoutines::SafeFetchN [0x000000010bea54ec, 0x000000010bea54f8] (12 bytes)
[MachCode]
  0x000000010bea54ec: 0100 40f9 | e003 01aa | c003 5fd6 
[/MachCode]

---------------  P R O C E S S  ---------------

Threads class SMR info:
_java_thread_list=0x0000600000ed5e00, length=20, elements={
0x000000014a008a00, 0x000000015a026800, 0x000000015980d600, 0x0000000159812800,
0x0000000159815000, 0x0000000159815600, 0x0000000159815c00, 0x0000000159817800,
0x0000000159817e00, 0x000000015a01f200, 0x000000015981ac00, 0x000000015981b200,
0x000000015b9ce400, 0x000000015a839200, 0x000000012884b000, 0x000000015988f200,
0x000000015ba1d000, 0x000000015a8fd000, 0x000000015a31ba00, 0x000000015a95e000
}

Java Threads: ( => current thread )
  0x000000014a008a00 JavaThread "main" [_thread_blocked, id=9987, stack(0x000000016d77c000,0x000000016d97f000)]
  0x000000015a026800 JavaThread "Reference Handler" daemon [_thread_blocked, id=16899, stack(0x000000016e5d0000,0x000000016e7d3000)]
  0x000000015980d600 JavaThread "Finalizer" daemon [_thread_blocked, id=15619, stack(0x000000016e7dc000,0x000000016e9df000)]
  0x0000000159812800 JavaThread "Signal Dispatcher" daemon [_thread_blocked, id=22787, stack(0x000000016eb00000,0x000000016ed03000)]
  0x0000000159815000 JavaThread "Service Thread" daemon [_thread_blocked, id=23043, stack(0x000000016ed0c000,0x000000016ef0f000)]
  0x0000000159815600 JavaThread "Monitor Deflation Thread" daemon [_thread_blocked, id=23299, stack(0x000000016ef18000,0x000000016f11b000)]
  0x0000000159815c00 JavaThread "C2 CompilerThread0" daemon [_thread_blocked, id=41731, stack(0x000000016f124000,0x000000016f327000)]
  0x0000000159817800 JavaThread "C1 CompilerThread0" daemon [_thread_blocked, id=41475, stack(0x000000016f330000,0x000000016f533000)]
  0x0000000159817e00 JavaThread "Sweeper thread" daemon [_thread_blocked, id=24323, stack(0x000000016f53c000,0x000000016f73f000)]
  0x000000015a01f200 JavaThread "Common-Cleaner" daemon [_thread_blocked, id=24579, stack(0x000000016f748000,0x000000016f94b000)]
  0x000000015981ac00 JavaThread "Monitor Ctrl-Break" daemon [_thread_in_native, id=24835, stack(0x000000016f954000,0x000000016fb57000)]
  0x000000015981b200 JavaThread "Notification Thread" daemon [_thread_blocked, id=40451, stack(0x000000016fb60000,0x000000016fd63000)]
  0x000000015b9ce400 JavaThread "QuantumRenderer-0" daemon [_thread_blocked, id=39939, stack(0x0000000280004000,0x0000000280207000)]
=>0x000000015a839200 JavaThread "InvokeLaterDispatcher" daemon [_thread_in_native, id=31243, stack(0x0000000280210000,0x0000000280413000)]
  0x000000012884b000 JavaThread "JavaFX Application Thread" [_thread_in_native, id=259, stack(0x000000016cef4000,0x000000016d6f0000)]
  0x000000015988f200 JavaThread "PulseTimer-CVDisplayLink thread" daemon [_thread_in_native, id=77571, stack(0x00000002804a8000,0x000000028052b000)]
  0x000000015ba1d000 JavaThread "JavaFX-Launcher" [_thread_blocked, id=56835, stack(0x00000002805c0000,0x00000002807c3000)]
  0x000000015a8fd000 JavaThread "Prism Font Disposer" daemon [_thread_blocked, id=59147, stack(0x0000000281208000,0x000000028140b000)]
  0x000000015a31ba00 JavaThread "Cleaner-0" daemon [_thread_blocked, id=65551, stack(0x00000002814a0000,0x00000002816a3000)]
  0x000000015a95e000 JavaThread "Attach Listener" daemon [_thread_blocked, id=173851, stack(0x00000002816ac000,0x00000002818af000)]

Other Threads:
  0x0000000159708d50 VMThread "VM Thread" [stack: 0x000000016e3c4000,0x000000016e5c7000] [id=14851]
  0x000000015b01a630 WatcherThread [stack: 0x000000016fd6c000,0x000000016ff6f000] [id=40195]
  0x000000015b106dc0 GCTaskThread "GC Thread#0" [stack: 0x000000016d988000,0x000000016db8b000] [id=20227]
  0x000000015b04a620 GCTaskThread "GC Thread#1" [stack: 0x00000002807cc000,0x00000002809cf000] [id=71939]
  0x000000015b04ae90 GCTaskThread "GC Thread#2" [stack: 0x00000002809d8000,0x0000000280bdb000] [id=71683]
  0x000000015b04b700 GCTaskThread "GC Thread#3" [stack: 0x0000000280be4000,0x0000000280de7000] [id=71171]
  0x000000015b04bf70 GCTaskThread "GC Thread#4" [stack: 0x0000000280df0000,0x0000000280ff3000] [id=57859]
  0x000000015b04c7e0 GCTaskThread "GC Thread#5" [stack: 0x0000000280ffc000,0x00000002811ff000] [id=58371]
  0x000000015b107470 ConcurrentGCThread "G1 Main Marker" [stack: 0x000000016db94000,0x000000016dd97000] [id=19971]
  0x000000015b107cf0 ConcurrentGCThread "G1 Conc#0" [stack: 0x000000016dda0000,0x000000016dfa3000] [id=13059]
  0x000000015b109b60 ConcurrentGCThread "G1 Refine#0" [stack: 0x000000016dfac000,0x000000016e1af000] [id=18691]
  0x0000000159705190 ConcurrentGCThread "G1 Service" [stack: 0x000000016e1b8000,0x000000016e3bb000] [id=13571]

Threads with active compile tasks:

VM state: not at safepoint (normal execution)

VM Mutex/Monitor currently owned by a thread: None

Heap address: 0x0000000700000000, size: 4096 MB, Compressed Oops mode: Zero based, Oop shift amount: 3

CDS archive(s) mapped at: [0x0000000800000000-0x0000000800bd4000-0x0000000800bd4000), size 12402688, SharedBaseAddress: 0x0000000800000000, ArchiveRelocationMode: 0.
Compressed class space mapped at: 0x0000000800c00000-0x0000000840c00000, reserved size: 1073741824
Narrow klass base: 0x0000000800000000, Narrow klass shift: 0, Narrow klass range: 0x100000000

GC Precious Log:
 CPUs: 8 total, 8 available
 Memory: 16384M
 Large Page Support: Disabled
 NUMA Support: Disabled
 Compressed Oops: Enabled (Zero based)
 Heap Region Size: 2M
 Heap Min Capacity: 8M
 Heap Initial Capacity: 256M
 Heap Max Capacity: 4G
 Pre-touch: Disabled
 Parallel Workers: 8
 Concurrent Workers: 2
 Concurrent Refinement Workers: 8
 Periodic GC: Disabled

Heap:
 garbage-first heap   total 266240K, used 35882K [0x0000000700000000, 0x0000000800000000)
  region size 2048K, 17 young (34816K), 2 survivors (4096K)
 Metaspace       used 13122K, committed 13376K, reserved 1064960K
  class space    used 1965K, committed 2112K, reserved 1048576K

Heap Regions: E=young(eden), S=young(survivor), O=old, HS=humongous(starts), HC=humongous(continues), CS=collection set, F=free, OA=open archive, CA=closed archive, TAMS=top-at-mark-start (previous, next)
|   0|0x0000000700000000, 0x0000000700200000, 0x0000000700200000|100%|HS|  |TAMS 0x0000000700000000, 0x0000000700000000| Complete 
|   1|0x0000000700200000, 0x0000000700200000, 0x0000000700400000|  0%| F|  |TAMS 0x0000000700200000, 0x0000000700200000| Untracked 
|   2|0x0000000700400000, 0x0000000700400000, 0x0000000700600000|  0%| F|  |TAMS 0x0000000700400000, 0x0000000700400000| Untracked 
|   3|0x0000000700600000, 0x0000000700600000, 0x0000000700800000|  0%| F|  |TAMS 0x0000000700600000, 0x0000000700600000| Untracked 
|   4|0x0000000700800000, 0x0000000700800000, 0x0000000700a00000|  0%| F|  |TAMS 0x0000000700800000, 0x0000000700800000| Untracked 
|   5|0x0000000700a00000, 0x0000000700a00000, 0x0000000700c00000|  0%| F|  |TAMS 0x0000000700a00000, 0x0000000700a00000| Untracked 
|   6|0x0000000700c00000, 0x0000000700c00000, 0x0000000700e00000|  0%| F|  |TAMS 0x0000000700c00000, 0x0000000700c00000| Untracked 
|   7|0x0000000700e00000, 0x0000000700e00000, 0x0000000701000000|  0%| F|  |TAMS 0x0000000700e00000, 0x0000000700e00000| Untracked 
|   8|0x0000000701000000, 0x0000000701000000, 0x0000000701200000|  0%| F|  |TAMS 0x0000000701000000, 0x0000000701000000| Untracked 
|   9|0x0000000701200000, 0x0000000701200000, 0x0000000701400000|  0%| F|  |TAMS 0x0000000701200000, 0x0000000701200000| Untracked 
|  10|0x0000000701400000, 0x0000000701400000, 0x0000000701600000|  0%| F|  |TAMS 0x0000000701400000, 0x0000000701400000| Untracked 
|  11|0x0000000701600000, 0x0000000701600000, 0x0000000701800000|  0%| F|  |TAMS 0x0000000701600000, 0x0000000701600000| Untracked 
|  12|0x0000000701800000, 0x0000000701800000, 0x0000000701a00000|  0%| F|  |TAMS 0x0000000701800000, 0x0000000701800000| Untracked 
|  13|0x0000000701a00000, 0x0000000701a00000, 0x0000000701c00000|  0%| F|  |TAMS 0x0000000701a00000, 0x0000000701a00000| Untracked 
|  14|0x0000000701c00000, 0x0000000701c00000, 0x0000000701e00000|  0%| F|  |TAMS 0x0000000701c00000, 0x0000000701c00000| Untracked 
|  15|0x0000000701e00000, 0x0000000701e00000, 0x0000000702000000|  0%| F|  |TAMS 0x0000000701e00000, 0x0000000701e00000| Untracked 
|  16|0x0000000702000000, 0x0000000702000000, 0x0000000702200000|  0%| F|  |TAMS 0x0000000702000000, 0x0000000702000000| Untracked 
|  17|0x0000000702200000, 0x0000000702200000, 0x0000000702400000|  0%| F|  |TAMS 0x0000000702200000, 0x0000000702200000| Untracked 
|  18|0x0000000702400000, 0x0000000702400000, 0x0000000702600000|  0%| F|  |TAMS 0x0000000702400000, 0x0000000702400000| Untracked 
|  19|0x0000000702600000, 0x0000000702600000, 0x0000000702800000|  0%| F|  |TAMS 0x0000000702600000, 0x0000000702600000| Untracked 
|  20|0x0000000702800000, 0x0000000702800000, 0x0000000702a00000|  0%| F|  |TAMS 0x0000000702800000, 0x0000000702800000| Untracked 
|  21|0x0000000702a00000, 0x0000000702a00000, 0x0000000702c00000|  0%| F|  |TAMS 0x0000000702a00000, 0x0000000702a00000| Untracked 
|  22|0x0000000702c00000, 0x0000000702c00000, 0x0000000702e00000|  0%| F|  |TAMS 0x0000000702c00000, 0x0000000702c00000| Untracked 
|  23|0x0000000702e00000, 0x0000000702e00000, 0x0000000703000000|  0%| F|  |TAMS 0x0000000702e00000, 0x0000000702e00000| Untracked 
|  24|0x0000000703000000, 0x0000000703000000, 0x0000000703200000|  0%| F|  |TAMS 0x0000000703000000, 0x0000000703000000| Untracked 
|  25|0x0000000703200000, 0x0000000703200000, 0x0000000703400000|  0%| F|  |TAMS 0x0000000703200000, 0x0000000703200000| Untracked 
|  26|0x0000000703400000, 0x0000000703400000, 0x0000000703600000|  0%| F|  |TAMS 0x0000000703400000, 0x0000000703400000| Untracked 
|  27|0x0000000703600000, 0x0000000703600000, 0x0000000703800000|  0%| F|  |TAMS 0x0000000703600000, 0x0000000703600000| Untracked 
|  28|0x0000000703800000, 0x0000000703800000, 0x0000000703a00000|  0%| F|  |TAMS 0x0000000703800000, 0x0000000703800000| Untracked 
|  29|0x0000000703a00000, 0x0000000703a00000, 0x0000000703c00000|  0%| F|  |TAMS 0x0000000703a00000, 0x0000000703a00000| Untracked 
|  30|0x0000000703c00000, 0x0000000703c00000, 0x0000000703e00000|  0%| F|  |TAMS 0x0000000703c00000, 0x0000000703c00000| Untracked 
|  31|0x0000000703e00000, 0x0000000703e00000, 0x0000000704000000|  0%| F|  |TAMS 0x0000000703e00000, 0x0000000703e00000| Untracked 
|  32|0x0000000704000000, 0x0000000704000000, 0x0000000704200000|  0%| F|  |TAMS 0x0000000704000000, 0x0000000704000000| Untracked 
|  33|0x0000000704200000, 0x0000000704200000, 0x0000000704400000|  0%| F|  |TAMS 0x0000000704200000, 0x0000000704200000| Untracked 
|  34|0x0000000704400000, 0x0000000704400000, 0x0000000704600000|  0%| F|  |TAMS 0x0000000704400000, 0x0000000704400000| Untracked 
|  35|0x0000000704600000, 0x0000000704600000, 0x0000000704800000|  0%| F|  |TAMS 0x0000000704600000, 0x0000000704600000| Untracked 
|  36|0x0000000704800000, 0x0000000704800000, 0x0000000704a00000|  0%| F|  |TAMS 0x0000000704800000, 0x0000000704800000| Untracked 
|  37|0x0000000704a00000, 0x0000000704a00000, 0x0000000704c00000|  0%| F|  |TAMS 0x0000000704a00000, 0x0000000704a00000| Untracked 
|  38|0x0000000704c00000, 0x0000000704c00000, 0x0000000704e00000|  0%| F|  |TAMS 0x0000000704c00000, 0x0000000704c00000| Untracked 
|  39|0x0000000704e00000, 0x0000000704e00000, 0x0000000705000000|  0%| F|  |TAMS 0x0000000704e00000, 0x0000000704e00000| Untracked 
|  40|0x0000000705000000, 0x0000000705000000, 0x0000000705200000|  0%| F|  |TAMS 0x0000000705000000, 0x0000000705000000| Untracked 
|  41|0x0000000705200000, 0x0000000705200000, 0x0000000705400000|  0%| F|  |TAMS 0x0000000705200000, 0x0000000705200000| Untracked 
|  42|0x0000000705400000, 0x0000000705400000, 0x0000000705600000|  0%| F|  |TAMS 0x0000000705400000, 0x0000000705400000| Untracked 
|  43|0x0000000705600000, 0x0000000705600000, 0x0000000705800000|  0%| F|  |TAMS 0x0000000705600000, 0x0000000705600000| Untracked 
|  44|0x0000000705800000, 0x0000000705800000, 0x0000000705a00000|  0%| F|  |TAMS 0x0000000705800000, 0x0000000705800000| Untracked 
|  45|0x0000000705a00000, 0x0000000705a00000, 0x0000000705c00000|  0%| F|  |TAMS 0x0000000705a00000, 0x0000000705a00000| Untracked 
|  46|0x0000000705c00000, 0x0000000705c00000, 0x0000000705e00000|  0%| F|  |TAMS 0x0000000705c00000, 0x0000000705c00000| Untracked 
|  47|0x0000000705e00000, 0x0000000705e00000, 0x0000000706000000|  0%| F|  |TAMS 0x0000000705e00000, 0x0000000705e00000| Untracked 
|  48|0x0000000706000000, 0x0000000706000000, 0x0000000706200000|  0%| F|  |TAMS 0x0000000706000000, 0x0000000706000000| Untracked 
|  49|0x0000000706200000, 0x0000000706200000, 0x0000000706400000|  0%| F|  |TAMS 0x0000000706200000, 0x0000000706200000| Untracked 
|  50|0x0000000706400000, 0x0000000706400000, 0x0000000706600000|  0%| F|  |TAMS 0x0000000706400000, 0x0000000706400000| Untracked 
|  51|0x0000000706600000, 0x0000000706600000, 0x0000000706800000|  0%| F|  |TAMS 0x0000000706600000, 0x0000000706600000| Untracked 
|  52|0x0000000706800000, 0x0000000706800000, 0x0000000706a00000|  0%| F|  |TAMS 0x0000000706800000, 0x0000000706800000| Untracked 
|  53|0x0000000706a00000, 0x0000000706a00000, 0x0000000706c00000|  0%| F|  |TAMS 0x0000000706a00000, 0x0000000706a00000| Untracked 
|  54|0x0000000706c00000, 0x0000000706c00000, 0x0000000706e00000|  0%| F|  |TAMS 0x0000000706c00000, 0x0000000706c00000| Untracked 
|  55|0x0000000706e00000, 0x0000000706e00000, 0x0000000707000000|  0%| F|  |TAMS 0x0000000706e00000, 0x0000000706e00000| Untracked 
|  56|0x0000000707000000, 0x0000000707000000, 0x0000000707200000|  0%| F|  |TAMS 0x0000000707000000, 0x0000000707000000| Untracked 
|  57|0x0000000707200000, 0x0000000707200000, 0x0000000707400000|  0%| F|  |TAMS 0x0000000707200000, 0x0000000707200000| Untracked 
|  58|0x0000000707400000, 0x0000000707400000, 0x0000000707600000|  0%| F|  |TAMS 0x0000000707400000, 0x0000000707400000| Untracked 
|  59|0x0000000707600000, 0x0000000707600000, 0x0000000707800000|  0%| F|  |TAMS 0x0000000707600000, 0x0000000707600000| Untracked 
|  60|0x0000000707800000, 0x0000000707800000, 0x0000000707a00000|  0%| F|  |TAMS 0x0000000707800000, 0x0000000707800000| Untracked 
|  61|0x0000000707a00000, 0x0000000707a00000, 0x0000000707c00000|  0%| F|  |TAMS 0x0000000707a00000, 0x0000000707a00000| Untracked 
|  62|0x0000000707c00000, 0x0000000707c00000, 0x0000000707e00000|  0%| F|  |TAMS 0x0000000707c00000, 0x0000000707c00000| Untracked 
|  63|0x0000000707e00000, 0x0000000707e00000, 0x0000000708000000|  0%| F|  |TAMS 0x0000000707e00000, 0x0000000707e00000| Untracked 
|  64|0x0000000708000000, 0x0000000708000000, 0x0000000708200000|  0%| F|  |TAMS 0x0000000708000000, 0x0000000708000000| Untracked 
|  65|0x0000000708200000, 0x0000000708200000, 0x0000000708400000|  0%| F|  |TAMS 0x0000000708200000, 0x0000000708200000| Untracked 
|  66|0x0000000708400000, 0x0000000708400000, 0x0000000708600000|  0%| F|  |TAMS 0x0000000708400000, 0x0000000708400000| Untracked 
|  67|0x0000000708600000, 0x0000000708600000, 0x0000000708800000|  0%| F|  |TAMS 0x0000000708600000, 0x0000000708600000| Untracked 
|  68|0x0000000708800000, 0x0000000708800000, 0x0000000708a00000|  0%| F|  |TAMS 0x0000000708800000, 0x0000000708800000| Untracked 
|  69|0x0000000708a00000, 0x0000000708a00000, 0x0000000708c00000|  0%| F|  |TAMS 0x0000000708a00000, 0x0000000708a00000| Untracked 
|  70|0x0000000708c00000, 0x0000000708c00000, 0x0000000708e00000|  0%| F|  |TAMS 0x0000000708c00000, 0x0000000708c00000| Untracked 
|  71|0x0000000708e00000, 0x0000000708e00000, 0x0000000709000000|  0%| F|  |TAMS 0x0000000708e00000, 0x0000000708e00000| Untracked 
|  72|0x0000000709000000, 0x0000000709000000, 0x0000000709200000|  0%| F|  |TAMS 0x0000000709000000, 0x0000000709000000| Untracked 
|  73|0x0000000709200000, 0x0000000709200000, 0x0000000709400000|  0%| F|  |TAMS 0x0000000709200000, 0x0000000709200000| Untracked 
|  74|0x0000000709400000, 0x0000000709400000, 0x0000000709600000|  0%| F|  |TAMS 0x0000000709400000, 0x0000000709400000| Untracked 
|  75|0x0000000709600000, 0x0000000709600000, 0x0000000709800000|  0%| F|  |TAMS 0x0000000709600000, 0x0000000709600000| Untracked 
|  76|0x0000000709800000, 0x0000000709800000, 0x0000000709a00000|  0%| F|  |TAMS 0x0000000709800000, 0x0000000709800000| Untracked 
|  77|0x0000000709a00000, 0x0000000709a00000, 0x0000000709c00000|  0%| F|  |TAMS 0x0000000709a00000, 0x0000000709a00000| Untracked 
|  78|0x0000000709c00000, 0x0000000709c00000, 0x0000000709e00000|  0%| F|  |TAMS 0x0000000709c00000, 0x0000000709c00000| Untracked 
|  79|0x0000000709e00000, 0x0000000709e00000, 0x000000070a000000|  0%| F|  |TAMS 0x0000000709e00000, 0x0000000709e00000| Untracked 
|  80|0x000000070a000000, 0x000000070a000000, 0x000000070a200000|  0%| F|  |TAMS 0x000000070a000000, 0x000000070a000000| Untracked 
|  81|0x000000070a200000, 0x000000070a200000, 0x000000070a400000|  0%| F|  |TAMS 0x000000070a200000, 0x000000070a200000| Untracked 
|  82|0x000000070a400000, 0x000000070a400000, 0x000000070a600000|  0%| F|  |TAMS 0x000000070a400000, 0x000000070a400000| Untracked 
|  83|0x000000070a600000, 0x000000070a600000, 0x000000070a800000|  0%| F|  |TAMS 0x000000070a600000, 0x000000070a600000| Untracked 
|  84|0x000000070a800000, 0x000000070a800000, 0x000000070aa00000|  0%| F|  |TAMS 0x000000070a800000, 0x000000070a800000| Untracked 
|  85|0x000000070aa00000, 0x000000070aa00000, 0x000000070ac00000|  0%| F|  |TAMS 0x000000070aa00000, 0x000000070aa00000| Untracked 
|  86|0x000000070ac00000, 0x000000070ac00000, 0x000000070ae00000|  0%| F|  |TAMS 0x000000070ac00000, 0x000000070ac00000| Untracked 
|  87|0x000000070ae00000, 0x000000070ae00000, 0x000000070b000000|  0%| F|  |TAMS 0x000000070ae00000, 0x000000070ae00000| Untracked 
|  88|0x000000070b000000, 0x000000070b000000, 0x000000070b200000|  0%| F|  |TAMS 0x000000070b000000, 0x000000070b000000| Untracked 
|  89|0x000000070b200000, 0x000000070b200000, 0x000000070b400000|  0%| F|  |TAMS 0x000000070b200000, 0x000000070b200000| Untracked 
|  90|0x000000070b400000, 0x000000070b400000, 0x000000070b600000|  0%| F|  |TAMS 0x000000070b400000, 0x000000070b400000| Untracked 
|  91|0x000000070b600000, 0x000000070b600000, 0x000000070b800000|  0%| F|  |TAMS 0x000000070b600000, 0x000000070b600000| Untracked 
|  92|0x000000070b800000, 0x000000070b800000, 0x000000070ba00000|  0%| F|  |TAMS 0x000000070b800000, 0x000000070b800000| Untracked 
|  93|0x000000070ba00000, 0x000000070ba00000, 0x000000070bc00000|  0%| F|  |TAMS 0x000000070ba00000, 0x000000070ba00000| Untracked 
|  94|0x000000070bc00000, 0x000000070bc00000, 0x000000070be00000|  0%| F|  |TAMS 0x000000070bc00000, 0x000000070bc00000| Untracked 
|  95|0x000000070be00000, 0x000000070be00000, 0x000000070c000000|  0%| F|  |TAMS 0x000000070be00000, 0x000000070be00000| Untracked 
|  96|0x000000070c000000, 0x000000070c000000, 0x000000070c200000|  0%| F|  |TAMS 0x000000070c000000, 0x000000070c000000| Untracked 
|  97|0x000000070c200000, 0x000000070c200000, 0x000000070c400000|  0%| F|  |TAMS 0x000000070c200000, 0x000000070c200000| Untracked 
|  98|0x000000070c400000, 0x000000070c400000, 0x000000070c600000|  0%| F|  |TAMS 0x000000070c400000, 0x000000070c400000| Untracked 
|  99|0x000000070c600000, 0x000000070c600000, 0x000000070c800000|  0%| F|  |TAMS 0x000000070c600000, 0x000000070c600000| Untracked 
| 100|0x000000070c800000, 0x000000070c800000, 0x000000070ca00000|  0%| F|  |TAMS 0x000000070c800000, 0x000000070c800000| Untracked 
| 101|0x000000070ca00000, 0x000000070ca00000, 0x000000070cc00000|  0%| F|  |TAMS 0x000000070ca00000, 0x000000070ca00000| Untracked 
| 102|0x000000070cc00000, 0x000000070cc00000, 0x000000070ce00000|  0%| F|  |TAMS 0x000000070cc00000, 0x000000070cc00000| Untracked 
| 103|0x000000070ce00000, 0x000000070ce00000, 0x000000070d000000|  0%| F|  |TAMS 0x000000070ce00000, 0x000000070ce00000| Untracked 
| 104|0x000000070d000000, 0x000000070d000000, 0x000000070d200000|  0%| F|  |TAMS 0x000000070d000000, 0x000000070d000000| Untracked 
| 105|0x000000070d200000, 0x000000070d200000, 0x000000070d400000|  0%| F|  |TAMS 0x000000070d200000, 0x000000070d200000| Untracked 
| 106|0x000000070d400000, 0x000000070d400000, 0x000000070d600000|  0%| F|  |TAMS 0x000000070d400000, 0x000000070d400000| Untracked 
| 107|0x000000070d600000, 0x000000070d600000, 0x000000070d800000|  0%| F|  |TAMS 0x000000070d600000, 0x000000070d600000| Untracked 
| 108|0x000000070d800000, 0x000000070d800000, 0x000000070da00000|  0%| F|  |TAMS 0x000000070d800000, 0x000000070d800000| Untracked 
| 109|0x000000070da00000, 0x000000070da00000, 0x000000070dc00000|  0%| F|  |TAMS 0x000000070da00000, 0x000000070da00000| Untracked 
| 110|0x000000070dc00000, 0x000000070dc00000, 0x000000070de00000|  0%| F|  |TAMS 0x000000070dc00000, 0x000000070dc00000| Untracked 
| 111|0x000000070de00000, 0x000000070def23b0, 0x000000070e000000| 47%| E|  |TAMS 0x000000070de00000, 0x000000070de00000| Complete 
| 112|0x000000070e000000, 0x000000070e200000, 0x000000070e200000|100%| E|CS|TAMS 0x000000070e000000, 0x000000070e000000| Complete 
| 113|0x000000070e200000, 0x000000070e400000, 0x000000070e400000|100%| E|CS|TAMS 0x000000070e200000, 0x000000070e200000| Complete 
| 114|0x000000070e400000, 0x000000070e600000, 0x000000070e600000|100%| E|CS|TAMS 0x000000070e400000, 0x000000070e400000| Complete 
| 115|0x000000070e600000, 0x000000070e712a80, 0x000000070e800000| 53%| S|CS|TAMS 0x000000070e600000, 0x000000070e600000| Complete 
| 116|0x000000070e800000, 0x000000070ea00000, 0x000000070ea00000|100%| S|CS|TAMS 0x000000070e800000, 0x000000070e800000| Complete 
| 117|0x000000070ea00000, 0x000000070ec00000, 0x000000070ec00000|100%| E|CS|TAMS 0x000000070ea00000, 0x000000070ea00000| Complete 
| 118|0x000000070ec00000, 0x000000070ee00000, 0x000000070ee00000|100%| E|CS|TAMS 0x000000070ec00000, 0x000000070ec00000| Complete 
| 119|0x000000070ee00000, 0x000000070f000000, 0x000000070f000000|100%| E|CS|TAMS 0x000000070ee00000, 0x000000070ee00000| Complete 
| 120|0x000000070f000000, 0x000000070f200000, 0x000000070f200000|100%| E|CS|TAMS 0x000000070f000000, 0x000000070f000000| Complete 
| 121|0x000000070f200000, 0x000000070f400000, 0x000000070f400000|100%| E|CS|TAMS 0x000000070f200000, 0x000000070f200000| Complete 
| 122|0x000000070f400000, 0x000000070f600000, 0x000000070f600000|100%| E|CS|TAMS 0x000000070f400000, 0x000000070f400000| Complete 
| 123|0x000000070f600000, 0x000000070f800000, 0x000000070f800000|100%| E|CS|TAMS 0x000000070f600000, 0x000000070f600000| Complete 
| 124|0x000000070f800000, 0x000000070fa00000, 0x000000070fa00000|100%| E|CS|TAMS 0x000000070f800000, 0x000000070f800000| Complete 
| 125|0x000000070fa00000, 0x000000070fc00000, 0x000000070fc00000|100%| E|CS|TAMS 0x000000070fa00000, 0x000000070fa00000| Complete 
| 126|0x000000070fc00000, 0x000000070fe00000, 0x000000070fe00000|100%| E|CS|TAMS 0x000000070fc00000, 0x000000070fc00000| Complete 
| 127|0x000000070fe00000, 0x0000000710000000, 0x0000000710000000|100%| E|CS|TAMS 0x000000070fe00000, 0x000000070fe00000| Complete 
|2046|0x00000007ffc00000, 0x00000007ffd78000, 0x00000007ffe00000| 73%|OA|  |TAMS 0x00000007ffc00000, 0x00000007ffc00000| Untracked 
|2047|0x00000007ffe00000, 0x00000007ffe80000, 0x0000000800000000| 25%|CA|  |TAMS 0x00000007ffe00000, 0x00000007ffe00000| Untracked 

Card table byte_map: [0x000000011aea4000,0x000000011b6a4000] _byte_map_base: 0x00000001176a4000

Marking Bits (Prev, Next): (CMBitMap*) 0x000000015b83d410, (CMBitMap*) 0x000000015b83d450
 Prev Bits: [0x000000011bea4000, 0x000000011fea4000)
 Next Bits: [0x000000011fea4000, 0x0000000123ea4000)

Polling page: 0x0000000102894000

Metaspace:

Usage:
  Non-class:     10.90 MB used.
      Class:      1.92 MB used.
       Both:     12.81 MB used.

Virtual space:
  Non-class space:       16.00 MB reserved,      11.00 MB ( 69%) committed,  2 nodes.
      Class space:        1.00 GB reserved,       2.06 MB ( <1%) committed,  1 nodes.
             Both:        1.02 GB reserved,      13.06 MB (  1%) committed. 

Chunk freelists:
   Non-Class:  224.00 KB
       Class:  1.86 MB
        Both:  2.08 MB

MaxMetaspaceSize: unlimited
CompressedClassSpaceSize: 1.00 GB
Initial GC threshold: 21.00 MB
Current GC threshold: 21.00 MB
CDS: on
MetaspaceReclaimPolicy: balanced
 - commit_granule_bytes: 65536.
 - commit_granule_words: 8192.
 - virtual_space_node_default_size: 1048576.
 - enlarge_chunks_in_place: 1.
 - new_chunks_are_fully_committed: 0.
 - uncommit_free_chunks: 1.
 - use_allocation_guard: 0.
 - handle_deallocations: 1.


Internal statistics:

num_allocs_failed_limit: 0.
num_arena_births: 148.
num_arena_deaths: 0.
num_vsnodes_births: 3.
num_vsnodes_deaths: 0.
num_space_committed: 209.
num_space_uncommitted: 0.
num_chunks_returned_to_freelist: 0.
num_chunks_taken_from_freelist: 563.
num_chunk_merges: 0.
num_chunk_splits: 402.
num_chunks_enlarged: 321.
num_purges: 0.
num_inconsistent_stats: 0.

CodeHeap 'non-profiled nmethods': size=120032Kb used=640Kb max_used=640Kb free=119391Kb
 bounds [0x000000011396c000, 0x0000000113bdc000, 0x000000011aea4000]
CodeHeap 'profiled nmethods': size=120016Kb used=3580Kb max_used=3580Kb free=116435Kb
 bounds [0x000000010c438000, 0x000000010c7b8000, 0x000000011396c000]
CodeHeap 'non-nmethods': size=5712Kb used=1363Kb max_used=1431Kb free=4348Kb
 bounds [0x000000010bea4000, 0x000000010c114000, 0x000000010c438000]
 total_blobs=2618 nmethods=1868 adapters=666
 compilation: enabled
              stopped_count=0, restarted_count=0
 full_count=0

Compilation events (20 events):
Event: 4.593 Thread 0x0000000159817800 1908   !   3       javafx.event.Event::clone (16 bytes)
Event: 4.593 Thread 0x0000000159817800 nmethod 1908 0x000000010c7ae710 code [0x000000010c7ae8c0, 0x000000010c7aeb08]
Event: 4.593 Thread 0x0000000159815c00 1909       4       java.util.HashMap::getNode (150 bytes)
Event: 4.593 Thread 0x0000000159817800 1910       3       com.sun.javafx.animation.TickCalculation::fromNano (10 bytes)
Event: 4.593 Thread 0x0000000159817800 nmethod 1910 0x000000010c7aec10 code [0x000000010c7aee00, 0x000000010c7aef58]
Event: 4.593 Thread 0x0000000159817800 1911       3       javafx.beans.property.BooleanPropertyBase::isBound (13 bytes)
Event: 4.594 Thread 0x0000000159817800 nmethod 1911 0x000000010c7af010 code [0x000000010c7af1c0, 0x000000010c7af368]
Event: 4.594 Thread 0x0000000159817800 1912       3       javafx.css.Size::pixels (7 bytes)
Event: 4.594 Thread 0x0000000159817800 nmethod 1912 0x000000010c7af410 code [0x000000010c7af5c0, 0x000000010c7af758]
Event: 4.594 Thread 0x0000000159817800 1915       3       com.sun.javafx.css.ParsedValueImpl::hashCode (236 bytes)
Event: 4.595 Thread 0x0000000159817800 nmethod 1915 0x000000010c7af810 code [0x000000010c7afac0, 0x000000010c7b08b8]
Event: 4.595 Thread 0x0000000159817800 1916       3       java.util.ArrayList$SubList::size (9 bytes)
Event: 4.595 Thread 0x0000000159817800 nmethod 1916 0x000000010c7b0c10 code [0x000000010c7b0dc0, 0x000000010c7b1098]
Event: 4.595 Thread 0x0000000159817800 1917       3       javafx.scene.CssStyleHelper::resolveRef (134 bytes)
Event: 4.595 Thread 0x0000000159817800 nmethod 1917 0x000000010c7b1210 code [0x000000010c7b1500, 0x000000010c7b2408]
Event: 4.595 Thread 0x0000000159817800 1918       3       java.util.ArrayList$SubList::get (27 bytes)
Event: 4.596 Thread 0x0000000159817800 nmethod 1918 0x000000010c7b2810 code [0x000000010c7b2a40, 0x000000010c7b2f48]
Event: 4.596 Thread 0x0000000159817800 1913       3       javafx.css.Size::pixels (14 bytes)
Event: 4.596 Thread 0x0000000159817800 nmethod 1913 0x000000010c7b3210 code [0x000000010c7b33c0, 0x000000010c7b3618]
Event: 4.596 Thread 0x0000000159817800 1924   !   3       com.sun.javafx.css.StyleManager::getCacheContainer (152 bytes)

GC Heap History (2 events):
Event: 0.337 GC heap before
{Heap before GC invocations=0 (full 0):
 garbage-first heap   total 266240K, used 24544K [0x0000000700000000, 0x0000000800000000)
  region size 2048K, 11 young (22528K), 0 survivors (0K)
 Metaspace       used 6459K, committed 6656K, reserved 1056768K
  class space    used 803K, committed 896K, reserved 1048576K
}
Event: 0.339 GC heap after
{Heap after GC invocations=1 (full 0):
 garbage-first heap   total 266240K, used 5162K [0x0000000700000000, 0x0000000800000000)
  region size 2048K, 2 young (4096K), 2 survivors (4096K)
 Metaspace       used 6459K, committed 6656K, reserved 1056768K
  class space    used 803K, committed 896K, reserved 1048576K
}

Deoptimization events (20 events):
Event: 0.553 Thread 0x000000012884b000 Uncommon trap: trap_request=0xffffffc6 fr.pc=0x00000001139b48d8 relative=0x0000000000000558
Event: 0.553 Thread 0x000000012884b000 Uncommon trap: reason=bimorphic_or_optimized_type_check action=maybe_recompile pc=0x00000001139b48d8 method=java.util.concurrent.ConcurrentHashMap.get(Ljava/lang/Object;)Ljava/lang/Object; @ 149 c2
Event: 0.553 Thread 0x000000012884b000 DEOPT PACKING pc=0x00000001139b48d8 sp=0x000000016d6e9bb0
Event: 0.553 Thread 0x000000012884b000 DEOPT UNPACKING pc=0x000000010bee2d1c sp=0x000000016d6e9b40 mode 2
Event: 1.205 Thread 0x000000015a95e000 Uncommon trap: trap_request=0xffffff45 fr.pc=0x00000001139c141c relative=0x0000000000000f1c
Event: 1.205 Thread 0x000000015a95e000 Uncommon trap: reason=unstable_if action=reinterpret pc=0x00000001139c141c method=java.util.concurrent.ConcurrentHashMap.putVal(Ljava/lang/Object;Ljava/lang/Object;Z)Ljava/lang/Object; @ 148 c2
Event: 1.205 Thread 0x000000015a95e000 DEOPT PACKING pc=0x00000001139c141c sp=0x00000002818ad880
Event: 1.205 Thread 0x000000015a95e000 DEOPT UNPACKING pc=0x000000010bee2d1c sp=0x00000002818ad790 mode 2
Event: 1.206 Thread 0x000000015a95e000 Uncommon trap: trap_request=0xffffff45 fr.pc=0x000000011397e6b8 relative=0x00000000000000f8
Event: 1.206 Thread 0x000000015a95e000 Uncommon trap: reason=unstable_if action=reinterpret pc=0x000000011397e6b8 method=java.lang.StringLatin1.lastIndexOf([BI[BII)I @ 86 c2
Event: 1.206 Thread 0x000000015a95e000 DEOPT PACKING pc=0x000000011397e6b8 sp=0x00000002818ad880
Event: 1.206 Thread 0x000000015a95e000 DEOPT UNPACKING pc=0x000000010bee2d1c sp=0x00000002818ad7e0 mode 2
Event: 3.364 Thread 0x000000015b9ce400 DEOPT PACKING pc=0x000000010c6e2fdc sp=0x00000002802054d0
Event: 3.364 Thread 0x000000015b9ce400 DEOPT UNPACKING pc=0x000000010bee2b7c sp=0x0000000280205130 mode 0
Event: 3.366 Thread 0x000000015b9ce400 DEOPT PACKING pc=0x000000010c6e2fdc sp=0x00000002802054d0
Event: 3.366 Thread 0x000000015b9ce400 DEOPT UNPACKING pc=0x000000010bee2b7c sp=0x0000000280205130 mode 0
Event: 3.368 Thread 0x000000015b9ce400 DEOPT PACKING pc=0x000000010c6e2fdc sp=0x00000002802054d0
Event: 3.368 Thread 0x000000015b9ce400 DEOPT UNPACKING pc=0x000000010bee2b7c sp=0x0000000280205130 mode 0
Event: 4.115 Thread 0x000000015b9ce400 DEOPT PACKING pc=0x000000010c74d3d4 sp=0x0000000280204d60
Event: 4.115 Thread 0x000000015b9ce400 DEOPT UNPACKING pc=0x000000010bee2b7c sp=0x0000000280204980 mode 0

Classes unloaded (0 events):
No events

Classes redefined (0 events):
No events

Internal exceptions (20 events):
Event: 0.293 Thread 0x000000015ba1d000 Exception <a 'java/lang/NoSuchMethodError'{0x000000070f1624d0}: 'void java.lang.invoke.DirectMethodHandle$Holder.invokeStatic(java.lang.Object, java.lang.Object, java.lang.Object, java.lang.Object)'> (0x000000070f1624d0) 
thrown [open/src/hotspot/share/interpreter/linkResolver.cpp, line 766]
Event: 0.312 Thread 0x000000012884b000 Exception <a 'java/lang/NoSuchMethodError'{0x000000070ecc0e30}: 'java.lang.Object java.lang.invoke.DirectMethodHandle$Holder.invokeStaticInit(java.lang.Object, java.lang.Object, java.lang.Object, java.lang.Object)'> (0x000000070ecc0e30) 
thrown [open/src/hotspot/share/interpreter/linkResolver.cpp, line 766]
Event: 0.313 Thread 0x000000012884b000 Exception <a 'java/lang/NullPointerException'{0x000000070eccc900}> (0x000000070eccc900) 
thrown [open/src/hotspot/share/interpreter/linkResolver.cpp, line 1357]
Event: 0.354 Thread 0x000000012884b000 Exception <a 'java/lang/NoSuchMethodError'{0x000000070fca4678}: 'void java.lang.invoke.DirectMethodHandle$Holder.invokeStaticInit(java.lang.Object, java.lang.Object)'> (0x000000070fca4678) 
thrown [open/src/hotspot/share/interpreter/linkResolver.cpp, line 766]
Event: 0.357 Thread 0x000000012884b000 Exception <a 'java/lang/NoSuchMethodError'{0x000000070fd8fc88}: 'void java.lang.invoke.DirectMethodHandle$Holder.invokeSpecial(java.lang.Object, java.lang.Object, java.lang.Object, java.lang.Object, java.lang.Object)'> (0x000000070fd8fc88) 
thrown [open/src/hotspot/share/interpreter/linkResolver.cpp, line 766]
Event: 0.373 Thread 0x000000012884b000 Exception <a 'sun/nio/fs/UnixException'{0x000000070f820a78}> (0x000000070f820a78) 
thrown [open/src/hotspot/share/prims/jni.cpp, line 516]
Event: 0.383 Thread 0x000000012884b000 Implicit null exception at 0x00000001139b2090 to 0x00000001139b254c
Event: 0.384 Thread 0x000000012884b000 Implicit null exception at 0x00000001139b0790 to 0x00000001139b0c3c
Event: 0.495 Thread 0x000000012884b000 Exception <a 'java/lang/NoSuchMethodError'{0x000000070f2e6060}: 'java.lang.Object java.lang.invoke.DirectMethodHandle$Holder.invokeInterface(java.lang.Object, java.lang.Object, java.lang.Object)'> (0x000000070f2e6060) 
thrown [open/src/hotspot/share/interpreter/linkResolver.cpp, line 766]
Event: 0.495 Thread 0x000000012884b000 Exception <a 'java/lang/IncompatibleClassChangeError'{0x000000070f2e99e8}: Found class java.lang.Object, but interface was expected> (0x000000070f2e99e8) 
thrown [open/src/hotspot/share/interpreter/linkResolver.cpp, line 833]
Event: 0.512 Thread 0x000000012884b000 Exception <a 'java/lang/ClassNotFoundException'{0x000000070f103e80}: com/sun/javafx/scene/control/skin/resources/controls> (0x000000070f103e80) 
thrown [open/src/hotspot/share/prims/jni.cpp, line 535]
Event: 0.512 Thread 0x000000012884b000 Exception <a 'java/lang/ClassNotFoundException'{0x000000070f111e20}: com/sun/javafx/scene/control/skin/resources/controls_en> (0x000000070f111e20) 
thrown [open/src/hotspot/share/prims/jni.cpp, line 535]
Event: 0.512 Thread 0x000000012884b000 Exception <a 'java/lang/ClassNotFoundException'{0x000000070f112db8}: com/sun/javafx/scene/control/skin/resources/controls_en_US> (0x000000070f112db8) 
thrown [open/src/hotspot/share/prims/jni.cpp, line 535]
Event: 0.526 Thread 0x000000012884b000 Exception <a 'java/lang/NoSuchMethodError'{0x000000070eecd820}: 'void java.lang.invoke.DirectMethodHandle$Holder.invokeSpecial(java.lang.Object, java.lang.Object, java.lang.Object, java.lang.Object, java.lang.Object, java.lang.Object)'> (0x000000070eecd820) 
thrown [open/src/hotspot/share/interpreter/linkResolver.cpp, line 766]
Event: 0.558 Thread 0x000000012884b000 Exception <a 'java/lang/NoSuchMethodError'{0x000000070ea81f88}: 'java.lang.Object java.lang.invoke.DirectMethodHandle$Holder.newInvokeSpecial(java.lang.Object, java.lang.Object, int)'> (0x000000070ea81f88) 
thrown [open/src/hotspot/share/interpreter/linkResolver.cpp, line 766]
Event: 0.597 Thread 0x000000015b9ce400 Exception <a 'java/lang/NoSuchMethodError'{0x000000070e4362b0}: 'int java.lang.invoke.DirectMethodHandle$Holder.invokeStaticInit(java.lang.Object, java.lang.Object)'> (0x000000070e4362b0) 
thrown [open/src/hotspot/share/interpreter/linkResolver.cpp, line 766]
Event: 0.609 Thread 0x000000012884b000 Exception <a 'java/lang/NoSuchMethodError'{0x000000070e4b6af0}: 'long java.lang.invoke.DirectMethodHandle$Holder.invokeStatic(java.lang.Object, java.lang.Object, java.lang.Object)'> (0x000000070e4b6af0) 
thrown [open/src/hotspot/share/interpreter/linkResolver.cpp, line 766]
Event: 0.609 Thread 0x000000012884b000 Exception <a 'java/lang/NoSuchMethodError'{0x000000070e4ba298}: 'long java.lang.invoke.DirectMethodHandle$Holder.invokeStaticInit(java.lang.Object, java.lang.Object, java.lang.Object)'> (0x000000070e4ba298) 
thrown [open/src/hotspot/share/interpreter/linkResolver.cpp, line 766]
Event: 0.610 Thread 0x000000012884b000 Exception <a 'java/lang/NoSuchMethodError'{0x000000070e4d1ea0}: 'java.lang.Object java.lang.invoke.DirectMethodHandle$Holder.newInvokeSpecial(java.lang.Object, java.lang.Object, long)'> (0x000000070e4d1ea0) 
thrown [open/src/hotspot/share/interpreter/linkResolver.cpp, line 766]
Event: 0.610 Thread 0x000000012884b000 Exception <a 'java/lang/NoSuchMethodError'{0x000000070e4d5768}: 'java.lang.Object java.lang.invoke.Invokers$Holder.linkToTargetMethod(java.lang.Object, long, java.lang.Object)'> (0x000000070e4d5768) 
thrown [open/src/hotspot/share/interpreter/linkResolver.cpp, line 766]

VM Operations (20 events):
Event: 0.263 Executing VM operation: ICBufferFull
Event: 0.264 Executing VM operation: ICBufferFull done
Event: 0.288 Executing VM operation: HandshakeAllThreads
Event: 0.288 Executing VM operation: HandshakeAllThreads done
Event: 0.330 Executing VM operation: HandshakeAllThreads
Event: 0.330 Executing VM operation: HandshakeAllThreads done
Event: 0.337 Executing VM operation: G1CollectForAllocation
Event: 0.339 Executing VM operation: G1CollectForAllocation done
Event: 0.488 Executing VM operation: HandshakeAllThreads
Event: 0.488 Executing VM operation: HandshakeAllThreads done
Event: 0.496 Executing VM operation: ICBufferFull
Event: 0.496 Executing VM operation: ICBufferFull done
Event: 0.644 Executing VM operation: ICBufferFull
Event: 0.644 Executing VM operation: ICBufferFull done
Event: 2.102 Executing VM operation: Cleanup
Event: 2.102 Executing VM operation: Cleanup done
Event: 3.107 Executing VM operation: Cleanup
Event: 3.107 Executing VM operation: Cleanup done
Event: 4.110 Executing VM operation: Cleanup
Event: 4.111 Executing VM operation: Cleanup done

Events (20 events):
Event: 1.204 loading class sun/util/locale/provider/TimeZoneNameProviderImpl done
Event: 1.204 loading class sun/util/cldr/CLDRTimeZoneNameProviderImpl done
Event: 1.205 loading class sun/util/locale/provider/BaseLocaleDataMetaInfo
Event: 1.205 loading class sun/util/locale/provider/BaseLocaleDataMetaInfo done
Event: 1.206 loading class sun/util/resources/cldr/TimeZoneNames
Event: 1.206 loading class sun/util/resources/TimeZoneNamesBundle
Event: 1.206 loading class sun/util/resources/OpenListResourceBundle
Event: 1.206 loading class sun/util/resources/OpenListResourceBundle done
Event: 1.206 loading class sun/util/resources/TimeZoneNamesBundle done
Event: 1.206 loading class sun/util/resources/cldr/TimeZoneNames done
Event: 1.206 loading class sun/util/resources/cldr/TimeZoneNames_en
Event: 1.206 loading class sun/util/resources/cldr/TimeZoneNames_en done
Event: 1.206 loading class sun/util/resources/cldr/TimeZoneNames_en_US
Event: 1.206 loading class sun/util/resources/cldr/TimeZoneNames_en_US done
Event: 1.227 loading class java/util/EnumMap$Values
Event: 1.227 loading class java/util/EnumMap$Values done
Event: 1.227 loading class java/util/EnumMap$ValueIterator
Event: 1.227 loading class java/util/EnumMap$EnumMapIterator
Event: 1.227 loading class java/util/EnumMap$EnumMapIterator done
Event: 1.227 loading class java/util/EnumMap$ValueIterator done


Dynamic libraries:
0x0000000102844000 	/Library/Java/JavaVirtualMachines/jdk-17.0.1.jdk/Contents/Home/lib/libjli.dylib
0x0000000190734000 	/usr/lib/libz.1.dylib
0x00000001907eb000 	/usr/lib/libSystem.B.dylib
0x00000001907e5000 	/usr/lib/system/libcache.dylib
0x00000001907a3000 	/usr/lib/system/libcommonCrypto.dylib
0x00000001907cc000 	/usr/lib/system/libcompiler_rt.dylib
0x00000001907c3000 	/usr/lib/system/libcopyfile.dylib
0x0000000185a2b000 	/usr/lib/system/libcorecrypto.dylib
0x0000000185ade000 	/usr/lib/system/libdispatch.dylib
0x0000000185cac000 	/usr/lib/system/libdyld.dylib
0x00000001907db000 	/usr/lib/system/libkeymgr.dylib
0x000000019077e000 	/usr/lib/system/libmacho.dylib
0x000000018fe73000 	/usr/lib/system/libquarantine.dylib
0x00000001907d8000 	/usr/lib/system/libremovefile.dylib
0x000000018ae14000 	/usr/lib/system/libsystem_asl.dylib
0x00000001859cd000 	/usr/lib/system/libsystem_blocks.dylib
0x0000000185b66000 	/usr/lib/system/libsystem_c.dylib
0x00000001907d0000 	/usr/lib/system/libsystem_collections.dylib
0x000000018f301000 	/usr/lib/system/libsystem_configuration.dylib
0x000000018e55d000 	/usr/lib/system/libsystem_containermanager.dylib
0x00000001904e0000 	/usr/lib/system/libsystem_coreservices.dylib
0x00000001883d4000 	/usr/lib/system/libsystem_darwin.dylib
0x00000001907dc000 	/usr/lib/system/libsystem_dnssd.dylib
0x0000000185b63000 	/usr/lib/system/libsystem_featureflags.dylib
0x0000000185cc1000 	/usr/lib/system/libsystem_info.dylib
0x0000000190746000 	/usr/lib/system/libsystem_m.dylib
0x0000000185ab3000 	/usr/lib/system/libsystem_malloc.dylib
0x000000018ada3000 	/usr/lib/system/libsystem_networkextension.dylib
0x000000018882d000 	/usr/lib/system/libsystem_notify.dylib
0x0000000196b29000 	/usr/lib/system/libsystem_product_info_filter.dylib
0x000000018f306000 	/usr/lib/system/libsystem_sandbox.dylib
0x00000001907d5000 	/usr/lib/system/libsystem_secinit.dylib
0x0000000185c67000 	/usr/lib/system/libsystem_kernel.dylib
0x0000000185cb9000 	/usr/lib/system/libsystem_platform.dylib
0x0000000185c9f000 	/usr/lib/system/libsystem_pthread.dylib
0x000000018c56c000 	/usr/lib/system/libsystem_symptoms.dylib
0x0000000185a11000 	/usr/lib/system/libsystem_trace.dylib
0x00000001907b0000 	/usr/lib/system/libunwind.dylib
0x00000001859cf000 	/usr/lib/system/libxpc.dylib
0x0000000185c4f000 	/usr/lib/libc++abi.dylib
0x0000000185b25000 	/usr/lib/libobjc.A.dylib
0x00000001907bb000 	/usr/lib/liboah.dylib
0x0000000185be8000 	/usr/lib/libc++.1.dylib
0x000000019c642000 	/System/Library/Frameworks/Cocoa.framework/Versions/A/Cocoa
0x000000018888e000 	/System/Library/Frameworks/AppKit.framework/Versions/C/AppKit
0x000000018bd94000 	/System/Library/Frameworks/CoreData.framework/Versions/A/CoreData
0x0000000186be9000 	/System/Library/Frameworks/Foundation.framework/Versions/C/Foundation
0x0000000189746000 	/System/Library/PrivateFrameworks/UIFoundation.framework/Versions/A/UIFoundation
0x0000000196823000 	/System/Library/PrivateFrameworks/RemoteViewServices.framework/Versions/A/RemoteViewServices
0x000000018eca9000 	/System/Library/PrivateFrameworks/XCTTargetBootstrap.framework/Versions/A/XCTTargetBootstrap
0x0000000192527000 	/System/Library/PrivateFrameworks/InternationalSupport.framework/Versions/A/InternationalSupport
0x00000001925b0000 	/System/Library/PrivateFrameworks/UserActivity.framework/Versions/A/UserActivity
0x0000000191a22000 	/usr/lib/libspindump.dylib
0x00000001899b7000 	/System/Library/Frameworks/UniformTypeIdentifiers.framework/Versions/A/UniformTypeIdentifiers
0x000000018d1f4000 	/usr/lib/libapp_launch_measurement.dylib
0x000000018c71e000 	/System/Library/PrivateFrameworks/CoreAnalytics.framework/Versions/A/CoreAnalytics
0x000000018d1f7000 	/System/Library/PrivateFrameworks/CoreAutoLayout.framework/Versions/A/CoreAutoLayout
0x000000018e59a000 	/System/Library/Frameworks/Metal.framework/Versions/A/Metal
0x000000018f311000 	/usr/lib/liblangid.dylib
0x000000018ecae000 	/System/Library/PrivateFrameworks/CoreSVG.framework/Versions/A/CoreSVG
0x000000018ae48000 	/System/Library/PrivateFrameworks/SkyLight.framework/Versions/A/SkyLight
0x000000018b21d000 	/System/Library/Frameworks/CoreGraphics.framework/Versions/A/CoreGraphics
0x0000000196eef000 	/System/Library/Frameworks/Accelerate.framework/Versions/A/Accelerate
0x0000000191499000 	/System/Library/PrivateFrameworks/IconServices.framework/Versions/A/IconServices
0x000000018e57c000 	/System/Library/Frameworks/IOSurface.framework/Versions/A/IOSurface
0x000000018c74f000 	/usr/lib/libDiagnosticMessagesClient.dylib
0x000000019a3f0000 	/System/Library/Frameworks/ApplicationServices.framework/Versions/A/ApplicationServices
0x000000018ec91000 	/System/Library/PrivateFrameworks/DFRFoundation.framework/Versions/A/DFRFoundation
0x000000018811e000 	/usr/lib/libicucore.A.dylib
0x00000001933d3000 	/System/Library/Frameworks/AudioToolbox.framework/Versions/A/AudioToolbox
0x0000000192533000 	/System/Library/PrivateFrameworks/DataDetectorsCore.framework/Versions/A/DataDetectorsCore
0x00000001a8e73000 	/System/Library/PrivateFrameworks/TextInput.framework/Versions/A/TextInput
0x000000018adbd000 	/usr/lib/libMobileGestalt.dylib
0x000000018e95d000 	/System/Library/Frameworks/Carbon.framework/Versions/A/Frameworks/HIToolbox.framework/Versions/A/HIToolbox
0x000000018cbd0000 	/System/Library/Frameworks/QuartzCore.framework/Versions/A/QuartzCore
0x0000000187da1000 	/System/Library/Frameworks/Security.framework/Versions/A/Security
0x0000000196863000 	/System/Library/Frameworks/Carbon.framework/Versions/A/Frameworks/SpeechRecognition.framework/Versions/A/SpeechRecognition
0x000000018cf4a000 	/System/Library/PrivateFrameworks/CoreUI.framework/Versions/A/CoreUI
0x000000018767e000 	/System/Library/Frameworks/CoreAudio.framework/Versions/A/CoreAudio
0x000000018c844000 	/System/Library/Frameworks/DiskArbitration.framework/Versions/A/DiskArbitration
0x0000000191e2c000 	/System/Library/PrivateFrameworks/MultitouchSupport.framework/Versions/A/MultitouchSupport
0x000000018adbb000 	/usr/lib/libenergytrace.dylib
0x0000000188756000 	/System/Library/Frameworks/IOKit.framework/Versions/A/IOKit
0x0000000196c52000 	/System/Library/Frameworks/CoreServices.framework/Versions/A/CoreServices
0x000000018d184000 	/System/Library/PrivateFrameworks/PerformanceAnalysis.framework/Versions/A/PerformanceAnalysis
0x00000001e715b000 	/System/Library/Frameworks/OpenGL.framework/Versions/A/OpenGL
0x000000018fd8b000 	/System/Library/PrivateFrameworks/MobileKeyBag.framework/Versions/A/MobileKeyBag
0x000000018b82a000 	/System/Library/Frameworks/ColorSync.framework/Versions/A/ColorSync
0x0000000185cee000 	/System/Library/Frameworks/CoreFoundation.framework/Versions/A/CoreFoundation
0x000000018ef2d000 	/System/Library/Frameworks/CoreImage.framework/Versions/A/CoreImage
0x00000001874a2000 	/System/Library/Frameworks/CoreText.framework/Versions/A/CoreText
0x000000018ecde000 	/System/Library/Frameworks/ImageIO.framework/Versions/A/ImageIO
0x00000001907f1000 	/System/Library/PrivateFrameworks/SoftLinking.framework/Versions/A/SoftLinking
0x000000018d242000 	/usr/lib/libxml2.2.dylib
0x0000000190a8a000 	/usr/lib/libcompression.dylib
0x0000000192483000 	/System/Library/PrivateFrameworks/TextureIO.framework/Versions/A/TextureIO
0x00000001911b2000 	/usr/lib/libate.dylib
0x0000000191077000 	/usr/lib/liblzma.5.dylib
0x00000001868dd000 	/System/Library/Frameworks/SystemConfiguration.framework/Versions/A/SystemConfiguration
0x00000001907ed000 	/usr/lib/libfakelink.dylib
0x000000018a8ef000 	/System/Library/Frameworks/CFNetwork.framework/Versions/A/CFNetwork
0x0000000190933000 	/usr/lib/libarchive.2.dylib
0x000000018f30d000 	/System/Library/PrivateFrameworks/AppleSystemInfo.framework/Versions/A/AppleSystemInfo
0x000000018fe9e000 	/usr/lib/libbsm.0.dylib
0x0000000189e60000 	/usr/lib/libnetwork.dylib
0x0000000190787000 	/usr/lib/system/libkxld.dylib
0x000000018fab1000 	/System/Library/PrivateFrameworks/IOMobileFramebuffer.framework/Versions/A/IOMobileFramebuffer
0x0000000204a87000 	/usr/lib/libCoreEntitlements.dylib
0x00000001904c2000 	/System/Library/PrivateFrameworks/AppleFSCompression.framework/Versions/A/AppleFSCompression
0x000000018fe86000 	/usr/lib/libcoretls.dylib
0x0000000191090000 	/usr/lib/libcoretls_cfhelpers.dylib
0x0000000190a85000 	/usr/lib/libpam.2.dylib
0x000000018c183000 	/usr/lib/libsqlite3.dylib
0x00000001910f9000 	/usr/lib/libxar.1.dylib
0x00000001904d3000 	/usr/lib/libbz2.1.0.dylib
0x00000001907f2000 	/usr/lib/libpcap.A.dylib
0x000000018c563000 	/usr/lib/libdns_services.dylib
0x0000000190a58000 	/usr/lib/libapple_nghttp2.dylib
0x000000019082f000 	/usr/lib/libiconv.2.dylib
0x000000019077d000 	/usr/lib/libcharset.1.dylib
0x000000018d1c0000 	/System/Library/Frameworks/CoreServices.framework/Versions/A/Frameworks/FSEvents.framework/Versions/A/FSEvents
0x00000001883df000 	/System/Library/Frameworks/CoreServices.framework/Versions/A/Frameworks/CarbonCore.framework/Versions/A/CarbonCore
0x000000018c7a4000 	/System/Library/Frameworks/CoreServices.framework/Versions/A/Frameworks/Metadata.framework/Versions/A/Metadata
0x00000001904e6000 	/System/Library/Frameworks/CoreServices.framework/Versions/A/Frameworks/OSServices.framework/Versions/A/OSServices
0x00000001909b9000 	/System/Library/Frameworks/CoreServices.framework/Versions/A/Frameworks/SearchKit.framework/Versions/A/SearchKit
0x000000018c4f2000 	/System/Library/Frameworks/CoreServices.framework/Versions/A/Frameworks/AE.framework/Versions/A/AE
0x0000000186234000 	/System/Library/Frameworks/CoreServices.framework/Versions/A/Frameworks/LaunchServices.framework/Versions/A/LaunchServices
0x0000000191020000 	/System/Library/Frameworks/CoreServices.framework/Versions/A/Frameworks/DictionaryServices.framework/Versions/A/DictionaryServices
0x000000018d1cd000 	/System/Library/Frameworks/CoreServices.framework/Versions/A/Frameworks/SharedFileList.framework/Versions/A/SharedFileList
0x000000018fe76000 	/usr/lib/libCheckFix.dylib
0x000000018ae2c000 	/System/Library/PrivateFrameworks/TCC.framework/Versions/A/TCC
0x000000018f313000 	/System/Library/PrivateFrameworks/CoreNLP.framework/Versions/A/CoreNLP
0x000000018c752000 	/System/Library/PrivateFrameworks/MetadataUtilities.framework/Versions/A/MetadataUtilities
0x0000000186996000 	/usr/lib/libmecabra.dylib
0x000000018feaf000 	/usr/lib/libmecab.dylib
0x0000000186962000 	/usr/lib/libCRFSuite.dylib
0x000000018ff0c000 	/usr/lib/libgermantok.dylib
0x0000000190a31000 	/usr/lib/libThaiTokenizer.dylib
0x000000018c84c000 	/System/Library/Frameworks/Accelerate.framework/Versions/A/Frameworks/vImage.framework/Versions/A/vImage
0x0000000196c29000 	/System/Library/Frameworks/Accelerate.framework/Versions/A/Frameworks/vecLib.framework/Versions/A/vecLib
0x000000019113e000 	/System/Library/Frameworks/Accelerate.framework/Versions/A/Frameworks/vecLib.framework/Versions/A/libvMisc.dylib
0x000000018f9b8000 	/System/Library/Frameworks/Accelerate.framework/Versions/A/Frameworks/vecLib.framework/Versions/A/libvDSP.dylib
0x00000001865bd000 	/System/Library/Frameworks/Accelerate.framework/Versions/A/Frameworks/vecLib.framework/Versions/A/libBLAS.dylib
0x0000000190b5b000 	/System/Library/Frameworks/Accelerate.framework/Versions/A/Frameworks/vecLib.framework/Versions/A/libLAPACK.dylib
0x000000018ff0f000 	/System/Library/Frameworks/Accelerate.framework/Versions/A/Frameworks/vecLib.framework/Versions/A/libLinearAlgebra.dylib
0x0000000190a70000 	/System/Library/Frameworks/Accelerate.framework/Versions/A/Frameworks/vecLib.framework/Versions/A/libSparseBLAS.dylib
0x0000000190b56000 	/System/Library/Frameworks/Accelerate.framework/Versions/A/Frameworks/vecLib.framework/Versions/A/libQuadrature.dylib
0x000000018f40c000 	/System/Library/Frameworks/Accelerate.framework/Versions/A/Frameworks/vecLib.framework/Versions/A/libBNNS.dylib
0x000000018687b000 	/System/Library/Frameworks/Accelerate.framework/Versions/A/Frameworks/vecLib.framework/Versions/A/libSparse.dylib
0x000000018f404000 	/System/Library/PrivateFrameworks/LinguisticData.framework/Versions/A/LinguisticData
0x0000000186833000 	/System/Library/PrivateFrameworks/Lexicon.framework/Versions/A/Lexicon
0x0000000191136000 	/usr/lib/libChineseTokenizer.dylib
0x0000000186fda000 	/System/Library/PrivateFrameworks/LanguageModeling.framework/Versions/A/LanguageModeling
0x0000000190a33000 	/System/Library/PrivateFrameworks/AppleSauce.framework/Versions/A/AppleSauce
0x000000018fa9e000 	/System/Library/PrivateFrameworks/CoreEmoji.framework/Versions/A/CoreEmoji
0x0000000190921000 	/usr/lib/libcmph.dylib
0x000000018d1a0000 	/System/Library/Frameworks/OpenDirectory.framework/Versions/A/Frameworks/CFOpenDirectory.framework/Versions/A/CFOpenDirectory
0x000000018d190000 	/System/Library/Frameworks/OpenDirectory.framework/Versions/A/OpenDirectory
0x0000000191092000 	/System/Library/PrivateFrameworks/APFS.framework/Versions/A/APFS
0x000000018fdc6000 	/System/Library/Frameworks/SecurityFoundation.framework/Versions/A/SecurityFoundation
0x0000000191108000 	/usr/lib/libutil.dylib
0x0000000188718000 	/System/Library/PrivateFrameworks/CoreServicesStore.framework/Versions/A/CoreServicesStore
0x000000019110c000 	/usr/lib/libxslt.1.dylib
0x000000018fe5a000 	/System/Library/PrivateFrameworks/BackgroundTaskManagement.framework/Versions/A/BackgroundTaskManagement
0x00000001923a4000 	/System/Library/Frameworks/ImageIO.framework/Versions/A/Resources/libRadiance.dylib
0x00000001923ad000 	/System/Library/Frameworks/ImageIO.framework/Versions/A/Resources/libJPEG.dylib
0x0000000192300000 	/System/Library/Frameworks/ImageIO.framework/Versions/A/Resources/libPng.dylib
0x0000000192322000 	/System/Library/Frameworks/ImageIO.framework/Versions/A/Resources/libTIFF.dylib
0x0000000192408000 	/System/Library/Frameworks/ImageIO.framework/Versions/A/Resources/libGIF.dylib
0x0000000191d3c000 	/System/Library/Frameworks/ImageIO.framework/Versions/A/Resources/libJP2.dylib
0x000000019145e000 	/usr/lib/libexpat.1.dylib
0x0000000191cf7000 	/System/Library/PrivateFrameworks/AppleJPEG.framework/Versions/A/AppleJPEG
0x000000018e819000 	/System/Library/PrivateFrameworks/FontServices.framework/libFontParser.dylib
0x000000018c497000 	/System/Library/PrivateFrameworks/RunningBoardServices.framework/Versions/A/RunningBoardServices
0x000000019cd15000 	/System/Library/PrivateFrameworks/IOSurfaceAccelerator.framework/Versions/A/IOSurfaceAccelerator
0x0000000191e28000 	/System/Library/PrivateFrameworks/WatchdogClient.framework/Versions/A/WatchdogClient
0x00000001870de000 	/System/Library/Frameworks/CoreDisplay.framework/Versions/A/CoreDisplay
0x000000018e703000 	/System/Library/Frameworks/CoreMedia.framework/Versions/A/CoreMedia
0x000000018e590000 	/System/Library/PrivateFrameworks/IOAccelerator.framework/Versions/A/IOAccelerator
0x000000018d330000 	/System/Library/Frameworks/CoreVideo.framework/Versions/A/CoreVideo
0x0000000190a83000 	/System/Library/Frameworks/MetalPerformanceShaders.framework/Versions/A/MetalPerformanceShaders
0x0000000191e67000 	/System/Library/Frameworks/VideoToolbox.framework/Versions/A/VideoToolbox
0x000000018c3db000 	/System/Library/PrivateFrameworks/BaseBoard.framework/Versions/A/BaseBoard
0x000000018c169000 	/System/Library/PrivateFrameworks/ProtocolBuffer.framework/Versions/A/ProtocolBuffer
0x000000019239f000 	/System/Library/PrivateFrameworks/GPUWrangler.framework/Versions/A/GPUWrangler
0x000000019237f000 	/System/Library/PrivateFrameworks/IOPresentment.framework/Versions/A/IOPresentment
0x00000001923a7000 	/System/Library/PrivateFrameworks/DSExternalDisplay.framework/Versions/A/DSExternalDisplay
0x00000001e714e000 	/System/Library/Frameworks/OpenGL.framework/Versions/A/Libraries/libCoreFSCache.dylib
0x00000001f160d000 	/System/Library/PrivateFrameworks/GPUCompiler.framework/Versions/31001/Libraries/libGPUCompilerUtils.dylib
0x000000019240d000 	/System/Library/PrivateFrameworks/CMCaptureCore.framework/Versions/A/CMCaptureCore
0x0000000191a0f000 	/System/Library/PrivateFrameworks/AppServerSupport.framework/Versions/A/AppServerSupport
0x0000000193c90000 	/System/Library/PrivateFrameworks/perfdata.framework/Versions/A/perfdata
0x00000001871fe000 	/System/Library/PrivateFrameworks/AudioToolboxCore.framework/Versions/A/AudioToolboxCore
0x000000018e6dc000 	/System/Library/PrivateFrameworks/caulk.framework/Versions/A/caulk
0x0000000193585000 	/usr/lib/libAudioStatistics.dylib
0x00000001a54da000 	/System/Library/PrivateFrameworks/SystemPolicy.framework/Versions/A/SystemPolicy
0x00000001937f1000 	/usr/lib/libSMC.dylib
0x000000019c524000 	/System/Library/Frameworks/CoreMIDI.framework/Versions/A/CoreMIDI
0x00000001922ce000 	/usr/lib/libAudioToolboxUtility.dylib
0x00000001a15a7000 	/System/Library/PrivateFrameworks/OSAServicesClient.framework/Versions/A/OSAServicesClient
0x0000000193c9d000 	/usr/lib/libperfcheck.dylib
0x00000001a5ff2000 	/usr/lib/libmis.dylib
0x00000001e71b0000 	/System/Library/Frameworks/OpenGL.framework/Versions/A/Libraries/libGLU.dylib
0x00000001e716f000 	/System/Library/Frameworks/OpenGL.framework/Versions/A/Libraries/libGFXShared.dylib
0x00000001e735c000 	/System/Library/Frameworks/OpenGL.framework/Versions/A/Libraries/libGL.dylib
0x00000001e7178000 	/System/Library/Frameworks/OpenGL.framework/Versions/A/Libraries/libGLImage.dylib
0x00000001e716c000 	/System/Library/Frameworks/OpenGL.framework/Versions/A/Libraries/libCVMSPluginSupport.dylib
0x00000001e7155000 	/System/Library/Frameworks/OpenGL.framework/Versions/A/Libraries/libCoreVMClient.dylib
0x000000018f28d000 	/System/Library/Frameworks/MetalPerformanceShaders.framework/Versions/A/Frameworks/MPSCore.framework/Versions/A/MPSCore
0x0000000190435000 	/System/Library/Frameworks/MetalPerformanceShaders.framework/Versions/A/Frameworks/MPSImage.framework/Versions/A/MPSImage
0x000000018ff24000 	/System/Library/Frameworks/MetalPerformanceShaders.framework/Versions/A/Frameworks/MPSNeuralNetwork.framework/Versions/A/MPSNeuralNetwork
0x000000019035d000 	/System/Library/Frameworks/MetalPerformanceShaders.framework/Versions/A/Frameworks/MPSMatrix.framework/Versions/A/MPSMatrix
0x0000000190136000 	/System/Library/Frameworks/MetalPerformanceShaders.framework/Versions/A/Frameworks/MPSRayIntersector.framework/Versions/A/MPSRayIntersector
0x000000019038e000 	/System/Library/Frameworks/MetalPerformanceShaders.framework/Versions/A/Frameworks/MPSNDArray.framework/Versions/A/MPSNDArray
0x00000001e92c7000 	/System/Library/Frameworks/MetalPerformanceShaders.framework/Versions/A/Frameworks/MPSFunctions.framework/Versions/A/MPSFunctions
0x0000000186494000 	/System/Library/PrivateFrameworks/MetalTools.framework/Versions/A/MetalTools
0x000000018f30b000 	/System/Library/PrivateFrameworks/AggregateDictionary.framework/Versions/A/AggregateDictionary
0x0000000191243000 	/usr/lib/libIOReport.dylib
0x000000019b542000 	/System/Library/PrivateFrameworks/ASEProcessing.framework/Versions/A/ASEProcessing
0x00000001915b8000 	/System/Library/PrivateFrameworks/FaceCore.framework/Versions/A/FaceCore
0x00000001915aa000 	/System/Library/PrivateFrameworks/GraphVisualizer.framework/Versions/A/GraphVisualizer
0x00000001f1524000 	/System/Library/PrivateFrameworks/FontServices.framework/Versions/A/FontServices
0x00000001919cb000 	/System/Library/PrivateFrameworks/OTSVG.framework/Versions/A/OTSVG
0x000000018cefa000 	/System/Library/Frameworks/ApplicationServices.framework/Versions/A/Frameworks/ATS.framework/Versions/A/Resources/libFontRegistry.dylib
0x0000000191a18000 	/System/Library/PrivateFrameworks/FontServices.framework/libhvf.dylib
0x00000001f1525000 	/System/Library/PrivateFrameworks/FontServices.framework/libXTFontStaticRegistryData.dylib
0x00000001e74fd000 	/System/Library/Frameworks/OpenCL.framework/Versions/A/OpenCL
0x0000000191412000 	/System/Library/PrivateFrameworks/AppleVA.framework/Versions/A/AppleVA
0x00000001935ad000 	/System/Library/Frameworks/ApplicationServices.framework/Versions/A/Frameworks/ATS.framework/Versions/A/ATS
0x000000018b927000 	/System/Library/Frameworks/ApplicationServices.framework/Versions/A/Frameworks/HIServices.framework/Versions/A/HIServices
0x0000000192417000 	/System/Library/Frameworks/ApplicationServices.framework/Versions/A/Frameworks/PrintCore.framework/Versions/A/PrintCore
0x0000000193944000 	/System/Library/Frameworks/ApplicationServices.framework/Versions/A/Frameworks/QD.framework/Versions/A/QD
0x000000019393c000 	/System/Library/Frameworks/ApplicationServices.framework/Versions/A/Frameworks/ColorSyncLegacy.framework/Versions/A/ColorSyncLegacy
0x0000000193599000 	/System/Library/Frameworks/ApplicationServices.framework/Versions/A/Frameworks/SpeechSynthesis.framework/Versions/A/SpeechSynthesis
0x00000001923d8000 	/System/Library/Frameworks/ApplicationServices.framework/Versions/A/Frameworks/ATSUI.framework/Versions/A/ATSUI
0x00000001938d1000 	/usr/lib/libcups.2.dylib
0x0000000193cab000 	/System/Library/Frameworks/Kerberos.framework/Versions/A/Kerberos
0x0000000193cbc000 	/System/Library/Frameworks/GSS.framework/Versions/A/GSS
0x000000019361d000 	/usr/lib/libresolv.9.dylib
0x0000000191a27000 	/System/Library/PrivateFrameworks/Heimdal.framework/Versions/A/Heimdal
0x000000019a777000 	/System/Library/Frameworks/Kerberos.framework/Versions/A/Libraries/libHeimdalProxy.dylib
0x000000018c575000 	/System/Library/Frameworks/Network.framework/Versions/A/Network
0x0000000191479000 	/usr/lib/libheimdal-asn1.dylib
0x0000000193d0c000 	/System/Library/PrivateFrameworks/CommonAuth.framework/Versions/A/CommonAuth
0x0000000193513000 	/System/Library/PrivateFrameworks/AudioSession.framework/Versions/A/AudioSession
0x000000019150b000 	/System/Library/PrivateFrameworks/MediaExperience.framework/Versions/A/MediaExperience
0x0000000193399000 	/System/Library/PrivateFrameworks/AudioSession.framework/libSessionUtility.dylib
0x0000000193950000 	/System/Library/PrivateFrameworks/AudioResourceArbitration.framework/Versions/A/AudioResourceArbitration
0x0000000197b06000 	/System/Library/PrivateFrameworks/PowerLog.framework/Versions/A/PowerLog
0x0000000191483000 	/System/Library/PrivateFrameworks/IconFoundation.framework/Versions/A/IconFoundation
0x000000019684f000 	/System/Library/PrivateFrameworks/SpeechRecognitionCore.framework/Versions/A/SpeechRecognitionCore
0x0000000103840000 	/Library/Java/JavaVirtualMachines/jdk-17.0.1.jdk/Contents/Home/lib/server/libjvm.dylib
0x0000000102968000 	/Library/Java/JavaVirtualMachines/jdk-17.0.1.jdk/Contents/Home/lib/libjimage.dylib
0x0000000102994000 	/Library/Java/JavaVirtualMachines/jdk-17.0.1.jdk/Contents/Home/lib/libinstrument.dylib
0x00000001029e0000 	/Library/Java/JavaVirtualMachines/jdk-17.0.1.jdk/Contents/Home/lib/libjava.dylib
0x0000000103494000 	/Library/Java/JavaVirtualMachines/jdk-17.0.1.jdk/Contents/Home/lib/libnio.dylib
0x00000001034b4000 	/Library/Java/JavaVirtualMachines/jdk-17.0.1.jdk/Contents/Home/lib/libnet.dylib
0x00000001029c4000 	/Library/Java/JavaVirtualMachines/jdk-17.0.1.jdk/Contents/Home/lib/libzip.dylib
0x00000001034d8000 	/Users/junyeopkim/.openjfx/cache/17.0.1/libprism_es2.dylib
0x00000001886db000 	/System/Library/PrivateFrameworks/CoreServicesInternal.framework/Versions/A/CoreServicesInternal
0x00000001e7366000 	/System/Library/Frameworks/OpenGL.framework/Versions/A/Resources/GLEngine.bundle/GLEngine
0x00000001e71ee000 	/System/Library/Frameworks/OpenGL.framework/Versions/A/Libraries/libGLProgrammability.dylib
0x00000001036d4000 	/System/Library/Extensions/AppleMetalOpenGLRenderer.bundle/Contents/MacOS/AppleMetalOpenGLRenderer
0x00000001e74d5000 	/System/Library/Frameworks/OpenGL.framework/Versions/A/Resources/GLRendererFloat.bundle/GLRendererFloat
0x00000001e75d5000 	/System/Library/Extensions/AGXMetal13_3.bundle/Contents/MacOS/AGXMetal13_3
0x00000001a600e000 	/System/Library/PrivateFrameworks/GPURawCounter.framework/Versions/A/GPURawCounter
0x00000001a0718000 	/System/Library/PrivateFrameworks/IOGPU.framework/Versions/A/IOGPU
0x000000010376c000 	/Users/junyeopkim/.openjfx/cache/17.0.1/libglass.dylib
0x0000000197d5e000 	/System/Library/Frameworks/FileProvider.framework/Versions/A/FileProvider
0x000000018c343000 	/System/Library/Frameworks/Accounts.framework/Versions/A/Accounts
0x0000000197ee2000 	/System/Library/PrivateFrameworks/GenerationalStorage.framework/Versions/A/GenerationalStorage
0x0000000198aa5000 	/System/Library/PrivateFrameworks/CoreSymbolication.framework/Versions/A/CoreSymbolication
0x0000000197afa000 	/System/Library/PrivateFrameworks/SymptomDiagnosticReporter.framework/Versions/A/SymptomDiagnosticReporter
0x00000001899cb000 	/System/Library/PrivateFrameworks/DesktopServicesPriv.framework/Versions/A/DesktopServicesPriv
0x000000018883d000 	/usr/lib/libsandbox.1.dylib
0x000000018d3be000 	/System/Library/PrivateFrameworks/UserManagement.framework/Versions/A/UserManagement
0x0000000198a62000 	/System/Library/PrivateFrameworks/DebugSymbols.framework/Versions/A/DebugSymbols
0x000000019392f000 	/System/Library/PrivateFrameworks/NetAuth.framework/Versions/A/NetAuth
0x000000019484d000 	/System/Library/PrivateFrameworks/Sharing.framework/Versions/A/Sharing
0x000000018d38e000 	/System/Library/PrivateFrameworks/login.framework/Versions/A/Frameworks/loginsupport.framework/Versions/A/loginsupport
0x0000000199c97000 	/System/Library/PrivateFrameworks/Apple80211.framework/Versions/A/Apple80211
0x0000000190519000 	/System/Library/PrivateFrameworks/AuthKit.framework/Versions/A/AuthKit
0x000000018fb9a000 	/System/Library/PrivateFrameworks/CoreUtils.framework/Versions/A/CoreUtils
0x000000018fabd000 	/System/Library/Frameworks/CoreWLAN.framework/Versions/A/CoreWLAN
0x00000001949bd000 	/System/Library/Frameworks/IOBluetooth.framework/Versions/A/IOBluetooth
0x0000000199cf7000 	/System/Library/PrivateFrameworks/CoreWiFi.framework/Versions/A/CoreWiFi
0x0000000198642000 	/System/Library/PrivateFrameworks/FrontBoardServices.framework/Versions/A/FrontBoardServices
0x00000001986da000 	/System/Library/PrivateFrameworks/BoardServices.framework/Versions/A/BoardServices
0x000000018fdb4000 	/System/Library/PrivateFrameworks/AssertionServices.framework/Versions/A/AssertionServices
0x0000000199e74000 	/System/Library/PrivateFrameworks/BackBoardServices.framework/Versions/A/BackBoardServices
0x0000000193da3000 	/System/Library/PrivateFrameworks/CorePhoneNumbers.framework/Versions/A/CorePhoneNumbers
0x0000000197c2a000 	/System/Library/PrivateFrameworks/DiskManagement.framework/Versions/A/DiskManagement
0x0000000197b2d000 	/System/Library/PrivateFrameworks/AppleIDAuthSupport.framework/Versions/A/AppleIDAuthSupport
0x00000001ebaee000 	/System/Library/PrivateFrameworks/AAAFoundation.framework/Versions/A/AAAFoundation
0x0000000193d82000 	/System/Library/PrivateFrameworks/KeychainCircle.framework/Versions/A/KeychainCircle
0x0000000197bf6000 	/System/Library/PrivateFrameworks/MediaKit.framework/Versions/A/MediaKit
0x0000000197b3a000 	/System/Library/Frameworks/DiscRecording.framework/Versions/A/DiscRecording
0x000000019138e000 	/usr/lib/libCoreStorage.dylib
0x000000019a171000 	/usr/lib/libcsfde.dylib
0x0000000194a92000 	/System/Library/PrivateFrameworks/ProtectedCloudStorage.framework/Versions/A/ProtectedCloudStorage
0x000000019a169000 	/System/Library/PrivateFrameworks/EFILogin.framework/Versions/A/EFILogin
0x0000000197f09000 	/System/Library/PrivateFrameworks/OctagonTrust.framework/Versions/A/OctagonTrust
0x00000001f06bf000 	/System/Library/PrivateFrameworks/CoreUtilsExtras.framework/Versions/A/CoreUtilsExtras
0x0000000197a5f000 	/System/Library/Frameworks/CoreBluetooth.framework/Versions/A/CoreBluetooth
0x000000019a7fc000 	/System/Library/Frameworks/AudioUnit.framework/Versions/A/AudioUnit
0x0000000191386000 	/usr/lib/libMatch.1.dylib
0x00000001aa4ba000 	/System/Library/Frameworks/Accelerate.framework/Versions/A/Frameworks/vImage.framework/Versions/A/Libraries/libCGInterfaces.dylib
0x00000001295ec000 	/usr/lib/libobjc-trampolines.dylib
0x0000000204c05000 	/usr/lib/libRosetta.dylib
0x000000018d088000 	/System/Library/PrivateFrameworks/ViewBridge.framework/Versions/A/ViewBridge
0x0000000191aea000 	/System/Library/PrivateFrameworks/login.framework/Versions/A/login
0x000000019124c000 	/System/Library/PrivateFrameworks/CrashReporterSupport.framework/Versions/A/CrashReporterSupport
0x00000001b1f33000 	/System/Library/PrivateFrameworks/OSAnalytics.framework/Versions/A/OSAnalytics
0x00000001bd231000 	/System/Library/PrivateFrameworks/Symbolication.framework/Versions/A/Symbolication
0x00000001a5fcf000 	/System/Library/PrivateFrameworks/MallocStackLogging.framework/Versions/A/MallocStackLogging
0x000000012d84c000 	/Users/junyeopkim/.openjfx/cache/17.0.1/libjavafx_font.dylib
0x0000000196f78000 	/System/Library/PrivateFrameworks/SystemAdministration.framework/Versions/A/SystemAdministration
0x000000019261e000 	/System/Library/Frameworks/MediaToolbox.framework/Versions/A/MediaToolbox
0x0000000196817000 	/System/Library/Frameworks/DirectoryService.framework/Versions/A/DirectoryService
0x0000000199ffe000 	/System/Library/PrivateFrameworks/DiskImages.framework/Versions/A/DiskImages
0x000000018fe65000 	/System/Library/Frameworks/ServiceManagement.framework/Versions/A/ServiceManagement
0x000000019a1e7000 	/System/Library/PrivateFrameworks/LoginUIKit.framework/Versions/A/Frameworks/LoginUICore.framework/Versions/A/LoginUICore
0x0000000191ca0000 	/usr/lib/libodfde.dylib
0x0000000197d2a000 	/System/Library/PrivateFrameworks/CoreAVCHD.framework/Versions/A/CoreAVCHD
0x0000000196f3a000 	/System/Library/Frameworks/MediaAccessibility.framework/Versions/A/MediaAccessibility
0x0000000197d26000 	/System/Library/PrivateFrameworks/Mangrove.framework/Versions/A/Mangrove
0x0000000196f47000 	/System/Library/PrivateFrameworks/AlgosScoreFramework.framework/Versions/A/AlgosScoreFramework
0x00000001ed7aa000 	/System/Library/PrivateFrameworks/CMPhoto.framework/Versions/A/CMPhoto
0x0000000197d1a000 	/System/Library/PrivateFrameworks/CoreAUC.framework/Versions/A/CoreAUC
0x000000019a17d000 	/usr/lib/libcurl.4.dylib
0x0000000204fad000 	/usr/lib/libcrypto.46.dylib
0x0000000205452000 	/usr/lib/libssl.48.dylib
0x0000000199e94000 	/System/Library/Frameworks/LDAP.framework/Versions/A/LDAP
0x0000000199ed0000 	/System/Library/PrivateFrameworks/TrustEvaluationAgent.framework/Versions/A/TrustEvaluationAgent
0x0000000193636000 	/usr/lib/libsasl2.2.dylib
0x0000000196f6d000 	/System/Library/PrivateFrameworks/CoreDaemon.framework/Versions/B/CoreDaemon
0x0000000196f67000 	/System/Library/PrivateFrameworks/AppleSRP.framework/Versions/A/AppleSRP


VM Arguments:
jvm_args: -javaagent:/Applications/IntelliJ IDEA CE.app/Contents/lib/idea_rt.jar=64146:/Applications/IntelliJ IDEA CE.app/Contents/bin -Dfile.encoding=UTF-8 --module-path=/Users/junyeopkim/.m2/repository/org/openjfx/javafx-base/17.0.1/javafx-base-17.0.1-mac-aarch64.jar:/Users/junyeopkim/Desktop/dbp4/airman/target/classes:/Users/junyeopkim/.m2/repository/org/openjfx/javafx-graphics/17.0.1/javafx-graphics-17.0.1-mac-aarch64.jar:/Users/junyeopkim/.m2/repository/org/openjfx/javafx-controls/17.0.1/javafx-controls-17.0.1-mac-aarch64.jar:/Users/junyeopkim/.m2/repository/org/openjfx/javafx-fxml/17.0.1/javafx-fxml-17.0.1-mac-aarch64.jar -Djdk.module.main=com.example.airman 
java_command: com.example.airman/com.example.airman.AirlineManagement
java_class_path (initial): /Users/junyeopkim/.m2/repository/org/openjfx/javafx-controls/17.0.1/javafx-controls-17.0.1.jar:/Users/junyeopkim/.m2/repository/org/openjfx/javafx-graphics/17.0.1/javafx-graphics-17.0.1.jar:/Users/junyeopkim/.m2/repository/org/openjfx/javafx-base/17.0.1/javafx-base-17.0.1.jar:/Users/junyeopkim/.m2/repository/org/openjfx/javafx-fxml/17.0.1/javafx-fxml-17.0.1.jar
Launcher Type: SUN_STANDARD

[Global flags]
     intx CICompilerCount                          = 4                                         {product} {ergonomic}
     uint ConcGCThreads                            = 2                                         {product} {ergonomic}
     uint G1ConcRefinementThreads                  = 8                                         {product} {ergonomic}
   size_t G1HeapRegionSize                         = 2097152                                   {product} {ergonomic}
    uintx GCDrainStackTargetSize                   = 64                                        {product} {ergonomic}
   size_t InitialHeapSize                          = 268435456                                 {product} {ergonomic}
   size_t MarkStackSize                            = 4194304                                   {product} {ergonomic}
   size_t MaxHeapSize                              = 4294967296                                {product} {ergonomic}
   size_t MaxNewSize                               = 2575302656                                {product} {ergonomic}
   size_t MinHeapDeltaBytes                        = 2097152                                   {product} {ergonomic}
   size_t MinHeapSize                              = 8388608                                   {product} {ergonomic}
    uintx NonNMethodCodeHeapSize                   = 5839564                                {pd product} {ergonomic}
    uintx NonProfiledCodeHeapSize                  = 122909338                              {pd product} {ergonomic}
    uintx ProfiledCodeHeapSize                     = 122909338                              {pd product} {ergonomic}
    uintx ReservedCodeCacheSize                    = 251658240                              {pd product} {ergonomic}
     bool SegmentedCodeCache                       = true                                      {product} {ergonomic}
   size_t SoftMaxHeapSize                          = 4294967296                             {manageable} {ergonomic}
     bool UseCompressedClassPointers               = true                           {product lp64_product} {ergonomic}
     bool UseCompressedOops                        = true                           {product lp64_product} {ergonomic}
     bool UseG1GC                                  = true                                      {product} {ergonomic}
     bool UseNUMA                                  = false                                     {product} {ergonomic}
     bool UseNUMAInterleaving                      = false                                     {product} {ergonomic}

Logging:
Log output configuration:
 #0: stdout all=warning uptime,level,tags
 #1: stderr all=off uptime,level,tags

Environment Variables:
PATH=/Users/junyeopkim/opt/anaconda3/bin:/Users/junyeopkim/opt/anaconda3/condabin:/Library/Java/JavaVirtualMachines/adoptopenjdk-14.jdk/Contents/Home/bin:/Library/Frameworks/Python.framework/Versions/3.10/bin:/usr/local/bin:/usr/bin:/bin:/usr/sbin:/sbin:/Library/Apple/usr/bin:/Users/junyeopkim/Desktop/flutter/bin:/usr/local/mysql/bin:/usr/local/mysql/bin/
SHELL=/bin/zsh
LC_CTYPE=en_US.UTF-8

Signal Handlers:
   SIGSEGV: _ZL13crash_handleriP9__siginfoPv in libjvm.dylib, mask=11100110000111110111111111111111, flags=SA_RESTART|SA_SIGINFO
    SIGBUS: _ZL13crash_handleriP9__siginfoPv in libjvm.dylib, mask=11100110000111110111111111111111, flags=SA_RESTART|SA_SIGINFO
    SIGFPE: _ZL13crash_handleriP9__siginfoPv in libjvm.dylib, mask=11100110000111110111111111111111, flags=SA_RESTART|SA_SIGINFO
   SIGPIPE: _ZL17javaSignalHandleriP9__siginfoPv in libjvm.dylib, mask=11100110000111110111111111111111, flags=SA_RESTART|SA_SIGINFO
   SIGXFSZ: _ZL17javaSignalHandleriP9__siginfoPv in libjvm.dylib, mask=11100110000111110111111111111111, flags=SA_RESTART|SA_SIGINFO
    SIGILL: _ZL13crash_handleriP9__siginfoPv in libjvm.dylib, mask=11100110000111110111111111111111, flags=SA_RESTART|SA_SIGINFO
   SIGUSR2: _ZL10SR_handleriP9__siginfoP17__darwin_ucontext in libjvm.dylib, mask=00100000000000000000000000000000, flags=SA_RESTART|SA_SIGINFO
    SIGHUP: _ZL11UserHandleriPvS_ in libjvm.dylib, mask=11100110000111110111111111111111, flags=SA_RESTART|SA_SIGINFO
    SIGINT: _ZL11UserHandleriPvS_ in libjvm.dylib, mask=11100110000111110111111111111111, flags=SA_RESTART|SA_SIGINFO
   SIGTERM: _ZL11UserHandleriPvS_ in libjvm.dylib, mask=11100110000111110111111111111111, flags=SA_RESTART|SA_SIGINFO
   SIGQUIT: _ZL11UserHandleriPvS_ in libjvm.dylib, mask=11100110000111110111111111111111, flags=SA_RESTART|SA_SIGINFO
   SIGTRAP: _ZL13crash_handleriP9__siginfoPv in libjvm.dylib, mask=11100110000111110111111111111111, flags=SA_RESTART|SA_SIGINFO


---------------  S Y S T E M  ---------------

OS:
uname: Darwin 21.4.0 Darwin Kernel Version 21.4.0: Fri Mar 18 00:47:26 PDT 2022; root:xnu-8020.101.4~15/RELEASE_ARM64_T8101 arm64
OS uptime: 5 days 1:19 hours
rlimit (soft/hard): STACK 8176k/65520k , CORE 0k/infinity , NPROC 2666/4000 , NOFILE 10240/infinity , AS infinity/infinity , CPU infinity/infinity , DATA infinity/infinity , FSIZE infinity/infinity , MEMLOCK infinity/infinity , RSS infinity/infinity
load average: 1.72 2.04 2.58

CPU: total 8 (initial active 8) 0x61:0x0:0x1b588bb3:0, fp, simd, crc, lse

Memory: 16k page, physical 16777216k(89936k free), swap 0k(0k free)

vm_info: Java HotSpot(TM) 64-Bit Server VM (17.0.1+12-LTS-39) for bsd-aarch64 JRE (17.0.1+12-LTS-39), built on Sep 27 2021 17:38:30 by "mach5one" with clang Apple LLVM 12.0.0 (clang-1200.0.32.29)

END.
