#
# A fatal error has been detected by the Java Runtime Environment:
#
#  SIGBUS (0xa) at pc=0x00000001138c14f0, pid=20225, tid=32011
#
# JRE version: OpenJDK Runtime Environment Temurin-17.0.7+7 (17.0.7+7) (build 17.0.7+7)
# Java VM: OpenJDK 64-Bit Server VM Temurin-17.0.7+7 (17.0.7+7, mixed mode, tiered, compressed oops, compressed class ptrs, g1 gc, bsd-aarch64)
# Problematic frame:
# v  ~StubRoutines::SafeFetchN
#
# No core dump will be written. Core dumps have been disabled. To enable core dumping, try "ulimit -c unlimited" before starting Java again
#
# If you would like to submit a bug report, please visit:
#   https://github.com/adoptium/adoptium-support/issues
# The crash happened outside the Java Virtual Machine in native code.
# See problematic frame for where to report the bug.
#

---------------  S U M M A R Y ------------

Command Line: -javaagent:/Applications/IntelliJ IDEA CE.app/Contents/lib/idea_rt.jar=65072:/Applications/IntelliJ IDEA CE.app/Contents/bin -Dfile.encoding=UTF-8 --module-path=/Users/junyeopkim/.m2/repository/org/openjfx/javafx-base/17.0.1/javafx-base-17.0.1-mac-aarch64.jar:/Users/junyeopkim/.m2/repository/org/openjfx/javafx-graphics/17.0.1/javafx-graphics-17.0.1-mac-aarch64.jar:/Users/junyeopkim/Desktop/dbp4/airman/target/classes:/Users/junyeopkim/.m2/repository/org/openjfx/javafx-controls/17.0.1/javafx-controls-17.0.1-mac-aarch64.jar:/Users/junyeopkim/.m2/repository/org/openjfx/javafx-fxml/17.0.1/javafx-fxml-17.0.1-mac-aarch64.jar -Djdk.module.main=com.example.airman com.example.airman/com.example.airman.AirlineManagement

Host: "MacBookPro17,1" arm64, 8 cores, 16G, Darwin 21.4.0, macOS 12.3.1 (21E258)
Time: Tue Apr 25 00:15:03 2023 EDT elapsed time: 6.964821 seconds (0d 0h 0m 6s)

---------------  T H R E A D  ---------------

Current thread (0x000000012692b600):  JavaThread "InvokeLaterDispatcher" daemon [_thread_in_native, id=32011, stack(0x0000000288210000,0x0000000288413000)]

Stack: [0x0000000288210000,0x0000000288413000],  sp=0x0000000288412780,  free space=2057k
Native frames: (J=compiled Java code, j=interpreted, Vv=VM code, C=native code)
v  ~StubRoutines::SafeFetchN
V  [libjvm.dylib+0x7c38ac]  _ZN10OopStorage7releaseEPKP7oopDesc+0x20
V  [libjvm.dylib+0x4cc5d0]  jni_DeleteGlobalRef+0xd8
C  [libglass.dylib+0xab08]  -[GlassRunnable dealloc]+0x34
C  [Foundation+0x85618]  -[_NSThreadPerformInfo dealloc]+0x30
C  [Foundation+0x5198c]  -[NSObject(NSThreadPerformAdditions) performSelectorOnMainThread:withObject:waitUntilDone:]+0x88
C  0x691e8001138c98ac
j  com.sun.glass.ui.mac.MacApplication.submitForLaterInvocation(Ljava/lang/Runnable;)V+2 javafx.graphics
j  com.sun.glass.ui.InvokeLaterDispatcher.run()V+82 javafx.graphics
v  ~StubRoutines::call_stub
V  [libjvm.dylib+0x470c70]  _ZN9JavaCalls11call_helperEP9JavaValueRK12methodHandleP17JavaCallArgumentsP10JavaThread+0x38c
V  [libjvm.dylib+0x46fc8c]  _ZN9JavaCalls12call_virtualEP9JavaValueP5KlassP6SymbolS5_P17JavaCallArgumentsP10JavaThread+0x11c
V  [libjvm.dylib+0x46fd58]  _ZN9JavaCalls12call_virtualEP9JavaValue6HandleP5KlassP6SymbolS6_P10JavaThread+0x64
V  [libjvm.dylib+0x52845c]  _ZL12thread_entryP10JavaThreadS0_+0xc4
V  [libjvm.dylib+0x9ac384]  _ZN10JavaThread17thread_main_innerEv+0x150
V  [libjvm.dylib+0x9aaa0c]  _ZN6Thread8call_runEv+0xe0
V  [libjvm.dylib+0x7ca4c8]  _ZL19thread_native_entryP6Thread+0x158
C  [libsystem_pthread.dylib+0x726c]  _pthread_start+0x94

Java frames: (J=compiled Java code, j=interpreted, Vv=VM code)
j  com.sun.glass.ui.mac.MacApplication._submitForLaterInvocation(Ljava/lang/Runnable;)V+0 javafx.graphics
j  com.sun.glass.ui.mac.MacApplication.submitForLaterInvocation(Ljava/lang/Runnable;)V+2 javafx.graphics
j  com.sun.glass.ui.InvokeLaterDispatcher.run()V+82 javafx.graphics
v  ~StubRoutines::call_stub

siginfo: si_signo: 10 (SIGBUS), si_code: 1 (BUS_ADRALN), si_addr: 0x00000001138c14f0

Register to memory mapping:

 x0=0x0000000103604148 is a global jni handle
 x1=0x0 is NULL
 x2=0x000000070eb57480 is an oop: com.sun.glass.ui.InvokeLaterDispatcher$Future 
{0x000000070eb57480} - klass: 'com/sun/glass/ui/InvokeLaterDispatcher$Future'
 - ---- fields (total size 3 words):
 - private 'done' 'Z' @12  true
 - private final 'runnable' 'Ljava/lang/Runnable;' @16  a 'com/sun/javafx/application/PlatformImpl$$Lambda$92+0x0000000800115700'{0x000000070e13fe60} (e1c27fcc)
 - final synthetic 'this$0' 'Lcom/sun/glass/ui/InvokeLaterDispatcher;' @20  a 'com/sun/glass/ui/InvokeLaterDispatcher'{0x000000070e82aaa0} (e1d05554)
 x3=0x0 is NULL
 x4=0x00000000000130a8 is an unknown value
 x5=0x0 is NULL
 x6=0x0 is NULL
 x7=0x0 is NULL
 x8=0x00000001138c14ec is at begin+0 in a stub
StubRoutines::SafeFetchN [0x00000001138c14ec, 0x00000001138c14f8] (12 bytes)
 x9=0x0 is NULL
x10=0x2010000030300000 is an unknown value
x11=0x0000000000000007 is an unknown value
x12=0x0000000000000004 is an unknown value
x13=0x0000600003b54b10 points into unknown readable memory: 0x3c37800185b37c40 | 40 7c b3 85 01 80 37 3c
x14=0x00000b0000000000 is an unknown value
x15=0x0000000126435f98: OBJC_CLASS_$_GlassRunnable+0 in /Users/junyeopkim/.openjfx/cache/17.0.1/libglass.dylib at 0x00000001263f0000
x16=0x0000000185ca10fc: pthread_getspecific+0 in /usr/lib/system/libsystem_pthread.dylib at 0x0000000185c9f000
x17=0x0000600003e555e0 points into unknown readable memory: 0xfffffffffffffffe | fe ff ff ff ff ff ff ff
x18=0x0 is NULL
x19=0x0000600003e45500 points into unknown readable memory: 0x0000600001777310 | 10 73 77 01 00 60 00 00
x20=0x0000000103603f40 points into unknown readable memory: 0x008a008a00000000 | 00 00 00 00 8a 00 8a 00
x21=0x0000000103604148 is a global jni handle
x22=0x000000012692b600 is a thread
x23=0x0000000000000001 is an unknown value
x24=0x0000000103604100 is a global jni handle
x25=0x000000010454b9c8: _ZN12StubRoutines17_safefetchN_entryE+0 in /Library/Java/JavaVirtualMachines/temurin-17.jdk/Contents/Home/lib/server/libjvm.dylib at 0x00000001038e0000
x26=0x00000001279542c0 is pointing into metadata
x27=0x0 is NULL
x28=0x000000012692b600 is a thread


Registers:
 x0=0x0000000103604148  x1=0x0000000000000000  x2=0x000000070eb57480  x3=0x0000000000000000
 x4=0x00000000000130a8  x5=0x0000000000000000  x6=0x0000000000000000  x7=0x0000000000000000
 x8=0x00000001138c14ec  x9=0x0000000000000000 x10=0x2010000030300000 x11=0x0000000000000007
x12=0x0000000000000004 x13=0x0000600003b54b10 x14=0x00000b0000000000 x15=0x0000000126435f98
x16=0x0000000185ca10fc x17=0x0000600003e555e0 x18=0x0000000000000000 x19=0x0000600003e45500
x20=0x0000000103603f40 x21=0x0000000103604148 x22=0x000000012692b600 x23=0x0000000000000001
x24=0x0000000103604100 x25=0x000000010454b9c8 x26=0x00000001279542c0 x27=0x0000000000000000
x28=0x000000012692b600  fp=0x00000002884127c0  lr=0x00000001040a26a0  sp=0x0000000288412780
pc=0x00000001138c14f0 cpsr=0x0000000060001000
Top of Stack: (sp=0x0000000288412780)
0x0000000288412780:   00000001279542c0 0000000000000001
0x0000000288412790:   0000000288412988 0000000000000000
0x00000002884127a0:   000000012692bea8 0000000103604138
0x00000002884127b0:   0000000103604138 0000600003e45500
0x00000002884127c0:   0000000288412800 00000001040a38ac
0x00000002884127d0:   0000000000000001 0000000103604138
0x00000002884127e0:   000000012692bea8 0000000103604138
0x00000002884127f0:   0000000000000001 000000012692bc00
0x0000000288412800:   0000000288412840 0000000103dac5d0
0x0000000288412810:   0000000288412988 0000600001707320
0x0000000288412820:   0000600001707330 00000001cfd66be0
0x0000000288412830:   0000000000000000 0000600001707330
0x0000000288412840:   0000000288412870 00000001263fab08
0x0000000288412850:   ee9201e5babf0006 0000000000000000
0x0000000288412860:   0000000000000000 0000600000080440
0x0000000288412870:   00000002884128b0 0000000186c6e618
0x0000000288412880:   0000000288412988 0000600001707320
0x0000000288412890:   0000600001707330 ee9201e5babf0006
0x00000002884128a0:   0000000000000000 0000000000000000
0x00000002884128b0:   00000002884128f0 2035800186c3a98c
0x00000002884128c0:   0000000288412988 00000001138c87c0
0x00000002884128d0:   0000000000000000 00000001045533a0
0x00000002884128e0:   0000000288412900 00000001138c7730
0x00000002884128f0:   0000000288412960 691e8001138c98ac
0x0000000288412900:   0000000127956928 0000000000000001
0x0000000288412910:   0000000288412910 0000000000000000
0x0000000288412920:   0000000288412988 00000001279542c0
0x0000000288412930:   000000070e93f410 0000000000000000
0x0000000288412940:   0000000000000000 000000012792c960
0x0000000288412950:   0000000000000000 0000000288412960
0x0000000288412960:   00000002884129e0 00000001138c5fc8
0x0000000288412970:   0000000000000000 0000000000000000 

Instructions: (pc=0x00000001138c14f0)
0x00000001138c13f0:   f2a08a49 f2c00029 6d425935 1e640886
0x00000001138c1400:   0c402d31 1e6408c7 1f5654d0 1e6c1017
0x00000001138c1410:   1f5050d0 1f504cd0 1f5048d0 1e650af6
0x00000001138c1420:   1f50d8f6 1f5694d6 1f5158f6 1e762880
0x00000001138c1430:   36000501 1e614000 14000026 2e251ca5
0x00000001138c1440:   d2823009 f2a08a49 f2c00029 6d425d36
0x00000001138c1450:   1e600806 0c402d32 1f5758c7 1e6c101a
0x00000001138c1460:   1f4754c7 1e650805 1f4750c7 d2866668
0x00000001138c1470:   f2a7fa68 1f474cc7 1e6608c0 1f4748c7
0x00000001138c1480:   1e6e1019 eb08007f 540000ac 1f479400
0x00000001138c1490:   1f460340 1e603b20 1400000e d2a7fd29
0x00000001138c14a0:   eb09007f 540000ac 51480069 d3607d29
0x00000001138c14b0:   9e670121 14000002 1e6a5001 1f679417
0x00000001138c14c0:   1f668742 1e613b23 1e773857 1e773860
0x00000001138c14d0:   a8c17ff3 910003bf a8c17bfd d65f03c0
0x00000001138c14e0:   b9400001 aa0103e0 d65f03c0 f9400001
0x00000001138c14f0:   aa0103e0 d65f03c0 00000000 00000000
0x00000001138c1500:   00000000 00000000 00000000 00000000
0x00000001138c1510:   00000000 00000000 00000000 00000000
0x00000001138c1520:   00000000 00000000 00000000 00000000
0x00000001138c1530:   00000000 00000000 00000000 00000000
0x00000001138c1540:   00000000 00000000 00000000 00000000
0x00000001138c1550:   00000000 00000000 00000000 00000000
0x00000001138c1560:   00000000 00000000 00000000 00000000
0x00000001138c1570:   00000000 00000000 00000000 00000000
0x00000001138c1580:   00000000 00000000 00000000 00000000
0x00000001138c1590:   00000000 00000000 00000000 00000000
0x00000001138c15a0:   00000000 00000000 00000000 00000000
0x00000001138c15b0:   00000000 00000000 00000000 00000000
0x00000001138c15c0:   00000000 00000000 00000000 00000000
0x00000001138c15d0:   00000000 00000000 00000000 00000000
0x00000001138c15e0:   00000000 00000000 00000000 00000000 


Stack slot to memory mapping:
stack at sp + 0 slots: 0x00000001279542c0 is pointing into metadata
stack at sp + 1 slots: 0x0000000000000001 is an unknown value
stack at sp + 2 slots: 0x0000000288412988 is pointing into the stack for thread: 0x000000012692b600
stack at sp + 3 slots: 0x0 is NULL
stack at sp + 4 slots: 0x000000012692bea8 points into unknown readable memory: 0x000000010450e928 | 28 e9 50 04 01 00 00 00
stack at sp + 5 slots: 0x0000000103604138 is a global jni handle
stack at sp + 6 slots: 0x0000000103604138 is a global jni handle
stack at sp + 7 slots: 0x0000600003e45500 points into unknown readable memory: 0x0000600001777310 | 10 73 77 01 00 60 00 00

StubRoutines::SafeFetchN [0x00000001138c14ec, 0x00000001138c14f8] (12 bytes)
[MachCode]
  0x00000001138c14ec: 0100 40f9 | e003 01aa | c003 5fd6 
[/MachCode]

---------------  P R O C E S S  ---------------

Threads class SMR info:
_java_thread_list=0x0000600001582720, length=20, elements={
0x0000000153813600, 0x0000000126808200, 0x000000012b808200, 0x00000001530e9800,
0x0000000153014000, 0x000000012b00a400, 0x000000012b00aa00, 0x000000012b812000,
0x000000012b812600, 0x0000000126829a00, 0x000000015314fa00, 0x000000012f008200,
0x000000012f08be00, 0x000000012692b600, 0x000000012692bc00, 0x000000015316aa00,
0x00000001538b2c00, 0x0000000153192000, 0x00000001269c4400, 0x0000000153211e00
}

Java Threads: ( => current thread )
  0x0000000153813600 JavaThread "main" [_thread_blocked, id=5891, stack(0x000000016d7f4000,0x000000016d9f7000)]
  0x0000000126808200 JavaThread "Reference Handler" daemon [_thread_blocked, id=14851, stack(0x000000016e648000,0x000000016e84b000)]
  0x000000012b808200 JavaThread "Finalizer" daemon [_thread_blocked, id=16131, stack(0x000000016e854000,0x000000016ea57000)]
  0x00000001530e9800 JavaThread "Signal Dispatcher" daemon [_thread_blocked, id=23043, stack(0x000000016eb78000,0x000000016ed7b000)]
  0x0000000153014000 JavaThread "Service Thread" daemon [_thread_blocked, id=42243, stack(0x000000016ed84000,0x000000016ef87000)]
  0x000000012b00a400 JavaThread "Monitor Deflation Thread" daemon [_thread_blocked, id=41987, stack(0x000000016ef90000,0x000000016f193000)]
  0x000000012b00aa00 JavaThread "C2 CompilerThread0" daemon [_thread_blocked, id=41475, stack(0x000000016f19c000,0x000000016f39f000)]
  0x000000012b812000 JavaThread "C1 CompilerThread0" daemon [_thread_blocked, id=41219, stack(0x000000016f3a8000,0x000000016f5ab000)]
  0x000000012b812600 JavaThread "Sweeper thread" daemon [_thread_blocked, id=24067, stack(0x000000016f5b4000,0x000000016f7b7000)]
  0x0000000126829a00 JavaThread "Common-Cleaner" daemon [_thread_blocked, id=24579, stack(0x000000016f7c0000,0x000000016f9c3000)]
  0x000000015314fa00 JavaThread "Monitor Ctrl-Break" daemon [_thread_in_native, id=40963, stack(0x000000016f9cc000,0x000000016fbcf000)]
  0x000000012f008200 JavaThread "Notification Thread" daemon [_thread_blocked, id=25091, stack(0x000000016fbd8000,0x000000016fddb000)]
  0x000000012f08be00 JavaThread "QuantumRenderer-0" daemon [_thread_blocked, id=25603, stack(0x0000000288004000,0x0000000288207000)]
=>0x000000012692b600 JavaThread "InvokeLaterDispatcher" daemon [_thread_in_native, id=32011, stack(0x0000000288210000,0x0000000288413000)]
  0x000000012692bc00 JavaThread "JavaFX Application Thread" [_thread_in_native, id=259, stack(0x000000016cf6c000,0x000000016d768000)]
  0x000000015316aa00 JavaThread "PulseTimer-CVDisplayLink thread" daemon [_thread_in_native, id=77571, stack(0x000000028841c000,0x000000028849f000)]
  0x00000001538b2c00 JavaThread "JavaFX-Launcher" [_thread_blocked, id=56579, stack(0x0000000288740000,0x0000000288943000)]
  0x0000000153192000 JavaThread "Prism Font Disposer" daemon [_thread_blocked, id=69899, stack(0x0000000289388000,0x000000028958b000)]
  0x00000001269c4400 JavaThread "Cleaner-0" daemon [_thread_blocked, id=64815, stack(0x0000000289594000,0x0000000289797000)]
  0x0000000153211e00 JavaThread "Attach Listener" daemon [_thread_blocked, id=1319, stack(0x00000002897a0000,0x00000002899a3000)]

Other Threads:
  0x0000000152e0b690 VMThread "VM Thread" [stack: 0x000000016e43c000,0x000000016e63f000] [id=14595]
  0x0000000103507370 WatcherThread [stack: 0x000000016fde4000,0x000000016ffe7000] [id=40195]
  0x0000000152f071c0 GCTaskThread "GC Thread#0" [stack: 0x000000016da00000,0x000000016dc03000] [id=12291]
  0x0000000152e44e50 GCTaskThread "GC Thread#1" [stack: 0x000000028894c000,0x0000000288b4f000] [id=57091]
  0x0000000152e45710 GCTaskThread "GC Thread#2" [stack: 0x0000000288b58000,0x0000000288d5b000] [id=71427]
  0x0000000132e2f0f0 GCTaskThread "GC Thread#3" [stack: 0x0000000288d64000,0x0000000288f67000] [id=70915]
  0x0000000132e2f790 GCTaskThread "GC Thread#4" [stack: 0x0000000288f70000,0x0000000289173000] [id=57347]
  0x0000000132e30000 GCTaskThread "GC Thread#5" [stack: 0x000000028917c000,0x000000028937f000] [id=70147]
  0x0000000152f07870 ConcurrentGCThread "G1 Main Marker" [stack: 0x000000016dc0c000,0x000000016de0f000] [id=19715]
  0x0000000152f080f0 ConcurrentGCThread "G1 Conc#0" [stack: 0x000000016de18000,0x000000016e01b000] [id=18947]
  0x0000000152e07650 ConcurrentGCThread "G1 Refine#0" [stack: 0x000000016e024000,0x000000016e227000] [id=13315]
  0x0000000152e07ef0 ConcurrentGCThread "G1 Service" [stack: 0x000000016e230000,0x000000016e433000] [id=13571]

Threads with active compile tasks:

VM state: not at safepoint (normal execution)

VM Mutex/Monitor currently owned by a thread: None

Heap address: 0x0000000700000000, size: 4096 MB, Compressed Oops mode: Zero based, Oop shift amount: 3

CDS archive(s) not mapped
Compressed class space mapped at: 0x0000000800000000-0x0000000840000000, reserved size: 1073741824
Narrow klass base: 0x0000000800000000, Narrow klass shift: 0, Narrow klass range: 0x40000000

GC Precious Log:
 CPUs: 8 total, 8 available
 Memory: 16384M
 Large Page Support: Disabled
 NUMA Support: Disabled
 Compressed Oops: Enabled (Zero based)
 Heap Region Size: 2M
 Heap Min Capacity: 8M
 Heap Initial Capacity: 256M
 Heap Max Capacity: 4G
 Pre-touch: Disabled
 Parallel Workers: 8
 Concurrent Workers: 2
 Concurrent Refinement Workers: 8
 Periodic GC: Disabled

Heap:
 garbage-first heap   total 262144K, used 32015K [0x0000000700000000, 0x0000000800000000)
  region size 2048K, 16 young (32768K), 2 survivors (4096K)
 Metaspace       used 21027K, committed 21312K, reserved 1114112K
  class space    used 2687K, committed 2816K, reserved 1048576K

Heap Regions: E=young(eden), S=young(survivor), O=old, HS=humongous(starts), HC=humongous(continues), CS=collection set, F=free, OA=open archive, CA=closed archive, TAMS=top-at-mark-start (previous, next)
|   0|0x0000000700000000, 0x0000000700200000, 0x0000000700200000|100%|HS|  |TAMS 0x0000000700000000, 0x0000000700000000| Complete 
|   1|0x0000000700200000, 0x0000000700200000, 0x0000000700400000|  0%| F|  |TAMS 0x0000000700200000, 0x0000000700200000| Untracked 
|   2|0x0000000700400000, 0x0000000700400000, 0x0000000700600000|  0%| F|  |TAMS 0x0000000700400000, 0x0000000700400000| Untracked 
|   3|0x0000000700600000, 0x0000000700600000, 0x0000000700800000|  0%| F|  |TAMS 0x0000000700600000, 0x0000000700600000| Untracked 
|   4|0x0000000700800000, 0x0000000700800000, 0x0000000700a00000|  0%| F|  |TAMS 0x0000000700800000, 0x0000000700800000| Untracked 
|   5|0x0000000700a00000, 0x0000000700a00000, 0x0000000700c00000|  0%| F|  |TAMS 0x0000000700a00000, 0x0000000700a00000| Untracked 
|   6|0x0000000700c00000, 0x0000000700c00000, 0x0000000700e00000|  0%| F|  |TAMS 0x0000000700c00000, 0x0000000700c00000| Untracked 
|   7|0x0000000700e00000, 0x0000000700e00000, 0x0000000701000000|  0%| F|  |TAMS 0x0000000700e00000, 0x0000000700e00000| Untracked 
|   8|0x0000000701000000, 0x0000000701000000, 0x0000000701200000|  0%| F|  |TAMS 0x0000000701000000, 0x0000000701000000| Untracked 
|   9|0x0000000701200000, 0x0000000701200000, 0x0000000701400000|  0%| F|  |TAMS 0x0000000701200000, 0x0000000701200000| Untracked 
|  10|0x0000000701400000, 0x0000000701400000, 0x0000000701600000|  0%| F|  |TAMS 0x0000000701400000, 0x0000000701400000| Untracked 
|  11|0x0000000701600000, 0x0000000701600000, 0x0000000701800000|  0%| F|  |TAMS 0x0000000701600000, 0x0000000701600000| Untracked 
|  12|0x0000000701800000, 0x0000000701800000, 0x0000000701a00000|  0%| F|  |TAMS 0x0000000701800000, 0x0000000701800000| Untracked 
|  13|0x0000000701a00000, 0x0000000701a00000, 0x0000000701c00000|  0%| F|  |TAMS 0x0000000701a00000, 0x0000000701a00000| Untracked 
|  14|0x0000000701c00000, 0x0000000701c00000, 0x0000000701e00000|  0%| F|  |TAMS 0x0000000701c00000, 0x0000000701c00000| Untracked 
|  15|0x0000000701e00000, 0x0000000701e00000, 0x0000000702000000|  0%| F|  |TAMS 0x0000000701e00000, 0x0000000701e00000| Untracked 
|  16|0x0000000702000000, 0x0000000702000000, 0x0000000702200000|  0%| F|  |TAMS 0x0000000702000000, 0x0000000702000000| Untracked 
|  17|0x0000000702200000, 0x0000000702200000, 0x0000000702400000|  0%| F|  |TAMS 0x0000000702200000, 0x0000000702200000| Untracked 
|  18|0x0000000702400000, 0x0000000702400000, 0x0000000702600000|  0%| F|  |TAMS 0x0000000702400000, 0x0000000702400000| Untracked 
|  19|0x0000000702600000, 0x0000000702600000, 0x0000000702800000|  0%| F|  |TAMS 0x0000000702600000, 0x0000000702600000| Untracked 
|  20|0x0000000702800000, 0x0000000702800000, 0x0000000702a00000|  0%| F|  |TAMS 0x0000000702800000, 0x0000000702800000| Untracked 
|  21|0x0000000702a00000, 0x0000000702a00000, 0x0000000702c00000|  0%| F|  |TAMS 0x0000000702a00000, 0x0000000702a00000| Untracked 
|  22|0x0000000702c00000, 0x0000000702c00000, 0x0000000702e00000|  0%| F|  |TAMS 0x0000000702c00000, 0x0000000702c00000| Untracked 
|  23|0x0000000702e00000, 0x0000000702e00000, 0x0000000703000000|  0%| F|  |TAMS 0x0000000702e00000, 0x0000000702e00000| Untracked 
|  24|0x0000000703000000, 0x0000000703000000, 0x0000000703200000|  0%| F|  |TAMS 0x0000000703000000, 0x0000000703000000| Untracked 
|  25|0x0000000703200000, 0x0000000703200000, 0x0000000703400000|  0%| F|  |TAMS 0x0000000703200000, 0x0000000703200000| Untracked 
|  26|0x0000000703400000, 0x0000000703400000, 0x0000000703600000|  0%| F|  |TAMS 0x0000000703400000, 0x0000000703400000| Untracked 
|  27|0x0000000703600000, 0x0000000703600000, 0x0000000703800000|  0%| F|  |TAMS 0x0000000703600000, 0x0000000703600000| Untracked 
|  28|0x0000000703800000, 0x0000000703800000, 0x0000000703a00000|  0%| F|  |TAMS 0x0000000703800000, 0x0000000703800000| Untracked 
|  29|0x0000000703a00000, 0x0000000703a00000, 0x0000000703c00000|  0%| F|  |TAMS 0x0000000703a00000, 0x0000000703a00000| Untracked 
|  30|0x0000000703c00000, 0x0000000703c00000, 0x0000000703e00000|  0%| F|  |TAMS 0x0000000703c00000, 0x0000000703c00000| Untracked 
|  31|0x0000000703e00000, 0x0000000703e00000, 0x0000000704000000|  0%| F|  |TAMS 0x0000000703e00000, 0x0000000703e00000| Untracked 
|  32|0x0000000704000000, 0x0000000704000000, 0x0000000704200000|  0%| F|  |TAMS 0x0000000704000000, 0x0000000704000000| Untracked 
|  33|0x0000000704200000, 0x0000000704200000, 0x0000000704400000|  0%| F|  |TAMS 0x0000000704200000, 0x0000000704200000| Untracked 
|  34|0x0000000704400000, 0x0000000704400000, 0x0000000704600000|  0%| F|  |TAMS 0x0000000704400000, 0x0000000704400000| Untracked 
|  35|0x0000000704600000, 0x0000000704600000, 0x0000000704800000|  0%| F|  |TAMS 0x0000000704600000, 0x0000000704600000| Untracked 
|  36|0x0000000704800000, 0x0000000704800000, 0x0000000704a00000|  0%| F|  |TAMS 0x0000000704800000, 0x0000000704800000| Untracked 
|  37|0x0000000704a00000, 0x0000000704a00000, 0x0000000704c00000|  0%| F|  |TAMS 0x0000000704a00000, 0x0000000704a00000| Untracked 
|  38|0x0000000704c00000, 0x0000000704c00000, 0x0000000704e00000|  0%| F|  |TAMS 0x0000000704c00000, 0x0000000704c00000| Untracked 
|  39|0x0000000704e00000, 0x0000000704e00000, 0x0000000705000000|  0%| F|  |TAMS 0x0000000704e00000, 0x0000000704e00000| Untracked 
|  40|0x0000000705000000, 0x0000000705000000, 0x0000000705200000|  0%| F|  |TAMS 0x0000000705000000, 0x0000000705000000| Untracked 
|  41|0x0000000705200000, 0x0000000705200000, 0x0000000705400000|  0%| F|  |TAMS 0x0000000705200000, 0x0000000705200000| Untracked 
|  42|0x0000000705400000, 0x0000000705400000, 0x0000000705600000|  0%| F|  |TAMS 0x0000000705400000, 0x0000000705400000| Untracked 
|  43|0x0000000705600000, 0x0000000705600000, 0x0000000705800000|  0%| F|  |TAMS 0x0000000705600000, 0x0000000705600000| Untracked 
|  44|0x0000000705800000, 0x0000000705800000, 0x0000000705a00000|  0%| F|  |TAMS 0x0000000705800000, 0x0000000705800000| Untracked 
|  45|0x0000000705a00000, 0x0000000705a00000, 0x0000000705c00000|  0%| F|  |TAMS 0x0000000705a00000, 0x0000000705a00000| Untracked 
|  46|0x0000000705c00000, 0x0000000705c00000, 0x0000000705e00000|  0%| F|  |TAMS 0x0000000705c00000, 0x0000000705c00000| Untracked 
|  47|0x0000000705e00000, 0x0000000705e00000, 0x0000000706000000|  0%| F|  |TAMS 0x0000000705e00000, 0x0000000705e00000| Untracked 
|  48|0x0000000706000000, 0x0000000706000000, 0x0000000706200000|  0%| F|  |TAMS 0x0000000706000000, 0x0000000706000000| Untracked 
|  49|0x0000000706200000, 0x0000000706200000, 0x0000000706400000|  0%| F|  |TAMS 0x0000000706200000, 0x0000000706200000| Untracked 
|  50|0x0000000706400000, 0x0000000706400000, 0x0000000706600000|  0%| F|  |TAMS 0x0000000706400000, 0x0000000706400000| Untracked 
|  51|0x0000000706600000, 0x0000000706600000, 0x0000000706800000|  0%| F|  |TAMS 0x0000000706600000, 0x0000000706600000| Untracked 
|  52|0x0000000706800000, 0x0000000706800000, 0x0000000706a00000|  0%| F|  |TAMS 0x0000000706800000, 0x0000000706800000| Untracked 
|  53|0x0000000706a00000, 0x0000000706a00000, 0x0000000706c00000|  0%| F|  |TAMS 0x0000000706a00000, 0x0000000706a00000| Untracked 
|  54|0x0000000706c00000, 0x0000000706c00000, 0x0000000706e00000|  0%| F|  |TAMS 0x0000000706c00000, 0x0000000706c00000| Untracked 
|  55|0x0000000706e00000, 0x0000000706e00000, 0x0000000707000000|  0%| F|  |TAMS 0x0000000706e00000, 0x0000000706e00000| Untracked 
|  56|0x0000000707000000, 0x0000000707000000, 0x0000000707200000|  0%| F|  |TAMS 0x0000000707000000, 0x0000000707000000| Untracked 
|  57|0x0000000707200000, 0x0000000707200000, 0x0000000707400000|  0%| F|  |TAMS 0x0000000707200000, 0x0000000707200000| Untracked 
|  58|0x0000000707400000, 0x0000000707400000, 0x0000000707600000|  0%| F|  |TAMS 0x0000000707400000, 0x0000000707400000| Untracked 
|  59|0x0000000707600000, 0x0000000707600000, 0x0000000707800000|  0%| F|  |TAMS 0x0000000707600000, 0x0000000707600000| Untracked 
|  60|0x0000000707800000, 0x0000000707800000, 0x0000000707a00000|  0%| F|  |TAMS 0x0000000707800000, 0x0000000707800000| Untracked 
|  61|0x0000000707a00000, 0x0000000707a00000, 0x0000000707c00000|  0%| F|  |TAMS 0x0000000707a00000, 0x0000000707a00000| Untracked 
|  62|0x0000000707c00000, 0x0000000707c00000, 0x0000000707e00000|  0%| F|  |TAMS 0x0000000707c00000, 0x0000000707c00000| Untracked 
|  63|0x0000000707e00000, 0x0000000707e00000, 0x0000000708000000|  0%| F|  |TAMS 0x0000000707e00000, 0x0000000707e00000| Untracked 
|  64|0x0000000708000000, 0x0000000708000000, 0x0000000708200000|  0%| F|  |TAMS 0x0000000708000000, 0x0000000708000000| Untracked 
|  65|0x0000000708200000, 0x0000000708200000, 0x0000000708400000|  0%| F|  |TAMS 0x0000000708200000, 0x0000000708200000| Untracked 
|  66|0x0000000708400000, 0x0000000708400000, 0x0000000708600000|  0%| F|  |TAMS 0x0000000708400000, 0x0000000708400000| Untracked 
|  67|0x0000000708600000, 0x0000000708600000, 0x0000000708800000|  0%| F|  |TAMS 0x0000000708600000, 0x0000000708600000| Untracked 
|  68|0x0000000708800000, 0x0000000708800000, 0x0000000708a00000|  0%| F|  |TAMS 0x0000000708800000, 0x0000000708800000| Untracked 
|  69|0x0000000708a00000, 0x0000000708a00000, 0x0000000708c00000|  0%| F|  |TAMS 0x0000000708a00000, 0x0000000708a00000| Untracked 
|  70|0x0000000708c00000, 0x0000000708c00000, 0x0000000708e00000|  0%| F|  |TAMS 0x0000000708c00000, 0x0000000708c00000| Untracked 
|  71|0x0000000708e00000, 0x0000000708e00000, 0x0000000709000000|  0%| F|  |TAMS 0x0000000708e00000, 0x0000000708e00000| Untracked 
|  72|0x0000000709000000, 0x0000000709000000, 0x0000000709200000|  0%| F|  |TAMS 0x0000000709000000, 0x0000000709000000| Untracked 
|  73|0x0000000709200000, 0x0000000709200000, 0x0000000709400000|  0%| F|  |TAMS 0x0000000709200000, 0x0000000709200000| Untracked 
|  74|0x0000000709400000, 0x0000000709400000, 0x0000000709600000|  0%| F|  |TAMS 0x0000000709400000, 0x0000000709400000| Untracked 
|  75|0x0000000709600000, 0x0000000709600000, 0x0000000709800000|  0%| F|  |TAMS 0x0000000709600000, 0x0000000709600000| Untracked 
|  76|0x0000000709800000, 0x0000000709800000, 0x0000000709a00000|  0%| F|  |TAMS 0x0000000709800000, 0x0000000709800000| Untracked 
|  77|0x0000000709a00000, 0x0000000709a00000, 0x0000000709c00000|  0%| F|  |TAMS 0x0000000709a00000, 0x0000000709a00000| Untracked 
|  78|0x0000000709c00000, 0x0000000709c00000, 0x0000000709e00000|  0%| F|  |TAMS 0x0000000709c00000, 0x0000000709c00000| Untracked 
|  79|0x0000000709e00000, 0x0000000709e00000, 0x000000070a000000|  0%| F|  |TAMS 0x0000000709e00000, 0x0000000709e00000| Untracked 
|  80|0x000000070a000000, 0x000000070a000000, 0x000000070a200000|  0%| F|  |TAMS 0x000000070a000000, 0x000000070a000000| Untracked 
|  81|0x000000070a200000, 0x000000070a200000, 0x000000070a400000|  0%| F|  |TAMS 0x000000070a200000, 0x000000070a200000| Untracked 
|  82|0x000000070a400000, 0x000000070a400000, 0x000000070a600000|  0%| F|  |TAMS 0x000000070a400000, 0x000000070a400000| Untracked 
|  83|0x000000070a600000, 0x000000070a600000, 0x000000070a800000|  0%| F|  |TAMS 0x000000070a600000, 0x000000070a600000| Untracked 
|  84|0x000000070a800000, 0x000000070a800000, 0x000000070aa00000|  0%| F|  |TAMS 0x000000070a800000, 0x000000070a800000| Untracked 
|  85|0x000000070aa00000, 0x000000070aa00000, 0x000000070ac00000|  0%| F|  |TAMS 0x000000070aa00000, 0x000000070aa00000| Untracked 
|  86|0x000000070ac00000, 0x000000070ac00000, 0x000000070ae00000|  0%| F|  |TAMS 0x000000070ac00000, 0x000000070ac00000| Untracked 
|  87|0x000000070ae00000, 0x000000070ae00000, 0x000000070b000000|  0%| F|  |TAMS 0x000000070ae00000, 0x000000070ae00000| Untracked 
|  88|0x000000070b000000, 0x000000070b000000, 0x000000070b200000|  0%| F|  |TAMS 0x000000070b000000, 0x000000070b000000| Untracked 
|  89|0x000000070b200000, 0x000000070b200000, 0x000000070b400000|  0%| F|  |TAMS 0x000000070b200000, 0x000000070b200000| Untracked 
|  90|0x000000070b400000, 0x000000070b400000, 0x000000070b600000|  0%| F|  |TAMS 0x000000070b400000, 0x000000070b400000| Untracked 
|  91|0x000000070b600000, 0x000000070b600000, 0x000000070b800000|  0%| F|  |TAMS 0x000000070b600000, 0x000000070b600000| Untracked 
|  92|0x000000070b800000, 0x000000070b800000, 0x000000070ba00000|  0%| F|  |TAMS 0x000000070b800000, 0x000000070b800000| Untracked 
|  93|0x000000070ba00000, 0x000000070ba00000, 0x000000070bc00000|  0%| F|  |TAMS 0x000000070ba00000, 0x000000070ba00000| Untracked 
|  94|0x000000070bc00000, 0x000000070bc00000, 0x000000070be00000|  0%| F|  |TAMS 0x000000070bc00000, 0x000000070bc00000| Untracked 
|  95|0x000000070be00000, 0x000000070be00000, 0x000000070c000000|  0%| F|  |TAMS 0x000000070be00000, 0x000000070be00000| Untracked 
|  96|0x000000070c000000, 0x000000070c000000, 0x000000070c200000|  0%| F|  |TAMS 0x000000070c000000, 0x000000070c000000| Untracked 
|  97|0x000000070c200000, 0x000000070c200000, 0x000000070c400000|  0%| F|  |TAMS 0x000000070c200000, 0x000000070c200000| Untracked 
|  98|0x000000070c400000, 0x000000070c400000, 0x000000070c600000|  0%| F|  |TAMS 0x000000070c400000, 0x000000070c400000| Untracked 
|  99|0x000000070c600000, 0x000000070c600000, 0x000000070c800000|  0%| F|  |TAMS 0x000000070c600000, 0x000000070c600000| Untracked 
| 100|0x000000070c800000, 0x000000070c800000, 0x000000070ca00000|  0%| F|  |TAMS 0x000000070c800000, 0x000000070c800000| Untracked 
| 101|0x000000070ca00000, 0x000000070ca00000, 0x000000070cc00000|  0%| F|  |TAMS 0x000000070ca00000, 0x000000070ca00000| Untracked 
| 102|0x000000070cc00000, 0x000000070cc00000, 0x000000070ce00000|  0%| F|  |TAMS 0x000000070cc00000, 0x000000070cc00000| Untracked 
| 103|0x000000070ce00000, 0x000000070ce00000, 0x000000070d000000|  0%| F|  |TAMS 0x000000070ce00000, 0x000000070ce00000| Untracked 
| 104|0x000000070d000000, 0x000000070d000000, 0x000000070d200000|  0%| F|  |TAMS 0x000000070d000000, 0x000000070d000000| Untracked 
| 105|0x000000070d200000, 0x000000070d200000, 0x000000070d400000|  0%| F|  |TAMS 0x000000070d200000, 0x000000070d200000| Untracked 
| 106|0x000000070d400000, 0x000000070d400000, 0x000000070d600000|  0%| F|  |TAMS 0x000000070d400000, 0x000000070d400000| Untracked 
| 107|0x000000070d600000, 0x000000070d600000, 0x000000070d800000|  0%| F|  |TAMS 0x000000070d600000, 0x000000070d600000| Untracked 
| 108|0x000000070d800000, 0x000000070d800000, 0x000000070da00000|  0%| F|  |TAMS 0x000000070d800000, 0x000000070d800000| Untracked 
| 109|0x000000070da00000, 0x000000070da00000, 0x000000070dc00000|  0%| F|  |TAMS 0x000000070da00000, 0x000000070da00000| Untracked 
| 110|0x000000070dc00000, 0x000000070dc00000, 0x000000070de00000|  0%| F|  |TAMS 0x000000070dc00000, 0x000000070dc00000| Untracked 
| 111|0x000000070de00000, 0x000000070de00000, 0x000000070e000000|  0%| F|  |TAMS 0x000000070de00000, 0x000000070de00000| Untracked 
| 112|0x000000070e000000, 0x000000070e1b4728, 0x000000070e200000| 85%| E|  |TAMS 0x000000070e000000, 0x000000070e000000| Complete 
| 113|0x000000070e200000, 0x000000070e400000, 0x000000070e400000|100%| E|CS|TAMS 0x000000070e200000, 0x000000070e200000| Complete 
| 114|0x000000070e400000, 0x000000070e600000, 0x000000070e600000|100%| E|CS|TAMS 0x000000070e400000, 0x000000070e400000| Complete 
| 115|0x000000070e600000, 0x000000070e743fc0, 0x000000070e800000| 63%| S|CS|TAMS 0x000000070e600000, 0x000000070e600000| Complete 
| 116|0x000000070e800000, 0x000000070ea00000, 0x000000070ea00000|100%| S|CS|TAMS 0x000000070e800000, 0x000000070e800000| Complete 
| 117|0x000000070ea00000, 0x000000070ec00000, 0x000000070ec00000|100%| E|CS|TAMS 0x000000070ea00000, 0x000000070ea00000| Complete 
| 118|0x000000070ec00000, 0x000000070ee00000, 0x000000070ee00000|100%| E|CS|TAMS 0x000000070ec00000, 0x000000070ec00000| Complete 
| 119|0x000000070ee00000, 0x000000070f000000, 0x000000070f000000|100%| E|CS|TAMS 0x000000070ee00000, 0x000000070ee00000| Complete 
| 120|0x000000070f000000, 0x000000070f200000, 0x000000070f200000|100%| E|CS|TAMS 0x000000070f000000, 0x000000070f000000| Complete 
| 121|0x000000070f200000, 0x000000070f400000, 0x000000070f400000|100%| E|CS|TAMS 0x000000070f200000, 0x000000070f200000| Complete 
| 122|0x000000070f400000, 0x000000070f600000, 0x000000070f600000|100%| E|CS|TAMS 0x000000070f400000, 0x000000070f400000| Complete 
| 123|0x000000070f600000, 0x000000070f800000, 0x000000070f800000|100%| E|CS|TAMS 0x000000070f600000, 0x000000070f600000| Complete 
| 124|0x000000070f800000, 0x000000070fa00000, 0x000000070fa00000|100%| E|CS|TAMS 0x000000070f800000, 0x000000070f800000| Complete 
| 125|0x000000070fa00000, 0x000000070fc00000, 0x000000070fc00000|100%| E|CS|TAMS 0x000000070fa00000, 0x000000070fa00000| Complete 
| 126|0x000000070fc00000, 0x000000070fe00000, 0x000000070fe00000|100%| E|CS|TAMS 0x000000070fc00000, 0x000000070fc00000| Complete 
| 127|0x000000070fe00000, 0x0000000710000000, 0x0000000710000000|100%| E|CS|TAMS 0x000000070fe00000, 0x000000070fe00000| Complete 

Card table byte_map: [0x000000011b38c000,0x000000011bb8c000] _byte_map_base: 0x0000000117b8c000

Marking Bits (Prev, Next): (CMBitMap*) 0x000000015383ac10, (CMBitMap*) 0x000000015383ac50
 Prev Bits: [0x000000011c38c000, 0x000000012038c000)
 Next Bits: [0x000000012038c000, 0x000000012438c000)

Polling page: 0x00000001028d4000

Metaspace:

Usage:
  Non-class:     17.91 MB used.
      Class:      2.62 MB used.
       Both:     20.54 MB used.

Virtual space:
  Non-class space:       64.00 MB reserved,      18.06 MB ( 28%) committed,  1 nodes.
      Class space:        1.00 GB reserved,       2.75 MB ( <1%) committed,  1 nodes.
             Both:        1.06 GB reserved,      20.81 MB (  2%) committed. 

Chunk freelists:
   Non-Class:  13.86 MB
       Class:  13.29 MB
        Both:  27.15 MB

MaxMetaspaceSize: unlimited
CompressedClassSpaceSize: 1.00 GB
Initial GC threshold: 21.00 MB
Current GC threshold: 21.00 MB
CDS: off
MetaspaceReclaimPolicy: balanced
 - commit_granule_bytes: 65536.
 - commit_granule_words: 8192.
 - virtual_space_node_default_size: 8388608.
 - enlarge_chunks_in_place: 1.
 - new_chunks_are_fully_committed: 0.
 - uncommit_free_chunks: 1.
 - use_allocation_guard: 0.
 - handle_deallocations: 1.


Internal statistics:

num_allocs_failed_limit: 0.
num_arena_births: 148.
num_arena_deaths: 0.
num_vsnodes_births: 2.
num_vsnodes_deaths: 0.
num_space_committed: 333.
num_space_uncommitted: 0.
num_chunks_returned_to_freelist: 0.
num_chunks_taken_from_freelist: 586.
num_chunk_merges: 0.
num_chunk_splits: 409.
num_chunks_enlarged: 325.
num_inconsistent_stats: 0.

CodeHeap 'non-profiled nmethods': size=120032Kb used=598Kb max_used=598Kb free=119433Kb
 bounds [0x0000000113e54000, 0x00000001140c4000, 0x000000011b38c000]
CodeHeap 'profiled nmethods': size=120016Kb used=3424Kb max_used=3424Kb free=116591Kb
 bounds [0x000000010c38c000, 0x000000010c6ec000, 0x00000001138c0000]
CodeHeap 'non-nmethods': size=5712Kb used=1381Kb max_used=1421Kb free=4330Kb
 bounds [0x00000001138c0000, 0x0000000113b30000, 0x0000000113e54000]
 total_blobs=2561 nmethods=1810 adapters=667
 compilation: enabled
              stopped_count=0, restarted_count=0
 full_count=0

Compilation events (20 events):
Event: 6.857 Thread 0x000000012b812000 nmethod 1847 0x0000000113ee6e10 code [0x0000000113ee6f80, 0x0000000113ee7018]
Event: 6.857 Thread 0x000000012b812000 1852       1       com.sun.prism.impl.BaseGraphics::getClipRectIndex (5 bytes)
Event: 6.857 Thread 0x000000012b812000 nmethod 1852 0x0000000113ee7110 code [0x0000000113ee7280, 0x0000000113ee7318]
Event: 6.857 Thread 0x000000012b812000 1851       1       javafx.scene.layout.BackgroundFill::getRadii (5 bytes)
Event: 6.857 Thread 0x000000012b812000 nmethod 1851 0x0000000113ee7410 code [0x0000000113ee7580, 0x0000000113ee7618]
Event: 6.951 Thread 0x000000012b812000 1853       3       com.sun.javafx.scene.control.inputmap.InputMap$Mapping::getInterceptor (11 bytes)
Event: 6.952 Thread 0x000000012b812000 nmethod 1853 0x000000010c6df310 code [0x000000010c6df500, 0x000000010c6df988]
Event: 6.952 Thread 0x000000012b812000 1854       3       com.sun.javafx.scene.control.inputmap.InputMap$KeyMapping::getSpecificity (30 bytes)
Event: 6.952 Thread 0x000000012b812000 nmethod 1854 0x000000010c6dfb10 code [0x000000010c6dfd40, 0x000000010c6e0438]
Event: 6.952 Thread 0x000000012b812000 1855       3       com.sun.javafx.scene.control.inputmap.KeyBinding::getSpecificity (165 bytes)
Event: 6.953 Thread 0x000000012b812000 nmethod 1855 0x000000010c6e0610 code [0x000000010c6e08c0, 0x000000010c6e10d8]
Event: 6.953 Thread 0x000000012b812000 1857       3       com.sun.javafx.scene.layout.RegionHelper::notifyLayoutBoundsChangedImpl (10 bytes)
Event: 6.953 Thread 0x000000012b812000 nmethod 1857 0x000000010c6e1390 code [0x000000010c6e1580, 0x000000010c6e1898]
Event: 6.953 Thread 0x000000012b812000 1856       1       javafx.animation.Animation$AnimationReadOnlyProperty::get (5 bytes)
Event: 6.953 Thread 0x000000012b812000 nmethod 1856 0x0000000113ee7710 code [0x0000000113ee7880, 0x0000000113ee7918]
Event: 6.963 Thread 0x000000012b812000 1858       3       javafx.beans.binding.BooleanExpression::getValue (8 bytes)
Event: 6.963 Thread 0x000000012b00aa00 1859       4       com.sun.javafx.collections.ObservableListWrapper::size (10 bytes)
Event: 6.963 Thread 0x000000012b812000 nmethod 1858 0x000000010c6e1a10 code [0x000000010c6e1c00, 0x000000010c6e1ec8]
Event: 6.963 Thread 0x000000012b812000 1860       1       com.sun.javafx.geom.transform.BaseTransform::getMzt (2 bytes)
Event: 6.963 Thread 0x000000012b812000 nmethod 1860 0x0000000113ee7a10 code [0x0000000113ee7b80, 0x0000000113ee7c58]

GC Heap History (2 events):
Event: 0.491 GC heap before
{Heap before GC invocations=0 (full 0):
 garbage-first heap   total 262144K, used 22528K [0x0000000700000000, 0x0000000800000000)
  region size 2048K, 11 young (22528K), 0 survivors (0K)
 Metaspace       used 13184K, committed 13376K, reserved 1114112K
  class space    used 1409K, committed 1536K, reserved 1048576K
}
Event: 0.492 GC heap after
{Heap after GC invocations=1 (full 0):
 garbage-first heap   total 262144K, used 3343K [0x0000000700000000, 0x0000000800000000)
  region size 2048K, 2 young (4096K), 2 survivors (4096K)
 Metaspace       used 13184K, committed 13376K, reserved 1114112K
  class space    used 1409K, committed 1536K, reserved 1048576K
}

Dll operation events (13 events):
Event: 0.029 Loaded shared library /Library/Java/JavaVirtualMachines/temurin-17.jdk/Contents/Home/lib/libjava.dylib
Event: 0.055 Loaded shared library /Library/Java/JavaVirtualMachines/temurin-17.jdk/Contents/Home/lib/libnio.dylib
Event: 0.082 Loaded shared library /Library/Java/JavaVirtualMachines/temurin-17.jdk/Contents/Home/lib/libzip.dylib
Event: 0.100 Loaded shared library /Library/Java/JavaVirtualMachines/temurin-17.jdk/Contents/Home/lib/libnet.dylib
Event: 0.121 Loaded shared library /Library/Java/JavaVirtualMachines/temurin-17.jdk/Contents/Home/lib/libzip.dylib
Event: 0.121 Loaded shared library /Library/Java/JavaVirtualMachines/temurin-17.jdk/Contents/Home/lib/libinstrument.dylib
Event: 0.187 Loading shared library /Users/junyeopkim/.m2/repository/org/openjfx/javafx-graphics/17.0.1/libprism_es2.dylib failed, dlopen(/Users/junyeopkim/.m2/repository/org/openjfx/javafx-graphics/17.0.1/libprism_es2.dylib, 0x0001): tried: '/Users/junyeopkim/.m2/rep
Event: 0.213 Loaded shared library /Users/junyeopkim/.openjfx/cache/17.0.1/libprism_es2.dylib
Event: 0.310 Loading shared library /Users/junyeopkim/.m2/repository/org/openjfx/javafx-graphics/17.0.1/libglass.dylib failed, dlopen(/Users/junyeopkim/.m2/repository/org/openjfx/javafx-graphics/17.0.1/libglass.dylib, 0x0001): tried: '/Users/junyeopkim/.m2/repository/
Event: 0.317 Loaded shared library /Users/junyeopkim/.openjfx/cache/17.0.1/libglass.dylib
Event: 0.481 Loading shared library /Users/junyeopkim/.m2/repository/org/openjfx/javafx-graphics/17.0.1/libjavafx_font.dylib failed, dlopen(/Users/junyeopkim/.m2/repository/org/openjfx/javafx-graphics/17.0.1/libjavafx_font.dylib, 0x0001): tried: '/Users/junyeopkim/.m2
Event: 0.482 Loaded shared library /Users/junyeopkim/.openjfx/cache/17.0.1/libjavafx_font.dylib
Event: 0.528 Loaded shared library /Library/Java/JavaVirtualMachines/temurin-17.jdk/Contents/Home/lib/libjimage.dylib

Deoptimization events (20 events):
Event: 0.703 Thread 0x000000012692bc00 Uncommon trap: trap_request=0xffffffc6 fr.pc=0x0000000113e9e35c relative=0x000000000000045c
Event: 0.703 Thread 0x000000012692bc00 Uncommon trap: reason=bimorphic_or_optimized_type_check action=maybe_recompile pc=0x0000000113e9e35c method=java.util.concurrent.ConcurrentHashMap.get(Ljava/lang/Object;)Ljava/lang/Object; @ 149 c2
Event: 0.703 Thread 0x000000012692bc00 DEOPT PACKING pc=0x0000000113e9e35c sp=0x000000016d761bc0
Event: 0.703 Thread 0x000000012692bc00 DEOPT UNPACKING pc=0x000000011390791c sp=0x000000016d761b50 mode 2
Event: 0.703 Thread 0x000000012692bc00 Uncommon trap: trap_request=0xffffffc6 fr.pc=0x0000000113e9e35c relative=0x000000000000045c
Event: 0.703 Thread 0x000000012692bc00 Uncommon trap: reason=bimorphic_or_optimized_type_check action=maybe_recompile pc=0x0000000113e9e35c method=java.util.concurrent.ConcurrentHashMap.get(Ljava/lang/Object;)Ljava/lang/Object; @ 149 c2
Event: 0.703 Thread 0x000000012692bc00 DEOPT PACKING pc=0x0000000113e9e35c sp=0x000000016d761bc0
Event: 0.703 Thread 0x000000012692bc00 DEOPT UNPACKING pc=0x000000011390791c sp=0x000000016d761b50 mode 2
Event: 0.703 Thread 0x000000012692bc00 Uncommon trap: trap_request=0xffffffc6 fr.pc=0x0000000113e9e35c relative=0x000000000000045c
Event: 0.703 Thread 0x000000012692bc00 Uncommon trap: reason=bimorphic_or_optimized_type_check action=maybe_recompile pc=0x0000000113e9e35c method=java.util.concurrent.ConcurrentHashMap.get(Ljava/lang/Object;)Ljava/lang/Object; @ 149 c2
Event: 0.703 Thread 0x000000012692bc00 DEOPT PACKING pc=0x0000000113e9e35c sp=0x000000016d761bc0
Event: 0.703 Thread 0x000000012692bc00 DEOPT UNPACKING pc=0x000000011390791c sp=0x000000016d761b50 mode 2
Event: 1.209 Thread 0x0000000153211e00 Uncommon trap: trap_request=0xffffff45 fr.pc=0x0000000113ea9d84 relative=0x0000000000000e04
Event: 1.209 Thread 0x0000000153211e00 Uncommon trap: reason=unstable_if action=reinterpret pc=0x0000000113ea9d84 method=java.util.concurrent.ConcurrentHashMap.putVal(Ljava/lang/Object;Ljava/lang/Object;Z)Ljava/lang/Object; @ 148 c2
Event: 1.209 Thread 0x0000000153211e00 DEOPT PACKING pc=0x0000000113ea9d84 sp=0x00000002899a1860
Event: 1.209 Thread 0x0000000153211e00 DEOPT UNPACKING pc=0x000000011390791c sp=0x00000002899a1770 mode 2
Event: 1.211 Thread 0x0000000153211e00 Uncommon trap: trap_request=0xffffff45 fr.pc=0x0000000113e670b8 relative=0x00000000000000f8
Event: 1.211 Thread 0x0000000153211e00 Uncommon trap: reason=unstable_if action=reinterpret pc=0x0000000113e670b8 method=java.lang.StringLatin1.lastIndexOf([BI[BII)I @ 86 c2
Event: 1.211 Thread 0x0000000153211e00 DEOPT PACKING pc=0x0000000113e670b8 sp=0x00000002899a1860
Event: 1.211 Thread 0x0000000153211e00 DEOPT UNPACKING pc=0x000000011390791c sp=0x00000002899a17c0 mode 2

Classes unloaded (0 events):
No events

Classes redefined (0 events):
No events

Internal exceptions (20 events):
Event: 0.444 Thread 0x00000001538b2c00 Exception <a 'java/lang/NoSuchMethodError'{0x000000070f1585a0}: 'void java.lang.invoke.DirectMethodHandle$Holder.invokeStatic(java.lang.Object, java.lang.Object, java.lang.Object, java.lang.Object)'> (0x000000070f1585a0) 
thrown [src/hotspot/share/interpreter/linkResolver.cpp, line 759]
Event: 0.468 Thread 0x000000012692bc00 Exception <a 'java/lang/NoSuchMethodError'{0x000000070eceed00}: 'java.lang.Object java.lang.invoke.DirectMethodHandle$Holder.invokeStaticInit(java.lang.Object, java.lang.Object, java.lang.Object, java.lang.Object)'> (0x000000070eceed00) 
thrown [src/hotspot/share/interpreter/linkResolver.cpp, line 759]
Event: 0.468 Thread 0x000000012692bc00 Exception <a 'java/lang/NullPointerException'{0x000000070ecfaf48}> (0x000000070ecfaf48) 
thrown [src/hotspot/share/interpreter/linkResolver.cpp, line 1350]
Event: 0.509 Thread 0x000000012692bc00 Exception <a 'java/lang/NoSuchMethodError'{0x000000070fcf5b40}: 'void java.lang.invoke.DirectMethodHandle$Holder.invokeStaticInit(java.lang.Object, java.lang.Object)'> (0x000000070fcf5b40) 
thrown [src/hotspot/share/interpreter/linkResolver.cpp, line 759]
Event: 0.512 Thread 0x000000012692bc00 Exception <a 'java/lang/NoSuchMethodError'{0x000000070fd56f08}: 'void java.lang.invoke.DirectMethodHandle$Holder.invokeSpecial(java.lang.Object, java.lang.Object, java.lang.Object, java.lang.Object, java.lang.Object)'> (0x000000070fd56f08) 
thrown [src/hotspot/share/interpreter/linkResolver.cpp, line 759]
Event: 0.529 Thread 0x000000012692bc00 Exception <a 'sun/nio/fs/UnixException'{0x000000070fbe9c60}> (0x000000070fbe9c60) 
thrown [src/hotspot/share/prims/jni.cpp, line 516]
Event: 0.541 Thread 0x000000012692bc00 Implicit null exception at 0x0000000113e99900 to 0x0000000113e99dbc
Event: 0.541 Thread 0x000000012692bc00 Implicit null exception at 0x0000000113e95ec4 to 0x0000000113e96208
Event: 0.644 Thread 0x000000012692bc00 Exception <a 'java/lang/NoSuchMethodError'{0x000000070f2f40b0}: 'java.lang.Object java.lang.invoke.DirectMethodHandle$Holder.invokeInterface(java.lang.Object, java.lang.Object, java.lang.Object)'> (0x000000070f2f40b0) 
thrown [src/hotspot/share/interpreter/linkResolver.cpp, line 759]
Event: 0.644 Thread 0x000000012692bc00 Exception <a 'java/lang/IncompatibleClassChangeError'{0x000000070f2f7a38}: Found class java.lang.Object, but interface was expected> (0x000000070f2f7a38) 
thrown [src/hotspot/share/interpreter/linkResolver.cpp, line 826]
Event: 0.660 Thread 0x000000012692bc00 Exception <a 'java/lang/ClassNotFoundException'{0x000000070f115af8}: com/sun/javafx/scene/control/skin/resources/controls> (0x000000070f115af8) 
thrown [src/hotspot/share/prims/jni.cpp, line 535]
Event: 0.661 Thread 0x000000012692bc00 Exception <a 'java/lang/ClassNotFoundException'{0x000000070f123a98}: com/sun/javafx/scene/control/skin/resources/controls_en> (0x000000070f123a98) 
thrown [src/hotspot/share/prims/jni.cpp, line 535]
Event: 0.661 Thread 0x000000012692bc00 Exception <a 'java/lang/ClassNotFoundException'{0x000000070f124a30}: com/sun/javafx/scene/control/skin/resources/controls_en_US> (0x000000070f124a30) 
thrown [src/hotspot/share/prims/jni.cpp, line 535]
Event: 0.675 Thread 0x000000012692bc00 Exception <a 'java/lang/NoSuchMethodError'{0x000000070eedffe8}: 'void java.lang.invoke.DirectMethodHandle$Holder.invokeSpecial(java.lang.Object, java.lang.Object, java.lang.Object, java.lang.Object, java.lang.Object, java.lang.Object)'> (0x000000070eedffe8) 
thrown [src/hotspot/share/interpreter/linkResolver.cpp, line 759]
Event: 0.708 Thread 0x000000012692bc00 Exception <a 'java/lang/NoSuchMethodError'{0x000000070ea956a8}: 'java.lang.Object java.lang.invoke.DirectMethodHandle$Holder.newInvokeSpecial(java.lang.Object, java.lang.Object, int)'> (0x000000070ea956a8) 
thrown [src/hotspot/share/interpreter/linkResolver.cpp, line 759]
Event: 0.746 Thread 0x000000012f08be00 Exception <a 'java/lang/NoSuchMethodError'{0x000000070e415828}: 'int java.lang.invoke.DirectMethodHandle$Holder.invokeStaticInit(java.lang.Object, java.lang.Object)'> (0x000000070e415828) 
thrown [src/hotspot/share/interpreter/linkResolver.cpp, line 759]
Event: 0.753 Thread 0x000000012692bc00 Exception <a 'java/lang/NoSuchMethodError'{0x000000070eae7930}: 'long java.lang.invoke.DirectMethodHandle$Holder.invokeStatic(java.lang.Object, java.lang.Object, java.lang.Object)'> (0x000000070eae7930) 
thrown [src/hotspot/share/interpreter/linkResolver.cpp, line 759]
Event: 0.753 Thread 0x000000012692bc00 Exception <a 'java/lang/NoSuchMethodError'{0x000000070eaeb0d8}: 'long java.lang.invoke.DirectMethodHandle$Holder.invokeStaticInit(java.lang.Object, java.lang.Object, java.lang.Object)'> (0x000000070eaeb0d8) 
thrown [src/hotspot/share/interpreter/linkResolver.cpp, line 759]
Event: 0.754 Thread 0x000000012692bc00 Exception <a 'java/lang/NoSuchMethodError'{0x000000070e4dd788}: 'java.lang.Object java.lang.invoke.DirectMethodHandle$Holder.newInvokeSpecial(java.lang.Object, java.lang.Object, long)'> (0x000000070e4dd788) 
thrown [src/hotspot/share/interpreter/linkResolver.cpp, line 759]
Event: 0.754 Thread 0x000000012692bc00 Exception <a 'java/lang/NoSuchMethodError'{0x000000070e4e1050}: 'java.lang.Object java.lang.invoke.Invokers$Holder.linkToTargetMethod(java.lang.Object, long, java.lang.Object)'> (0x000000070e4e1050) 
thrown [src/hotspot/share/interpreter/linkResolver.cpp, line 759]

VM Operations (20 events):
Event: 0.486 Executing VM operation: HandshakeAllThreads
Event: 0.486 Executing VM operation: HandshakeAllThreads done
Event: 0.490 Executing VM operation: G1CollectForAllocation
Event: 0.492 Executing VM operation: G1CollectForAllocation done
Event: 0.546 Executing VM operation: ICBufferFull
Event: 0.546 Executing VM operation: ICBufferFull done
Event: 0.638 Executing VM operation: HandshakeAllThreads
Event: 0.638 Executing VM operation: HandshakeAllThreads done
Event: 0.693 Executing VM operation: ICBufferFull
Event: 0.693 Executing VM operation: ICBufferFull done
Event: 2.103 Executing VM operation: Cleanup
Event: 2.103 Executing VM operation: Cleanup done
Event: 3.108 Executing VM operation: Cleanup
Event: 3.108 Executing VM operation: Cleanup done
Event: 4.113 Executing VM operation: Cleanup
Event: 4.113 Executing VM operation: Cleanup done
Event: 5.116 Executing VM operation: Cleanup
Event: 5.116 Executing VM operation: Cleanup done
Event: 6.119 Executing VM operation: Cleanup
Event: 6.120 Executing VM operation: Cleanup done

Events (20 events):
Event: 5.586 loading class sun/text/resources/BreakIteratorInfo
Event: 5.586 loading class java/util/ListResourceBundle
Event: 5.586 loading class java/util/ListResourceBundle done
Event: 5.586 loading class sun/text/resources/BreakIteratorInfo done
Event: 5.586 loading class sun/text/resources/BreakIteratorResources
Event: 5.586 loading class sun/util/resources/BreakIteratorResourceBundle
Event: 5.586 loading class sun/util/resources/BreakIteratorResourceBundle done
Event: 5.586 loading class sun/text/resources/BreakIteratorResources done
Event: 5.586 loading class sun/text/resources/BreakIteratorResources_en
Event: 5.586 loading class sun/text/resources/BreakIteratorResources_en done
Event: 5.586 loading class sun/text/resources/BreakIteratorResources_en_US
Event: 5.586 loading class sun/text/resources/BreakIteratorResources_en_US done
Event: 5.587 loading class sun/text/RuleBasedBreakIterator
Event: 5.587 loading class sun/text/RuleBasedBreakIterator done
Event: 5.588 loading class sun/text/CompactByteArray
Event: 5.588 loading class sun/text/CompactByteArray done
Event: 5.589 loading class sun/text/SupplementaryCharacterData
Event: 5.589 loading class sun/text/SupplementaryCharacterData done
Event: 5.589 loading class java/text/BreakIterator$BreakIteratorCache
Event: 5.589 loading class java/text/BreakIterator$BreakIteratorCache done


Dynamic libraries:
0x00000001026cc000 	/Library/Java/JavaVirtualMachines/temurin-17.jdk/Contents/Home/lib/libjli.dylib
0x0000000190734000 	/usr/lib/libz.1.dylib
0x00000001907eb000 	/usr/lib/libSystem.B.dylib
0x00000001907e5000 	/usr/lib/system/libcache.dylib
0x00000001907a3000 	/usr/lib/system/libcommonCrypto.dylib
0x00000001907cc000 	/usr/lib/system/libcompiler_rt.dylib
0x00000001907c3000 	/usr/lib/system/libcopyfile.dylib
0x0000000185a2b000 	/usr/lib/system/libcorecrypto.dylib
0x0000000185ade000 	/usr/lib/system/libdispatch.dylib
0x0000000185cac000 	/usr/lib/system/libdyld.dylib
0x00000001907db000 	/usr/lib/system/libkeymgr.dylib
0x000000019077e000 	/usr/lib/system/libmacho.dylib
0x000000018fe73000 	/usr/lib/system/libquarantine.dylib
0x00000001907d8000 	/usr/lib/system/libremovefile.dylib
0x000000018ae14000 	/usr/lib/system/libsystem_asl.dylib
0x00000001859cd000 	/usr/lib/system/libsystem_blocks.dylib
0x0000000185b66000 	/usr/lib/system/libsystem_c.dylib
0x00000001907d0000 	/usr/lib/system/libsystem_collections.dylib
0x000000018f301000 	/usr/lib/system/libsystem_configuration.dylib
0x000000018e55d000 	/usr/lib/system/libsystem_containermanager.dylib
0x00000001904e0000 	/usr/lib/system/libsystem_coreservices.dylib
0x00000001883d4000 	/usr/lib/system/libsystem_darwin.dylib
0x00000001907dc000 	/usr/lib/system/libsystem_dnssd.dylib
0x0000000185b63000 	/usr/lib/system/libsystem_featureflags.dylib
0x0000000185cc1000 	/usr/lib/system/libsystem_info.dylib
0x0000000190746000 	/usr/lib/system/libsystem_m.dylib
0x0000000185ab3000 	/usr/lib/system/libsystem_malloc.dylib
0x000000018ada3000 	/usr/lib/system/libsystem_networkextension.dylib
0x000000018882d000 	/usr/lib/system/libsystem_notify.dylib
0x0000000196b29000 	/usr/lib/system/libsystem_product_info_filter.dylib
0x000000018f306000 	/usr/lib/system/libsystem_sandbox.dylib
0x00000001907d5000 	/usr/lib/system/libsystem_secinit.dylib
0x0000000185c67000 	/usr/lib/system/libsystem_kernel.dylib
0x0000000185cb9000 	/usr/lib/system/libsystem_platform.dylib
0x0000000185c9f000 	/usr/lib/system/libsystem_pthread.dylib
0x000000018c56c000 	/usr/lib/system/libsystem_symptoms.dylib
0x0000000185a11000 	/usr/lib/system/libsystem_trace.dylib
0x00000001907b0000 	/usr/lib/system/libunwind.dylib
0x00000001859cf000 	/usr/lib/system/libxpc.dylib
0x0000000185c4f000 	/usr/lib/libc++abi.dylib
0x0000000185b25000 	/usr/lib/libobjc.A.dylib
0x00000001907bb000 	/usr/lib/liboah.dylib
0x0000000185be8000 	/usr/lib/libc++.1.dylib
0x000000019c642000 	/System/Library/Frameworks/Cocoa.framework/Versions/A/Cocoa
0x000000018888e000 	/System/Library/Frameworks/AppKit.framework/Versions/C/AppKit
0x000000018bd94000 	/System/Library/Frameworks/CoreData.framework/Versions/A/CoreData
0x0000000186be9000 	/System/Library/Frameworks/Foundation.framework/Versions/C/Foundation
0x0000000189746000 	/System/Library/PrivateFrameworks/UIFoundation.framework/Versions/A/UIFoundation
0x0000000196823000 	/System/Library/PrivateFrameworks/RemoteViewServices.framework/Versions/A/RemoteViewServices
0x000000018eca9000 	/System/Library/PrivateFrameworks/XCTTargetBootstrap.framework/Versions/A/XCTTargetBootstrap
0x0000000192527000 	/System/Library/PrivateFrameworks/InternationalSupport.framework/Versions/A/InternationalSupport
0x00000001925b0000 	/System/Library/PrivateFrameworks/UserActivity.framework/Versions/A/UserActivity
0x0000000191a22000 	/usr/lib/libspindump.dylib
0x00000001899b7000 	/System/Library/Frameworks/UniformTypeIdentifiers.framework/Versions/A/UniformTypeIdentifiers
0x000000018d1f4000 	/usr/lib/libapp_launch_measurement.dylib
0x000000018c71e000 	/System/Library/PrivateFrameworks/CoreAnalytics.framework/Versions/A/CoreAnalytics
0x000000018d1f7000 	/System/Library/PrivateFrameworks/CoreAutoLayout.framework/Versions/A/CoreAutoLayout
0x000000018e59a000 	/System/Library/Frameworks/Metal.framework/Versions/A/Metal
0x000000018f311000 	/usr/lib/liblangid.dylib
0x000000018ecae000 	/System/Library/PrivateFrameworks/CoreSVG.framework/Versions/A/CoreSVG
0x000000018ae48000 	/System/Library/PrivateFrameworks/SkyLight.framework/Versions/A/SkyLight
0x000000018b21d000 	/System/Library/Frameworks/CoreGraphics.framework/Versions/A/CoreGraphics
0x0000000196eef000 	/System/Library/Frameworks/Accelerate.framework/Versions/A/Accelerate
0x0000000191499000 	/System/Library/PrivateFrameworks/IconServices.framework/Versions/A/IconServices
0x000000018e57c000 	/System/Library/Frameworks/IOSurface.framework/Versions/A/IOSurface
0x000000018c74f000 	/usr/lib/libDiagnosticMessagesClient.dylib
0x000000019a3f0000 	/System/Library/Frameworks/ApplicationServices.framework/Versions/A/ApplicationServices
0x000000018ec91000 	/System/Library/PrivateFrameworks/DFRFoundation.framework/Versions/A/DFRFoundation
0x000000018811e000 	/usr/lib/libicucore.A.dylib
0x00000001933d3000 	/System/Library/Frameworks/AudioToolbox.framework/Versions/A/AudioToolbox
0x0000000192533000 	/System/Library/PrivateFrameworks/DataDetectorsCore.framework/Versions/A/DataDetectorsCore
0x00000001a8e73000 	/System/Library/PrivateFrameworks/TextInput.framework/Versions/A/TextInput
0x000000018adbd000 	/usr/lib/libMobileGestalt.dylib
0x000000018e95d000 	/System/Library/Frameworks/Carbon.framework/Versions/A/Frameworks/HIToolbox.framework/Versions/A/HIToolbox
0x000000018cbd0000 	/System/Library/Frameworks/QuartzCore.framework/Versions/A/QuartzCore
0x0000000187da1000 	/System/Library/Frameworks/Security.framework/Versions/A/Security
0x0000000196863000 	/System/Library/Frameworks/Carbon.framework/Versions/A/Frameworks/SpeechRecognition.framework/Versions/A/SpeechRecognition
0x000000018cf4a000 	/System/Library/PrivateFrameworks/CoreUI.framework/Versions/A/CoreUI
0x000000018767e000 	/System/Library/Frameworks/CoreAudio.framework/Versions/A/CoreAudio
0x000000018c844000 	/System/Library/Frameworks/DiskArbitration.framework/Versions/A/DiskArbitration
0x0000000191e2c000 	/System/Library/PrivateFrameworks/MultitouchSupport.framework/Versions/A/MultitouchSupport
0x000000018adbb000 	/usr/lib/libenergytrace.dylib
0x0000000188756000 	/System/Library/Frameworks/IOKit.framework/Versions/A/IOKit
0x0000000196c52000 	/System/Library/Frameworks/CoreServices.framework/Versions/A/CoreServices
0x000000018d184000 	/System/Library/PrivateFrameworks/PerformanceAnalysis.framework/Versions/A/PerformanceAnalysis
0x00000001e715b000 	/System/Library/Frameworks/OpenGL.framework/Versions/A/OpenGL
0x000000018fd8b000 	/System/Library/PrivateFrameworks/MobileKeyBag.framework/Versions/A/MobileKeyBag
0x000000018b82a000 	/System/Library/Frameworks/ColorSync.framework/Versions/A/ColorSync
0x0000000185cee000 	/System/Library/Frameworks/CoreFoundation.framework/Versions/A/CoreFoundation
0x000000018ef2d000 	/System/Library/Frameworks/CoreImage.framework/Versions/A/CoreImage
0x00000001874a2000 	/System/Library/Frameworks/CoreText.framework/Versions/A/CoreText
0x000000018ecde000 	/System/Library/Frameworks/ImageIO.framework/Versions/A/ImageIO
0x00000001907f1000 	/System/Library/PrivateFrameworks/SoftLinking.framework/Versions/A/SoftLinking
0x000000018d242000 	/usr/lib/libxml2.2.dylib
0x0000000190a8a000 	/usr/lib/libcompression.dylib
0x0000000192483000 	/System/Library/PrivateFrameworks/TextureIO.framework/Versions/A/TextureIO
0x00000001911b2000 	/usr/lib/libate.dylib
0x0000000191077000 	/usr/lib/liblzma.5.dylib
0x00000001868dd000 	/System/Library/Frameworks/SystemConfiguration.framework/Versions/A/SystemConfiguration
0x00000001907ed000 	/usr/lib/libfakelink.dylib
0x000000018a8ef000 	/System/Library/Frameworks/CFNetwork.framework/Versions/A/CFNetwork
0x0000000190933000 	/usr/lib/libarchive.2.dylib
0x000000018f30d000 	/System/Library/PrivateFrameworks/AppleSystemInfo.framework/Versions/A/AppleSystemInfo
0x000000018fe9e000 	/usr/lib/libbsm.0.dylib
0x0000000189e60000 	/usr/lib/libnetwork.dylib
0x0000000190787000 	/usr/lib/system/libkxld.dylib
0x000000018fab1000 	/System/Library/PrivateFrameworks/IOMobileFramebuffer.framework/Versions/A/IOMobileFramebuffer
0x0000000204a87000 	/usr/lib/libCoreEntitlements.dylib
0x00000001904c2000 	/System/Library/PrivateFrameworks/AppleFSCompression.framework/Versions/A/AppleFSCompression
0x000000018fe86000 	/usr/lib/libcoretls.dylib
0x0000000191090000 	/usr/lib/libcoretls_cfhelpers.dylib
0x0000000190a85000 	/usr/lib/libpam.2.dylib
0x000000018c183000 	/usr/lib/libsqlite3.dylib
0x00000001910f9000 	/usr/lib/libxar.1.dylib
0x00000001904d3000 	/usr/lib/libbz2.1.0.dylib
0x00000001907f2000 	/usr/lib/libpcap.A.dylib
0x000000018c563000 	/usr/lib/libdns_services.dylib
0x0000000190a58000 	/usr/lib/libapple_nghttp2.dylib
0x000000019082f000 	/usr/lib/libiconv.2.dylib
0x000000019077d000 	/usr/lib/libcharset.1.dylib
0x000000018d1c0000 	/System/Library/Frameworks/CoreServices.framework/Versions/A/Frameworks/FSEvents.framework/Versions/A/FSEvents
0x00000001883df000 	/System/Library/Frameworks/CoreServices.framework/Versions/A/Frameworks/CarbonCore.framework/Versions/A/CarbonCore
0x000000018c7a4000 	/System/Library/Frameworks/CoreServices.framework/Versions/A/Frameworks/Metadata.framework/Versions/A/Metadata
0x00000001904e6000 	/System/Library/Frameworks/CoreServices.framework/Versions/A/Frameworks/OSServices.framework/Versions/A/OSServices
0x00000001909b9000 	/System/Library/Frameworks/CoreServices.framework/Versions/A/Frameworks/SearchKit.framework/Versions/A/SearchKit
0x000000018c4f2000 	/System/Library/Frameworks/CoreServices.framework/Versions/A/Frameworks/AE.framework/Versions/A/AE
0x0000000186234000 	/System/Library/Frameworks/CoreServices.framework/Versions/A/Frameworks/LaunchServices.framework/Versions/A/LaunchServices
0x0000000191020000 	/System/Library/Frameworks/CoreServices.framework/Versions/A/Frameworks/DictionaryServices.framework/Versions/A/DictionaryServices
0x000000018d1cd000 	/System/Library/Frameworks/CoreServices.framework/Versions/A/Frameworks/SharedFileList.framework/Versions/A/SharedFileList
0x000000018fe76000 	/usr/lib/libCheckFix.dylib
0x000000018ae2c000 	/System/Library/PrivateFrameworks/TCC.framework/Versions/A/TCC
0x000000018f313000 	/System/Library/PrivateFrameworks/CoreNLP.framework/Versions/A/CoreNLP
0x000000018c752000 	/System/Library/PrivateFrameworks/MetadataUtilities.framework/Versions/A/MetadataUtilities
0x0000000186996000 	/usr/lib/libmecabra.dylib
0x000000018feaf000 	/usr/lib/libmecab.dylib
0x0000000186962000 	/usr/lib/libCRFSuite.dylib
0x000000018ff0c000 	/usr/lib/libgermantok.dylib
0x0000000190a31000 	/usr/lib/libThaiTokenizer.dylib
0x000000018c84c000 	/System/Library/Frameworks/Accelerate.framework/Versions/A/Frameworks/vImage.framework/Versions/A/vImage
0x0000000196c29000 	/System/Library/Frameworks/Accelerate.framework/Versions/A/Frameworks/vecLib.framework/Versions/A/vecLib
0x000000019113e000 	/System/Library/Frameworks/Accelerate.framework/Versions/A/Frameworks/vecLib.framework/Versions/A/libvMisc.dylib
0x000000018f9b8000 	/System/Library/Frameworks/Accelerate.framework/Versions/A/Frameworks/vecLib.framework/Versions/A/libvDSP.dylib
0x00000001865bd000 	/System/Library/Frameworks/Accelerate.framework/Versions/A/Frameworks/vecLib.framework/Versions/A/libBLAS.dylib
0x0000000190b5b000 	/System/Library/Frameworks/Accelerate.framework/Versions/A/Frameworks/vecLib.framework/Versions/A/libLAPACK.dylib
0x000000018ff0f000 	/System/Library/Frameworks/Accelerate.framework/Versions/A/Frameworks/vecLib.framework/Versions/A/libLinearAlgebra.dylib
0x0000000190a70000 	/System/Library/Frameworks/Accelerate.framework/Versions/A/Frameworks/vecLib.framework/Versions/A/libSparseBLAS.dylib
0x0000000190b56000 	/System/Library/Frameworks/Accelerate.framework/Versions/A/Frameworks/vecLib.framework/Versions/A/libQuadrature.dylib
0x000000018f40c000 	/System/Library/Frameworks/Accelerate.framework/Versions/A/Frameworks/vecLib.framework/Versions/A/libBNNS.dylib
0x000000018687b000 	/System/Library/Frameworks/Accelerate.framework/Versions/A/Frameworks/vecLib.framework/Versions/A/libSparse.dylib
0x000000018f404000 	/System/Library/PrivateFrameworks/LinguisticData.framework/Versions/A/LinguisticData
0x0000000186833000 	/System/Library/PrivateFrameworks/Lexicon.framework/Versions/A/Lexicon
0x0000000191136000 	/usr/lib/libChineseTokenizer.dylib
0x0000000186fda000 	/System/Library/PrivateFrameworks/LanguageModeling.framework/Versions/A/LanguageModeling
0x0000000190a33000 	/System/Library/PrivateFrameworks/AppleSauce.framework/Versions/A/AppleSauce
0x000000018fa9e000 	/System/Library/PrivateFrameworks/CoreEmoji.framework/Versions/A/CoreEmoji
0x0000000190921000 	/usr/lib/libcmph.dylib
0x000000018d1a0000 	/System/Library/Frameworks/OpenDirectory.framework/Versions/A/Frameworks/CFOpenDirectory.framework/Versions/A/CFOpenDirectory
0x000000018d190000 	/System/Library/Frameworks/OpenDirectory.framework/Versions/A/OpenDirectory
0x0000000191092000 	/System/Library/PrivateFrameworks/APFS.framework/Versions/A/APFS
0x000000018fdc6000 	/System/Library/Frameworks/SecurityFoundation.framework/Versions/A/SecurityFoundation
0x0000000191108000 	/usr/lib/libutil.dylib
0x0000000188718000 	/System/Library/PrivateFrameworks/CoreServicesStore.framework/Versions/A/CoreServicesStore
0x000000019110c000 	/usr/lib/libxslt.1.dylib
0x000000018fe5a000 	/System/Library/PrivateFrameworks/BackgroundTaskManagement.framework/Versions/A/BackgroundTaskManagement
0x00000001923a4000 	/System/Library/Frameworks/ImageIO.framework/Versions/A/Resources/libRadiance.dylib
0x00000001923ad000 	/System/Library/Frameworks/ImageIO.framework/Versions/A/Resources/libJPEG.dylib
0x0000000192300000 	/System/Library/Frameworks/ImageIO.framework/Versions/A/Resources/libPng.dylib
0x0000000192322000 	/System/Library/Frameworks/ImageIO.framework/Versions/A/Resources/libTIFF.dylib
0x0000000192408000 	/System/Library/Frameworks/ImageIO.framework/Versions/A/Resources/libGIF.dylib
0x0000000191d3c000 	/System/Library/Frameworks/ImageIO.framework/Versions/A/Resources/libJP2.dylib
0x000000019145e000 	/usr/lib/libexpat.1.dylib
0x0000000191cf7000 	/System/Library/PrivateFrameworks/AppleJPEG.framework/Versions/A/AppleJPEG
0x000000018e819000 	/System/Library/PrivateFrameworks/FontServices.framework/libFontParser.dylib
0x000000018c497000 	/System/Library/PrivateFrameworks/RunningBoardServices.framework/Versions/A/RunningBoardServices
0x000000019cd15000 	/System/Library/PrivateFrameworks/IOSurfaceAccelerator.framework/Versions/A/IOSurfaceAccelerator
0x0000000191e28000 	/System/Library/PrivateFrameworks/WatchdogClient.framework/Versions/A/WatchdogClient
0x00000001870de000 	/System/Library/Frameworks/CoreDisplay.framework/Versions/A/CoreDisplay
0x000000018e703000 	/System/Library/Frameworks/CoreMedia.framework/Versions/A/CoreMedia
0x000000018e590000 	/System/Library/PrivateFrameworks/IOAccelerator.framework/Versions/A/IOAccelerator
0x000000018d330000 	/System/Library/Frameworks/CoreVideo.framework/Versions/A/CoreVideo
0x0000000190a83000 	/System/Library/Frameworks/MetalPerformanceShaders.framework/Versions/A/MetalPerformanceShaders
0x0000000191e67000 	/System/Library/Frameworks/VideoToolbox.framework/Versions/A/VideoToolbox
0x000000018c3db000 	/System/Library/PrivateFrameworks/BaseBoard.framework/Versions/A/BaseBoard
0x000000018c169000 	/System/Library/PrivateFrameworks/ProtocolBuffer.framework/Versions/A/ProtocolBuffer
0x000000019239f000 	/System/Library/PrivateFrameworks/GPUWrangler.framework/Versions/A/GPUWrangler
0x000000019237f000 	/System/Library/PrivateFrameworks/IOPresentment.framework/Versions/A/IOPresentment
0x00000001923a7000 	/System/Library/PrivateFrameworks/DSExternalDisplay.framework/Versions/A/DSExternalDisplay
0x00000001e714e000 	/System/Library/Frameworks/OpenGL.framework/Versions/A/Libraries/libCoreFSCache.dylib
0x00000001f160d000 	/System/Library/PrivateFrameworks/GPUCompiler.framework/Versions/31001/Libraries/libGPUCompilerUtils.dylib
0x000000019240d000 	/System/Library/PrivateFrameworks/CMCaptureCore.framework/Versions/A/CMCaptureCore
0x0000000191a0f000 	/System/Library/PrivateFrameworks/AppServerSupport.framework/Versions/A/AppServerSupport
0x0000000193c90000 	/System/Library/PrivateFrameworks/perfdata.framework/Versions/A/perfdata
0x00000001871fe000 	/System/Library/PrivateFrameworks/AudioToolboxCore.framework/Versions/A/AudioToolboxCore
0x000000018e6dc000 	/System/Library/PrivateFrameworks/caulk.framework/Versions/A/caulk
0x0000000193585000 	/usr/lib/libAudioStatistics.dylib
0x00000001a54da000 	/System/Library/PrivateFrameworks/SystemPolicy.framework/Versions/A/SystemPolicy
0x00000001937f1000 	/usr/lib/libSMC.dylib
0x000000019c524000 	/System/Library/Frameworks/CoreMIDI.framework/Versions/A/CoreMIDI
0x00000001922ce000 	/usr/lib/libAudioToolboxUtility.dylib
0x00000001a15a7000 	/System/Library/PrivateFrameworks/OSAServicesClient.framework/Versions/A/OSAServicesClient
0x0000000193c9d000 	/usr/lib/libperfcheck.dylib
0x00000001a5ff2000 	/usr/lib/libmis.dylib
0x00000001e71b0000 	/System/Library/Frameworks/OpenGL.framework/Versions/A/Libraries/libGLU.dylib
0x00000001e716f000 	/System/Library/Frameworks/OpenGL.framework/Versions/A/Libraries/libGFXShared.dylib
0x00000001e735c000 	/System/Library/Frameworks/OpenGL.framework/Versions/A/Libraries/libGL.dylib
0x00000001e7178000 	/System/Library/Frameworks/OpenGL.framework/Versions/A/Libraries/libGLImage.dylib
0x00000001e716c000 	/System/Library/Frameworks/OpenGL.framework/Versions/A/Libraries/libCVMSPluginSupport.dylib
0x00000001e7155000 	/System/Library/Frameworks/OpenGL.framework/Versions/A/Libraries/libCoreVMClient.dylib
0x000000018f28d000 	/System/Library/Frameworks/MetalPerformanceShaders.framework/Versions/A/Frameworks/MPSCore.framework/Versions/A/MPSCore
0x0000000190435000 	/System/Library/Frameworks/MetalPerformanceShaders.framework/Versions/A/Frameworks/MPSImage.framework/Versions/A/MPSImage
0x000000018ff24000 	/System/Library/Frameworks/MetalPerformanceShaders.framework/Versions/A/Frameworks/MPSNeuralNetwork.framework/Versions/A/MPSNeuralNetwork
0x000000019035d000 	/System/Library/Frameworks/MetalPerformanceShaders.framework/Versions/A/Frameworks/MPSMatrix.framework/Versions/A/MPSMatrix
0x0000000190136000 	/System/Library/Frameworks/MetalPerformanceShaders.framework/Versions/A/Frameworks/MPSRayIntersector.framework/Versions/A/MPSRayIntersector
0x000000019038e000 	/System/Library/Frameworks/MetalPerformanceShaders.framework/Versions/A/Frameworks/MPSNDArray.framework/Versions/A/MPSNDArray
0x00000001e92c7000 	/System/Library/Frameworks/MetalPerformanceShaders.framework/Versions/A/Frameworks/MPSFunctions.framework/Versions/A/MPSFunctions
0x0000000186494000 	/System/Library/PrivateFrameworks/MetalTools.framework/Versions/A/MetalTools
0x000000018f30b000 	/System/Library/PrivateFrameworks/AggregateDictionary.framework/Versions/A/AggregateDictionary
0x0000000191243000 	/usr/lib/libIOReport.dylib
0x000000019b542000 	/System/Library/PrivateFrameworks/ASEProcessing.framework/Versions/A/ASEProcessing
0x00000001915b8000 	/System/Library/PrivateFrameworks/FaceCore.framework/Versions/A/FaceCore
0x00000001915aa000 	/System/Library/PrivateFrameworks/GraphVisualizer.framework/Versions/A/GraphVisualizer
0x00000001f1524000 	/System/Library/PrivateFrameworks/FontServices.framework/Versions/A/FontServices
0x00000001919cb000 	/System/Library/PrivateFrameworks/OTSVG.framework/Versions/A/OTSVG
0x000000018cefa000 	/System/Library/Frameworks/ApplicationServices.framework/Versions/A/Frameworks/ATS.framework/Versions/A/Resources/libFontRegistry.dylib
0x0000000191a18000 	/System/Library/PrivateFrameworks/FontServices.framework/libhvf.dylib
0x00000001f1525000 	/System/Library/PrivateFrameworks/FontServices.framework/libXTFontStaticRegistryData.dylib
0x00000001e74fd000 	/System/Library/Frameworks/OpenCL.framework/Versions/A/OpenCL
0x0000000191412000 	/System/Library/PrivateFrameworks/AppleVA.framework/Versions/A/AppleVA
0x00000001935ad000 	/System/Library/Frameworks/ApplicationServices.framework/Versions/A/Frameworks/ATS.framework/Versions/A/ATS
0x000000018b927000 	/System/Library/Frameworks/ApplicationServices.framework/Versions/A/Frameworks/HIServices.framework/Versions/A/HIServices
0x0000000192417000 	/System/Library/Frameworks/ApplicationServices.framework/Versions/A/Frameworks/PrintCore.framework/Versions/A/PrintCore
0x0000000193944000 	/System/Library/Frameworks/ApplicationServices.framework/Versions/A/Frameworks/QD.framework/Versions/A/QD
0x000000019393c000 	/System/Library/Frameworks/ApplicationServices.framework/Versions/A/Frameworks/ColorSyncLegacy.framework/Versions/A/ColorSyncLegacy
0x0000000193599000 	/System/Library/Frameworks/ApplicationServices.framework/Versions/A/Frameworks/SpeechSynthesis.framework/Versions/A/SpeechSynthesis
0x00000001923d8000 	/System/Library/Frameworks/ApplicationServices.framework/Versions/A/Frameworks/ATSUI.framework/Versions/A/ATSUI
0x00000001938d1000 	/usr/lib/libcups.2.dylib
0x0000000193cab000 	/System/Library/Frameworks/Kerberos.framework/Versions/A/Kerberos
0x0000000193cbc000 	/System/Library/Frameworks/GSS.framework/Versions/A/GSS
0x000000019361d000 	/usr/lib/libresolv.9.dylib
0x0000000191a27000 	/System/Library/PrivateFrameworks/Heimdal.framework/Versions/A/Heimdal
0x000000019a777000 	/System/Library/Frameworks/Kerberos.framework/Versions/A/Libraries/libHeimdalProxy.dylib
0x000000018c575000 	/System/Library/Frameworks/Network.framework/Versions/A/Network
0x0000000191479000 	/usr/lib/libheimdal-asn1.dylib
0x0000000193d0c000 	/System/Library/PrivateFrameworks/CommonAuth.framework/Versions/A/CommonAuth
0x0000000193513000 	/System/Library/PrivateFrameworks/AudioSession.framework/Versions/A/AudioSession
0x000000019150b000 	/System/Library/PrivateFrameworks/MediaExperience.framework/Versions/A/MediaExperience
0x0000000193399000 	/System/Library/PrivateFrameworks/AudioSession.framework/libSessionUtility.dylib
0x0000000193950000 	/System/Library/PrivateFrameworks/AudioResourceArbitration.framework/Versions/A/AudioResourceArbitration
0x0000000197b06000 	/System/Library/PrivateFrameworks/PowerLog.framework/Versions/A/PowerLog
0x0000000191483000 	/System/Library/PrivateFrameworks/IconFoundation.framework/Versions/A/IconFoundation
0x000000019684f000 	/System/Library/PrivateFrameworks/SpeechRecognitionCore.framework/Versions/A/SpeechRecognitionCore
0x00000001038e0000 	/Library/Java/JavaVirtualMachines/temurin-17.jdk/Contents/Home/lib/server/libjvm.dylib
0x00000001028e8000 	/Library/Java/JavaVirtualMachines/temurin-17.jdk/Contents/Home/lib/libjimage.dylib
0x0000000102918000 	/Library/Java/JavaVirtualMachines/temurin-17.jdk/Contents/Home/lib/libinstrument.dylib
0x0000000102968000 	/Library/Java/JavaVirtualMachines/temurin-17.jdk/Contents/Home/lib/libjava.dylib
0x000000010341c000 	/Library/Java/JavaVirtualMachines/temurin-17.jdk/Contents/Home/lib/libnio.dylib
0x000000010343c000 	/Library/Java/JavaVirtualMachines/temurin-17.jdk/Contents/Home/lib/libnet.dylib
0x000000010294c000 	/Library/Java/JavaVirtualMachines/temurin-17.jdk/Contents/Home/lib/libzip.dylib
0x0000000103460000 	/Users/junyeopkim/.openjfx/cache/17.0.1/libprism_es2.dylib
0x00000001886db000 	/System/Library/PrivateFrameworks/CoreServicesInternal.framework/Versions/A/CoreServicesInternal
0x00000001e7366000 	/System/Library/Frameworks/OpenGL.framework/Versions/A/Resources/GLEngine.bundle/GLEngine
0x00000001e71ee000 	/System/Library/Frameworks/OpenGL.framework/Versions/A/Libraries/libGLProgrammability.dylib
0x00000001264c8000 	/System/Library/Extensions/AppleMetalOpenGLRenderer.bundle/Contents/MacOS/AppleMetalOpenGLRenderer
0x00000001e74d5000 	/System/Library/Frameworks/OpenGL.framework/Versions/A/Resources/GLRendererFloat.bundle/GLRendererFloat
0x00000001e75d5000 	/System/Library/Extensions/AGXMetal13_3.bundle/Contents/MacOS/AGXMetal13_3
0x00000001a600e000 	/System/Library/PrivateFrameworks/GPURawCounter.framework/Versions/A/GPURawCounter
0x00000001a0718000 	/System/Library/PrivateFrameworks/IOGPU.framework/Versions/A/IOGPU
0x00000001263f0000 	/Users/junyeopkim/.openjfx/cache/17.0.1/libglass.dylib
0x0000000197d5e000 	/System/Library/Frameworks/FileProvider.framework/Versions/A/FileProvider
0x000000018c343000 	/System/Library/Frameworks/Accounts.framework/Versions/A/Accounts
0x0000000197ee2000 	/System/Library/PrivateFrameworks/GenerationalStorage.framework/Versions/A/GenerationalStorage
0x0000000198aa5000 	/System/Library/PrivateFrameworks/CoreSymbolication.framework/Versions/A/CoreSymbolication
0x0000000197afa000 	/System/Library/PrivateFrameworks/SymptomDiagnosticReporter.framework/Versions/A/SymptomDiagnosticReporter
0x00000001899cb000 	/System/Library/PrivateFrameworks/DesktopServicesPriv.framework/Versions/A/DesktopServicesPriv
0x000000018883d000 	/usr/lib/libsandbox.1.dylib
0x000000018d3be000 	/System/Library/PrivateFrameworks/UserManagement.framework/Versions/A/UserManagement
0x0000000198a62000 	/System/Library/PrivateFrameworks/DebugSymbols.framework/Versions/A/DebugSymbols
0x000000019392f000 	/System/Library/PrivateFrameworks/NetAuth.framework/Versions/A/NetAuth
0x000000019484d000 	/System/Library/PrivateFrameworks/Sharing.framework/Versions/A/Sharing
0x000000018d38e000 	/System/Library/PrivateFrameworks/login.framework/Versions/A/Frameworks/loginsupport.framework/Versions/A/loginsupport
0x0000000199c97000 	/System/Library/PrivateFrameworks/Apple80211.framework/Versions/A/Apple80211
0x0000000190519000 	/System/Library/PrivateFrameworks/AuthKit.framework/Versions/A/AuthKit
0x000000018fb9a000 	/System/Library/PrivateFrameworks/CoreUtils.framework/Versions/A/CoreUtils
0x000000018fabd000 	/System/Library/Frameworks/CoreWLAN.framework/Versions/A/CoreWLAN
0x00000001949bd000 	/System/Library/Frameworks/IOBluetooth.framework/Versions/A/IOBluetooth
0x0000000199cf7000 	/System/Library/PrivateFrameworks/CoreWiFi.framework/Versions/A/CoreWiFi
0x0000000198642000 	/System/Library/PrivateFrameworks/FrontBoardServices.framework/Versions/A/FrontBoardServices
0x00000001986da000 	/System/Library/PrivateFrameworks/BoardServices.framework/Versions/A/BoardServices
0x000000018fdb4000 	/System/Library/PrivateFrameworks/AssertionServices.framework/Versions/A/AssertionServices
0x0000000199e74000 	/System/Library/PrivateFrameworks/BackBoardServices.framework/Versions/A/BackBoardServices
0x0000000193da3000 	/System/Library/PrivateFrameworks/CorePhoneNumbers.framework/Versions/A/CorePhoneNumbers
0x0000000197c2a000 	/System/Library/PrivateFrameworks/DiskManagement.framework/Versions/A/DiskManagement
0x0000000197b2d000 	/System/Library/PrivateFrameworks/AppleIDAuthSupport.framework/Versions/A/AppleIDAuthSupport
0x00000001ebaee000 	/System/Library/PrivateFrameworks/AAAFoundation.framework/Versions/A/AAAFoundation
0x0000000193d82000 	/System/Library/PrivateFrameworks/KeychainCircle.framework/Versions/A/KeychainCircle
0x0000000197bf6000 	/System/Library/PrivateFrameworks/MediaKit.framework/Versions/A/MediaKit
0x0000000197b3a000 	/System/Library/Frameworks/DiscRecording.framework/Versions/A/DiscRecording
0x000000019138e000 	/usr/lib/libCoreStorage.dylib
0x000000019a171000 	/usr/lib/libcsfde.dylib
0x0000000194a92000 	/System/Library/PrivateFrameworks/ProtectedCloudStorage.framework/Versions/A/ProtectedCloudStorage
0x000000019a169000 	/System/Library/PrivateFrameworks/EFILogin.framework/Versions/A/EFILogin
0x0000000197f09000 	/System/Library/PrivateFrameworks/OctagonTrust.framework/Versions/A/OctagonTrust
0x00000001f06bf000 	/System/Library/PrivateFrameworks/CoreUtilsExtras.framework/Versions/A/CoreUtilsExtras
0x0000000197a5f000 	/System/Library/Frameworks/CoreBluetooth.framework/Versions/A/CoreBluetooth
0x000000019a7fc000 	/System/Library/Frameworks/AudioUnit.framework/Versions/A/AudioUnit
0x0000000191386000 	/usr/lib/libMatch.1.dylib
0x00000001aa4ba000 	/System/Library/Frameworks/Accelerate.framework/Versions/A/Frameworks/vImage.framework/Versions/A/Libraries/libCGInterfaces.dylib
0x000000012eeac000 	/usr/lib/libobjc-trampolines.dylib
0x000000018d088000 	/System/Library/PrivateFrameworks/ViewBridge.framework/Versions/A/ViewBridge
0x0000000191aea000 	/System/Library/PrivateFrameworks/login.framework/Versions/A/login
0x0000000133628000 	/Users/junyeopkim/.openjfx/cache/17.0.1/libjavafx_font.dylib
0x0000000204c05000 	/usr/lib/libRosetta.dylib
0x0000000196f78000 	/System/Library/PrivateFrameworks/SystemAdministration.framework/Versions/A/SystemAdministration
0x000000019261e000 	/System/Library/Frameworks/MediaToolbox.framework/Versions/A/MediaToolbox
0x0000000196817000 	/System/Library/Frameworks/DirectoryService.framework/Versions/A/DirectoryService
0x0000000199ffe000 	/System/Library/PrivateFrameworks/DiskImages.framework/Versions/A/DiskImages
0x000000018fe65000 	/System/Library/Frameworks/ServiceManagement.framework/Versions/A/ServiceManagement
0x000000019a1e7000 	/System/Library/PrivateFrameworks/LoginUIKit.framework/Versions/A/Frameworks/LoginUICore.framework/Versions/A/LoginUICore
0x0000000191ca0000 	/usr/lib/libodfde.dylib
0x0000000197d2a000 	/System/Library/PrivateFrameworks/CoreAVCHD.framework/Versions/A/CoreAVCHD
0x0000000196f3a000 	/System/Library/Frameworks/MediaAccessibility.framework/Versions/A/MediaAccessibility
0x0000000197d26000 	/System/Library/PrivateFrameworks/Mangrove.framework/Versions/A/Mangrove
0x0000000196f47000 	/System/Library/PrivateFrameworks/AlgosScoreFramework.framework/Versions/A/AlgosScoreFramework
0x00000001ed7aa000 	/System/Library/PrivateFrameworks/CMPhoto.framework/Versions/A/CMPhoto
0x0000000197d1a000 	/System/Library/PrivateFrameworks/CoreAUC.framework/Versions/A/CoreAUC
0x000000019a17d000 	/usr/lib/libcurl.4.dylib
0x0000000204fad000 	/usr/lib/libcrypto.46.dylib
0x0000000205452000 	/usr/lib/libssl.48.dylib
0x0000000199e94000 	/System/Library/Frameworks/LDAP.framework/Versions/A/LDAP
0x0000000199ed0000 	/System/Library/PrivateFrameworks/TrustEvaluationAgent.framework/Versions/A/TrustEvaluationAgent
0x0000000193636000 	/usr/lib/libsasl2.2.dylib
0x0000000196f6d000 	/System/Library/PrivateFrameworks/CoreDaemon.framework/Versions/B/CoreDaemon
0x0000000196f67000 	/System/Library/PrivateFrameworks/AppleSRP.framework/Versions/A/AppleSRP


VM Arguments:
jvm_args: -javaagent:/Applications/IntelliJ IDEA CE.app/Contents/lib/idea_rt.jar=65072:/Applications/IntelliJ IDEA CE.app/Contents/bin -Dfile.encoding=UTF-8 --module-path=/Users/junyeopkim/.m2/repository/org/openjfx/javafx-base/17.0.1/javafx-base-17.0.1-mac-aarch64.jar:/Users/junyeopkim/.m2/repository/org/openjfx/javafx-graphics/17.0.1/javafx-graphics-17.0.1-mac-aarch64.jar:/Users/junyeopkim/Desktop/dbp4/airman/target/classes:/Users/junyeopkim/.m2/repository/org/openjfx/javafx-controls/17.0.1/javafx-controls-17.0.1-mac-aarch64.jar:/Users/junyeopkim/.m2/repository/org/openjfx/javafx-fxml/17.0.1/javafx-fxml-17.0.1-mac-aarch64.jar -Djdk.module.main=com.example.airman 
java_command: com.example.airman/com.example.airman.AirlineManagement
java_class_path (initial): /Users/junyeopkim/.m2/repository/org/openjfx/javafx-controls/17.0.1/javafx-controls-17.0.1.jar:/Users/junyeopkim/.m2/repository/org/openjfx/javafx-graphics/17.0.1/javafx-graphics-17.0.1.jar:/Users/junyeopkim/.m2/repository/org/openjfx/javafx-base/17.0.1/javafx-base-17.0.1.jar:/Users/junyeopkim/.m2/repository/org/openjfx/javafx-fxml/17.0.1/javafx-fxml-17.0.1.jar
Launcher Type: SUN_STANDARD

[Global flags]
     intx CICompilerCount                          = 4                                         {product} {ergonomic}
     uint ConcGCThreads                            = 2                                         {product} {ergonomic}
     uint G1ConcRefinementThreads                  = 8                                         {product} {ergonomic}
   size_t G1HeapRegionSize                         = 2097152                                   {product} {ergonomic}
    uintx GCDrainStackTargetSize                   = 64                                        {product} {ergonomic}
   size_t InitialHeapSize                          = 268435456                                 {product} {ergonomic}
   size_t MarkStackSize                            = 4194304                                   {product} {ergonomic}
   size_t MaxHeapSize                              = 4294967296                                {product} {ergonomic}
   size_t MaxNewSize                               = 2575302656                                {product} {ergonomic}
   size_t MinHeapDeltaBytes                        = 2097152                                   {product} {ergonomic}
   size_t MinHeapSize                              = 8388608                                   {product} {ergonomic}
    uintx NonNMethodCodeHeapSize                   = 5839564                                {pd product} {ergonomic}
    uintx NonProfiledCodeHeapSize                  = 122909338                              {pd product} {ergonomic}
    uintx ProfiledCodeHeapSize                     = 122909338                              {pd product} {ergonomic}
    uintx ReservedCodeCacheSize                    = 251658240                              {pd product} {ergonomic}
     bool SegmentedCodeCache                       = true                                      {product} {ergonomic}
   size_t SoftMaxHeapSize                          = 4294967296                             {manageable} {ergonomic}
     bool UseCompressedClassPointers               = true                           {product lp64_product} {ergonomic}
     bool UseCompressedOops                        = true                           {product lp64_product} {ergonomic}
     bool UseG1GC                                  = true                                      {product} {ergonomic}
     bool UseNUMA                                  = false                                     {product} {ergonomic}
     bool UseNUMAInterleaving                      = false                                     {product} {ergonomic}

Logging:
Log output configuration:
 #0: stdout all=warning uptime,level,tags
 #1: stderr all=off uptime,level,tags

Environment Variables:
PATH=/Users/junyeopkim/opt/anaconda3/bin:/Users/junyeopkim/opt/anaconda3/condabin:/Library/Java/JavaVirtualMachines/adoptopenjdk-14.jdk/Contents/Home/bin:/Library/Frameworks/Python.framework/Versions/3.10/bin:/usr/local/bin:/usr/bin:/bin:/usr/sbin:/sbin:/Library/Apple/usr/bin:/Users/junyeopkim/Desktop/flutter/bin:/usr/local/mysql/bin:/usr/local/mysql/bin/
SHELL=/bin/zsh
LC_CTYPE=en_US.UTF-8
TMPDIR=/var/folders/vw/n0ftmj851_x5yy2nx1sp3yqc0000gn/T/

Active Locale:
LC_ALL=C/en_US.UTF-8/C/C/C/C
LC_COLLATE=C
LC_CTYPE=en_US.UTF-8
LC_MESSAGES=C
LC_MONETARY=C
LC_NUMERIC=C
LC_TIME=C

Signal Handlers:
   SIGSEGV: _ZL13crash_handleriP9__siginfoPv in libjvm.dylib, mask=11100110000111110111111111111111, flags=SA_RESTART|SA_SIGINFO, unblocked
    SIGBUS: _ZL13crash_handleriP9__siginfoPv in libjvm.dylib, mask=11100110000111110111111111111111, flags=SA_RESTART|SA_SIGINFO, unblocked
    SIGFPE: _ZL13crash_handleriP9__siginfoPv in libjvm.dylib, mask=11100110000111110111111111111111, flags=SA_RESTART|SA_SIGINFO, unblocked
   SIGPIPE: _ZL17javaSignalHandleriP9__siginfoPv in libjvm.dylib, mask=11100110000111110111111111111111, flags=SA_RESTART|SA_SIGINFO, blocked
   SIGXFSZ: _ZL17javaSignalHandleriP9__siginfoPv in libjvm.dylib, mask=11100110000111110111111111111111, flags=SA_RESTART|SA_SIGINFO, blocked
    SIGILL: _ZL13crash_handleriP9__siginfoPv in libjvm.dylib, mask=11100110000111110111111111111111, flags=SA_RESTART|SA_SIGINFO, unblocked
   SIGUSR2: _ZL10SR_handleriP9__siginfoP17__darwin_ucontext in libjvm.dylib, mask=00100000000000000000000000000000, flags=SA_RESTART|SA_SIGINFO, blocked
    SIGHUP: _ZL11UserHandleriPvS_ in libjvm.dylib, mask=11100110000111110111111111111111, flags=SA_RESTART|SA_SIGINFO, blocked
    SIGINT: _ZL11UserHandleriPvS_ in libjvm.dylib, mask=11100110000111110111111111111111, flags=SA_RESTART|SA_SIGINFO, blocked
   SIGTERM: _ZL11UserHandleriPvS_ in libjvm.dylib, mask=11100110000111110111111111111111, flags=SA_RESTART|SA_SIGINFO, blocked
   SIGQUIT: _ZL11UserHandleriPvS_ in libjvm.dylib, mask=11100110000111110111111111111111, flags=SA_RESTART|SA_SIGINFO, blocked
   SIGTRAP: _ZL13crash_handleriP9__siginfoPv in libjvm.dylib, mask=11100110000111110111111111111111, flags=SA_RESTART|SA_SIGINFO, unblocked


---------------  S Y S T E M  ---------------

OS:
uname: Darwin 21.4.0 Darwin Kernel Version 21.4.0: Fri Mar 18 00:47:26 PDT 2022; root:xnu-8020.101.4~15/RELEASE_ARM64_T8101 arm64
OS uptime: 5 days 1:35 hours
rlimit (soft/hard): STACK 8176k/65520k , CORE 0k/infinity , NPROC 2666/4000 , NOFILE 10240/infinity , AS infinity/infinity , CPU infinity/infinity , DATA infinity/infinity , FSIZE infinity/infinity , MEMLOCK infinity/infinity , RSS infinity/infinity
load average: 6.17 4.27 3.54

CPU: total 8 (initial active 8) 0x61:0x0:0x1b588bb3:0, fp, simd, crc, lse

Memory: 16k page, physical 16777216k(151136k free), swap 0k(0k free)

vm_info: OpenJDK 64-Bit Server VM (17.0.7+7) for bsd-aarch64 JRE (17.0.7+7), built on Apr 18 2023 21:59:39 by "temurin" with clang Apple LLVM 12.0.0 (clang-1200.0.32.29)

END.
